TN:
SF:/home/runner/work/CppUtil/CppUtil/Array/src/Array.hpp
FN:100,117,_ZN7CppUtil5ArrayIcEaSERKS1_
FN:100,117,_ZN7CppUtil5ArrayIiEaSERKS1_
FN:119,122,_ZNK7CppUtil5ArrayIcEcvPcEv
FN:119,122,_ZNK7CppUtil5ArrayIiEcvPiEv
FN:124,127,_ZN7CppUtil5ArrayINSt7__cxx1112basic_stringIcSt11char_traitsIcESaIcEEEED2Ev
FN:124,127,_ZN7CppUtil5ArrayIcED2Ev
FN:124,127,_ZN7CppUtil5ArrayIdED2Ev
FN:124,127,_ZN7CppUtil5ArrayIiED2Ev
FN:124,127,_ZN7CppUtil5ArrayImED2Ev
FN:129,145,_ZN7CppUtil5ArrayINSt7__cxx1112basic_stringIcSt11char_traitsIcESaIcEEEEixEm
FN:129,145,_ZN7CppUtil5ArrayIcEixEm
FN:129,145,_ZN7CppUtil5ArrayIdEixEm
FN:129,145,_ZN7CppUtil5ArrayIiEixEm
FN:129,145,_ZN7CppUtil5ArrayImEixEm
FN:147,163,_ZNK7CppUtil5ArrayINSt7__cxx1112basic_stringIcSt11char_traitsIcESaIcEEEEixEm
FN:147,163,_ZNK7CppUtil5ArrayIcEixEm
FN:147,163,_ZNK7CppUtil5ArrayIdEixEm
FN:147,163,_ZNK7CppUtil5ArrayIiEixEm
FN:147,163,_ZNK7CppUtil5ArrayImEixEm
FN:165,168,_ZNK7CppUtil5ArrayINSt7__cxx1112basic_stringIcSt11char_traitsIcESaIcEEEE7getSizeEv
FN:165,168,_ZNK7CppUtil5ArrayIcE7getSizeEv
FN:165,168,_ZNK7CppUtil5ArrayIdE7getSizeEv
FN:165,168,_ZNK7CppUtil5ArrayIiE7getSizeEv
FN:165,168,_ZNK7CppUtil5ArrayImE7getSizeEv
FN:170,173,_ZNK7CppUtil5ArrayINSt7__cxx1112basic_stringIcSt11char_traitsIcESaIcEEEE7isEmptyEv
FN:170,173,_ZNK7CppUtil5ArrayIcE7isEmptyEv
FN:170,173,_ZNK7CppUtil5ArrayIdE7isEmptyEv
FN:170,173,_ZNK7CppUtil5ArrayIiE7isEmptyEv
FN:170,173,_ZNK7CppUtil5ArrayImE7isEmptyEv
FN:20,23,_ZN7CppUtil5ArrayIiEC2Ev
FN:219,229,_ZNK7CppUtil5ArrayINSt7__cxx1112basic_stringIcSt11char_traitsIcESaIcEEEEeqERKS7_
FN:219,229,_ZNK7CppUtil5ArrayIcEeqERKS1_
FN:219,229,_ZNK7CppUtil5ArrayIdEeqERKS1_
FN:219,229,_ZNK7CppUtil5ArrayIiEeqERKS1_
FN:219,229,_ZNK7CppUtil5ArrayImEeqERKS1_
FN:231,234,_ZNK7CppUtil5ArrayINSt7__cxx1112basic_stringIcSt11char_traitsIcESaIcEEEEneERKS7_
FN:231,234,_ZNK7CppUtil5ArrayIcEneERKS1_
FN:231,234,_ZNK7CppUtil5ArrayIdEneERKS1_
FN:231,234,_ZNK7CppUtil5ArrayIiEneERKS1_
FN:231,234,_ZNK7CppUtil5ArrayImEneERKS1_
FN:236,254,_ZN7CppUtil5ArrayIiE7foreachIZL23CATCH2_INTERNAL_TEST_32vEUlRiE_EEvOKT_
FN:25,34,_ZN7CppUtil5ArrayINSt7__cxx1112basic_stringIcSt11char_traitsIcESaIcEEEEC2Em
FN:25,34,_ZN7CppUtil5ArrayIcEC2Em
FN:25,34,_ZN7CppUtil5ArrayIdEC2Em
FN:25,34,_ZN7CppUtil5ArrayIiEC2Em
FN:25,34,_ZN7CppUtil5ArrayImEC2Em
FN:276,297,_ZN7CppUtil5ArrayIiE3allIZL23CATCH2_INTERNAL_TEST_32vEUlRiE10_EEbOKT_
FN:276,297,_ZN7CppUtil5ArrayIiE3allIZL23CATCH2_INTERNAL_TEST_32vEUlRiE7_EEbOKT_
FN:323,344,_ZN7CppUtil5ArrayIiE3anyIZL23CATCH2_INTERNAL_TEST_32vEUlRiE1_EEbOKT_
FN:323,344,_ZN7CppUtil5ArrayIiE3anyIZL23CATCH2_INTERNAL_TEST_32vEUlRiE4_EEbOKT_
FN:36,54,_ZN7CppUtil5ArrayIcEC2EPKcm
FN:36,54,_ZN7CppUtil5ArrayIiEC2EPKim
FN:374,374,_ZN7CppUtil14ResizableArrayINSt7__cxx1112basic_stringIcSt11char_traitsIcESaIcEEEEC2Em
FN:374,374,_ZN7CppUtil14ResizableArrayIcEC2Em
FN:374,374,_ZN7CppUtil14ResizableArrayIdEC2Em
FN:374,374,_ZN7CppUtil14ResizableArrayIiEC2Em
FN:374,374,_ZN7CppUtil14ResizableArrayImEC2Em
FN:376,376,_ZN7CppUtil14ResizableArrayIcEC2EPKcm
FN:386,414,_ZN7CppUtil14ResizableArrayINSt7__cxx1112basic_stringIcSt11char_traitsIcESaIcEEEE6resizeEm
FN:386,414,_ZN7CppUtil14ResizableArrayIdE6resizeEm
FN:386,414,_ZN7CppUtil14ResizableArrayIiE6resizeEm
FN:386,414,_ZN7CppUtil14ResizableArrayImE6resizeEm
FN:425,448,_ZN7CppUtil14ResizableArrayINSt7__cxx1112basic_stringIcSt11char_traitsIcESaIcEEEE11resizeForceEm
FN:425,448,_ZN7CppUtil14ResizableArrayIdE11resizeForceEm
FN:425,448,_ZN7CppUtil14ResizableArrayIiE11resizeForceEm
FN:425,448,_ZN7CppUtil14ResizableArrayImE11resizeForceEm
FN:460,464,_ZN7CppUtil12DynamicArrayINSt7__cxx1112basic_stringIcSt11char_traitsIcESaIcEEEEC2Ev
FN:460,464,_ZN7CppUtil12DynamicArrayIdEC2Ev
FN:460,464,_ZN7CppUtil12DynamicArrayIiEC2Ev
FN:460,464,_ZN7CppUtil12DynamicArrayImEC2Ev
FN:466,475,_ZN7CppUtil12DynamicArrayIiEC2Em
FN:477,491,_ZN7CppUtil12DynamicArrayIiEC2Emm
FN:493,507,_ZN7CppUtil12DynamicArrayINSt7__cxx1112basic_stringIcSt11char_traitsIcESaIcEEEEixEm
FN:493,507,_ZN7CppUtil12DynamicArrayIdEixEm
FN:493,507,_ZN7CppUtil12DynamicArrayIiEixEm
FN:493,507,_ZN7CppUtil12DynamicArrayImEixEm
FN:525,528,_ZNK7CppUtil12DynamicArrayINSt7__cxx1112basic_stringIcSt11char_traitsIcESaIcEEEE8getCountEv
FN:525,528,_ZNK7CppUtil12DynamicArrayIdE8getCountEv
FN:525,528,_ZNK7CppUtil12DynamicArrayIiE8getCountEv
FN:525,528,_ZNK7CppUtil12DynamicArrayImE8getCountEv
FN:530,533,_ZNK7CppUtil12DynamicArrayINSt7__cxx1112basic_stringIcSt11char_traitsIcESaIcEEEE6getCapEv
FN:530,533,_ZNK7CppUtil12DynamicArrayIdE6getCapEv
FN:530,533,_ZNK7CppUtil12DynamicArrayIiE6getCapEv
FN:530,533,_ZNK7CppUtil12DynamicArrayImE6getCapEv
FN:535,538,_ZNK7CppUtil12DynamicArrayIiE15getResizeFactorEv
FN:540,548,_ZN7CppUtil12DynamicArrayINSt7__cxx1112basic_stringIcSt11char_traitsIcESaIcEEEE3addES6_
FN:540,548,_ZN7CppUtil12DynamicArrayIdE3addEd
FN:540,548,_ZN7CppUtil12DynamicArrayIiE3addEi
FN:540,548,_ZN7CppUtil12DynamicArrayImE3addEm
FN:550,575,_ZN7CppUtil12DynamicArrayINSt7__cxx1112basic_stringIcSt11char_traitsIcESaIcEEEE3addES6_m
FN:550,575,_ZN7CppUtil12DynamicArrayIdE3addEdm
FN:550,575,_ZN7CppUtil12DynamicArrayIiE3addEim
FN:550,575,_ZN7CppUtil12DynamicArrayImE3addEmm
FN:56,66,_ZN7CppUtil5ArrayIiEC2ERKS1_
FN:581,595,_ZN7CppUtil12DynamicArrayINSt7__cxx1112basic_stringIcSt11char_traitsIcESaIcEEEE6removeEv
FN:581,595,_ZN7CppUtil12DynamicArrayIdE6removeEv
FN:581,595,_ZN7CppUtil12DynamicArrayIiE6removeEv
FN:581,595,_ZN7CppUtil12DynamicArrayImE6removeEv
FN:604,633,_ZN7CppUtil12DynamicArrayINSt7__cxx1112basic_stringIcSt11char_traitsIcESaIcEEEE6removeEm
FN:604,633,_ZN7CppUtil12DynamicArrayIdE6removeEm
FN:604,633,_ZN7CppUtil12DynamicArrayIiE6removeEm
FN:604,633,_ZN7CppUtil12DynamicArrayImE6removeEm
FN:637,655,_ZN7CppUtil12DynamicArrayIiE7foreachIRZL23CATCH2_INTERNAL_TEST_19vEUlRiE_EEvmOT_
FN:637,655,_ZN7CppUtil12DynamicArrayIiE7foreachIZL23CATCH2_INTERNAL_TEST_19vEUlRiE0_EEvmOT_
FN:637,655,_ZN7CppUtil12DynamicArrayImE7foreachIRZNS1_7toArrayEvEUlRmmE_EEvmOT_
FN:657,660,_ZN7CppUtil12DynamicArrayIiE7foreachIZL23CATCH2_INTERNAL_TEST_19vEUlRiE_EEvOT_
FN:657,660,_ZN7CppUtil12DynamicArrayImE7foreachIZNS1_7toArrayEvEUlRmmE_EEvOT_
FN:662,683,_ZN7CppUtil12DynamicArrayIiE3anyIZL23CATCH2_INTERNAL_TEST_19vEUlRiE5_EEbOT_
FN:662,683,_ZN7CppUtil12DynamicArrayIiE3anyIZL23CATCH2_INTERNAL_TEST_19vEUlRiE8_EEbOT_
FN:685,706,_ZN7CppUtil12DynamicArrayIiE3allIZL23CATCH2_INTERNAL_TEST_19vEUlRiE2_EEbOT_
FN:685,706,_ZN7CppUtil12DynamicArrayIiE3allIZL23CATCH2_INTERNAL_TEST_19vEUlRimE0_EEbOT_
FN:708,713,_ZN7CppUtil12DynamicArrayImE7toArrayEv
FN:711,711,_ZZN7CppUtil12DynamicArrayImE7toArrayEvENKUlRmmE_clES2_m
FN:721,733,_ZNK7CppUtil5ArrayIiE4findERKi
FNDA:3,_ZN7CppUtil5ArrayIcEaSERKS1_
FNDA:4,_ZN7CppUtil5ArrayIiEaSERKS1_
FNDA:0,_ZNK7CppUtil5ArrayIcEcvPcEv
FNDA:1,_ZNK7CppUtil5ArrayIiEcvPiEv
FNDA:4,_ZN7CppUtil5ArrayINSt7__cxx1112basic_stringIcSt11char_traitsIcESaIcEEEED2Ev
FNDA:63,_ZN7CppUtil5ArrayIcED2Ev
FNDA:1,_ZN7CppUtil5ArrayIdED2Ev
FNDA:58,_ZN7CppUtil5ArrayIiED2Ev
FNDA:31,_ZN7CppUtil5ArrayImED2Ev
FNDA:107,_ZN7CppUtil5ArrayINSt7__cxx1112basic_stringIcSt11char_traitsIcESaIcEEEEixEm
FNDA:125,_ZN7CppUtil5ArrayIcEixEm
FNDA:6,_ZN7CppUtil5ArrayIdEixEm
FNDA:138224,_ZN7CppUtil5ArrayIiEixEm
FNDA:51837,_ZN7CppUtil5ArrayImEixEm
FNDA:0,_ZNK7CppUtil5ArrayINSt7__cxx1112basic_stringIcSt11char_traitsIcESaIcEEEEixEm
FNDA:399,_ZNK7CppUtil5ArrayIcEixEm
FNDA:0,_ZNK7CppUtil5ArrayIdEixEm
FNDA:126,_ZNK7CppUtil5ArrayIiEixEm
FNDA:0,_ZNK7CppUtil5ArrayImEixEm
FNDA:17,_ZNK7CppUtil5ArrayINSt7__cxx1112basic_stringIcSt11char_traitsIcESaIcEEEE7getSizeEv
FNDA:16,_ZNK7CppUtil5ArrayIcE7getSizeEv
FNDA:3,_ZNK7CppUtil5ArrayIdE7getSizeEv
FNDA:60078,_ZNK7CppUtil5ArrayIiE7getSizeEv
FNDA:10037,_ZNK7CppUtil5ArrayImE7getSizeEv
FNDA:0,_ZNK7CppUtil5ArrayINSt7__cxx1112basic_stringIcSt11char_traitsIcESaIcEEEE7isEmptyEv
FNDA:0,_ZNK7CppUtil5ArrayIcE7isEmptyEv
FNDA:0,_ZNK7CppUtil5ArrayIdE7isEmptyEv
FNDA:2,_ZNK7CppUtil5ArrayIiE7isEmptyEv
FNDA:1,_ZNK7CppUtil5ArrayImE7isEmptyEv
FNDA:2,_ZN7CppUtil5ArrayIiEC2Ev
FNDA:0,_ZNK7CppUtil5ArrayINSt7__cxx1112basic_stringIcSt11char_traitsIcESaIcEEEEeqERKS7_
FNDA:0,_ZNK7CppUtil5ArrayIcEeqERKS1_
FNDA:0,_ZNK7CppUtil5ArrayIdEeqERKS1_
FNDA:7,_ZNK7CppUtil5ArrayIiEeqERKS1_
FNDA:0,_ZNK7CppUtil5ArrayImEeqERKS1_
FNDA:0,_ZNK7CppUtil5ArrayINSt7__cxx1112basic_stringIcSt11char_traitsIcESaIcEEEEneERKS7_
FNDA:0,_ZNK7CppUtil5ArrayIcEneERKS1_
FNDA:0,_ZNK7CppUtil5ArrayIdEneERKS1_
FNDA:3,_ZNK7CppUtil5ArrayIiEneERKS1_
FNDA:0,_ZNK7CppUtil5ArrayImEneERKS1_
FNDA:1,_ZN7CppUtil5ArrayIiE7foreachIZL23CATCH2_INTERNAL_TEST_32vEUlRiE_EEvOKT_
FNDA:4,_ZN7CppUtil5ArrayINSt7__cxx1112basic_stringIcSt11char_traitsIcESaIcEEEEC2Em
FNDA:13,_ZN7CppUtil5ArrayIcEC2Em
FNDA:1,_ZN7CppUtil5ArrayIdEC2Em
FNDA:50,_ZN7CppUtil5ArrayIiEC2Em
FNDA:31,_ZN7CppUtil5ArrayImEC2Em
FNDA:1,_ZN7CppUtil5ArrayIiE3allIZL23CATCH2_INTERNAL_TEST_32vEUlRiE10_EEbOKT_
FNDA:1,_ZN7CppUtil5ArrayIiE3allIZL23CATCH2_INTERNAL_TEST_32vEUlRiE7_EEbOKT_
FNDA:1,_ZN7CppUtil5ArrayIiE3anyIZL23CATCH2_INTERNAL_TEST_32vEUlRiE1_EEbOKT_
FNDA:1,_ZN7CppUtil5ArrayIiE3anyIZL23CATCH2_INTERNAL_TEST_32vEUlRiE4_EEbOKT_
FNDA:50,_ZN7CppUtil5ArrayIcEC2EPKcm
FNDA:5,_ZN7CppUtil5ArrayIiEC2EPKim
FNDA:4,_ZN7CppUtil14ResizableArrayINSt7__cxx1112basic_stringIcSt11char_traitsIcESaIcEEEEC2Em
FNDA:13,_ZN7CppUtil14ResizableArrayIcEC2Em
FNDA:1,_ZN7CppUtil14ResizableArrayIdEC2Em
FNDA:24,_ZN7CppUtil14ResizableArrayIiEC2Em
FNDA:17,_ZN7CppUtil14ResizableArrayImEC2Em
FNDA:50,_ZN7CppUtil14ResizableArrayIcEC2EPKcm
FNDA:4,_ZN7CppUtil14ResizableArrayINSt7__cxx1112basic_stringIcSt11char_traitsIcESaIcEEEE6resizeEm
FNDA:1,_ZN7CppUtil14ResizableArrayIdE6resizeEm
FNDA:83,_ZN7CppUtil14ResizableArrayIiE6resizeEm
FNDA:16,_ZN7CppUtil14ResizableArrayImE6resizeEm
FNDA:0,_ZN7CppUtil14ResizableArrayINSt7__cxx1112basic_stringIcSt11char_traitsIcESaIcEEEE11resizeForceEm
FNDA:0,_ZN7CppUtil14ResizableArrayIdE11resizeForceEm
FNDA:4,_ZN7CppUtil14ResizableArrayIiE11resizeForceEm
FNDA:0,_ZN7CppUtil14ResizableArrayImE11resizeForceEm
FNDA:4,_ZN7CppUtil12DynamicArrayINSt7__cxx1112basic_stringIcSt11char_traitsIcESaIcEEEEC2Ev
FNDA:1,_ZN7CppUtil12DynamicArrayIdEC2Ev
FNDA:11,_ZN7CppUtil12DynamicArrayIiEC2Ev
FNDA:17,_ZN7CppUtil12DynamicArrayImEC2Ev
FNDA:6,_ZN7CppUtil12DynamicArrayIiEC2Em
FNDA:1,_ZN7CppUtil12DynamicArrayIiEC2Emm
FNDA:84,_ZN7CppUtil12DynamicArrayINSt7__cxx1112basic_stringIcSt11char_traitsIcESaIcEEEEixEm
FNDA:3,_ZN7CppUtil12DynamicArrayIdEixEm
FNDA:78018,_ZN7CppUtil12DynamicArrayIiEixEm
FNDA:10019,_ZN7CppUtil12DynamicArrayImEixEm
FNDA:89,_ZNK7CppUtil12DynamicArrayINSt7__cxx1112basic_stringIcSt11char_traitsIcESaIcEEEE8getCountEv
FNDA:0,_ZNK7CppUtil12DynamicArrayIdE8getCountEv
FNDA:58012,_ZNK7CppUtil12DynamicArrayIiE8getCountEv
FNDA:70,_ZNK7CppUtil12DynamicArrayImE8getCountEv
FNDA:17,_ZNK7CppUtil12DynamicArrayINSt7__cxx1112basic_stringIcSt11char_traitsIcESaIcEEEE6getCapEv
FNDA:3,_ZNK7CppUtil12DynamicArrayIdE6getCapEv
FNDA:60043,_ZNK7CppUtil12DynamicArrayIiE6getCapEv
FNDA:10031,_ZNK7CppUtil12DynamicArrayImE6getCapEv
FNDA:1,_ZNK7CppUtil12DynamicArrayIiE15getResizeFactorEv
FNDA:15,_ZN7CppUtil12DynamicArrayINSt7__cxx1112basic_stringIcSt11char_traitsIcESaIcEEEE3addES6_
FNDA:3,_ZN7CppUtil12DynamicArrayIdE3addEd
FNDA:60029,_ZN7CppUtil12DynamicArrayIiE3addEi
FNDA:10028,_ZN7CppUtil12DynamicArrayImE3addEm
FNDA:0,_ZN7CppUtil12DynamicArrayINSt7__cxx1112basic_stringIcSt11char_traitsIcESaIcEEEE3addES6_m
FNDA:0,_ZN7CppUtil12DynamicArrayIdE3addEdm
FNDA:0,_ZN7CppUtil12DynamicArrayIiE3addEim
FNDA:1,_ZN7CppUtil12DynamicArrayImE3addEmm
FNDA:5,_ZN7CppUtil5ArrayIiEC2ERKS1_
FNDA:0,_ZN7CppUtil12DynamicArrayINSt7__cxx1112basic_stringIcSt11char_traitsIcESaIcEEEE6removeEv
FNDA:0,_ZN7CppUtil12DynamicArrayIdE6removeEv
FNDA:7,_ZN7CppUtil12DynamicArrayIiE6removeEv
FNDA:0,_ZN7CppUtil12DynamicArrayImE6removeEv
FNDA:2,_ZN7CppUtil12DynamicArrayINSt7__cxx1112basic_stringIcSt11char_traitsIcESaIcEEEE6removeEm
FNDA:0,_ZN7CppUtil12DynamicArrayIdE6removeEm
FNDA:2,_ZN7CppUtil12DynamicArrayIiE6removeEm
FNDA:0,_ZN7CppUtil12DynamicArrayImE6removeEm
FNDA:1,_ZN7CppUtil12DynamicArrayIiE7foreachIRZL23CATCH2_INTERNAL_TEST_19vEUlRiE_EEvmOT_
FNDA:1,_ZN7CppUtil12DynamicArrayIiE7foreachIZL23CATCH2_INTERNAL_TEST_19vEUlRiE0_EEvmOT_
FNDA:14,_ZN7CppUtil12DynamicArrayImE7foreachIRZNS1_7toArrayEvEUlRmmE_EEvmOT_
FNDA:1,_ZN7CppUtil12DynamicArrayIiE7foreachIZL23CATCH2_INTERNAL_TEST_19vEUlRiE_EEvOT_
FNDA:14,_ZN7CppUtil12DynamicArrayImE7foreachIZNS1_7toArrayEvEUlRmmE_EEvOT_
FNDA:1,_ZN7CppUtil12DynamicArrayIiE3anyIZL23CATCH2_INTERNAL_TEST_19vEUlRiE5_EEbOT_
FNDA:1,_ZN7CppUtil12DynamicArrayIiE3anyIZL23CATCH2_INTERNAL_TEST_19vEUlRiE8_EEbOT_
FNDA:1,_ZN7CppUtil12DynamicArrayIiE3allIZL23CATCH2_INTERNAL_TEST_19vEUlRiE2_EEbOT_
FNDA:1,_ZN7CppUtil12DynamicArrayIiE3allIZL23CATCH2_INTERNAL_TEST_19vEUlRimE0_EEbOT_
FNDA:14,_ZN7CppUtil12DynamicArrayImE7toArrayEv
FNDA:16,_ZZN7CppUtil12DynamicArrayImE7toArrayEvENKUlRmmE_clES2_m
FNDA:14,_ZNK7CppUtil5ArrayIiE4findERKi
FNF:114
FNH:87
DA:20,2
DA:21,2
DA:22,2
DA:23,2
DA:25,99
DA:26,99
DA:27,99
DA:29,2
DA:32,661
DA:33,97
DA:34,97
DA:36,55
DA:37,55
DA:38,55
DA:40,1
DA:43,54
DA:45,1
DA:48,663
DA:49,663
DA:51,610
DA:53,53
DA:54,53
DA:56,5
DA:57,5
DA:58,36
DA:60,36
DA:62,31
DA:65,5
DA:66,5
DA:100,7
DA:102,7
DA:104,7
DA:106,36
DA:107,36
DA:109,29
DA:112,7
DA:113,7
DA:116,7
DA:119,1
DA:121,1
DA:124,157
DA:126,173
DA:127,157
DA:129,190299
DA:136,190299
DA:138,190296
DA:142,3
DA:147,525
DA:154,525
DA:156,523
DA:160,4
DA:161,2
DA:165,70151
DA:167,70151
DA:170,3
DA:172,3
DA:219,7
DA:221,7
DA:222,0
DA:224,31
DA:225,27
DA:226,3
DA:228,4
DA:231,3
DA:233,3
DA:236,1
DA:238,6
DA:242,5
DA:254,1
DA:276,2
DA:278,11
DA:282,10
DA:283,1
DA:296,1
DA:323,2
DA:325,11
DA:329,10
DA:330,1
DA:343,1
DA:374,59
DA:376,50
DA:386,104
DA:388,104
DA:390,1
DA:393,103
DA:395,229511
DA:396,114806
DA:398,114705
DA:400,109
DA:401,101
DA:403,101
DA:405,2
DA:407,1
DA:411,1
DA:425,4
DA:427,4
DA:429,0
DA:432,4
DA:434,0
DA:438,11
DA:439,11
DA:441,7
DA:443,4
DA:445,4
DA:446,4
DA:460,33
DA:462,33
DA:463,33
DA:464,33
DA:466,6
DA:468,6
DA:470,0
DA:473,6
DA:474,6
DA:475,6
DA:477,1
DA:479,1
DA:481,0
DA:484,1
DA:486,0
DA:489,1
DA:490,1
DA:491,1
DA:493,88124
DA:495,88124
DA:497,0
DA:500,88124
DA:502,3
DA:506,88121
DA:525,58171
DA:527,58171
DA:530,70094
DA:532,70094
DA:535,1
DA:537,1
DA:540,70075
DA:542,70075
DA:544,100
DA:547,70075
DA:548,70075
DA:550,1
DA:552,1
DA:554,0
DA:557,1
DA:559,0
DA:563,1
DA:565,0
DA:568,15884
DA:570,15883
DA:573,1
DA:574,1
DA:575,1
DA:581,7
DA:583,7
DA:585,6
DA:586,6
DA:588,2
DA:593,1
DA:595,6
DA:604,4
DA:606,4
DA:608,0
DA:611,4
DA:613,1
DA:616,3
DA:618,0
DA:622,3
DA:624,9
DA:626,6
DA:629,3
DA:631,0
DA:633,3
DA:637,16
DA:639,16
DA:640,1
DA:642,15
DA:643,0
DA:645,18031
DA:648,18000
DA:650,16
DA:657,15
DA:659,15
DA:660,15
DA:662,2
DA:664,20001
DA:668,20000
DA:669,1
DA:682,1
DA:685,2
DA:687,20001
DA:691,10000
DA:692,1
DA:696,10000
DA:697,0
DA:705,1
DA:708,14
DA:710,14
DA:711,30
DA:712,14
DA:713,0
DA:721,14
DA:723,14
DA:724,84
DA:726,70
DA:728,16
DA:732,28
DA:733,14
LF:207
LH:191
end_of_record
TN:
SF:/home/runner/work/CppUtil/CppUtil/Async/src/Async.hpp
FN:102,106,_ZN7CppUtil6FutureIiE8setThrowENSt15__exception_ptr13exception_ptrE
FN:115,115,_ZN7CppUtil6FutureIvEC2Ev
FN:117,120,_ZN7CppUtil6FutureIvE9asPromiseEv
FN:122,126,_ZN7CppUtil6FutureIvE6finishEv
FN:128,132,_ZN7CppUtil6FutureIvE8setThrowENSt15__exception_ptr13exception_ptrE
FN:138,158,_ZN7CppUtil5Async6_asyncIiPFiiiEJSt5tupleIJiiEEEEEvNS_6FutureIT_EET0_DpT1_
FN:138,158,_ZN7CppUtil5Async6_asyncIiZL22CATCH2_INTERNAL_TEST_0vEUlvE1_JSt5tupleIJEEEEEvNS_6FutureIT_EET0_DpT1_
FN:138,158,_ZN7CppUtil5Async6_asyncIiZZL22CATCH2_INTERNAL_TEST_0vENKUlvE0_clEvEUlvE_JSt5tupleIJEEEEEvNS_6FutureIT_EET0_DpT1_
FN:138,158,_ZN7CppUtil5Async6_asyncIiZZL22CATCH2_INTERNAL_TEST_0vENKUlvE_clEvEUlvE_JSt5tupleIJEEEEEvNS_6FutureIT_EET0_DpT1_
FN:138,158,_ZN7CppUtil5Async6_asyncIvPFviEJSt5tupleIJiEEEEEvNS_6FutureIT_EET0_DpT1_
FN:161,178,_ZN7CppUtil5Async5asyncIiRFiiiEJRiS4_EEENS_7PromiseIT_EEOT0_DpOT1_
FN:161,178,_ZN7CppUtil5Async5asyncIiZL22CATCH2_INTERNAL_TEST_0vEUlvE1_JEEENS_7PromiseIT_EEOT0_DpOT1_
FN:161,178,_ZN7CppUtil5Async5asyncIiZZL22CATCH2_INTERNAL_TEST_0vENKUlvE0_clEvEUlvE_JEEENS_7PromiseIT_EEOT0_DpOT1_
FN:161,178,_ZN7CppUtil5Async5asyncIiZZL22CATCH2_INTERNAL_TEST_0vENKUlvE_clEvEUlvE_JEEENS_7PromiseIT_EEOT0_DpOT1_
FN:161,178,_ZN7CppUtil5Async5asyncIvRFviEJRiEEENS_7PromiseIT_EEOT0_DpOT1_
FN:174,174,_ZZN7CppUtil5Async5asyncIiRFiiiEJRiS4_EEENS_7PromiseIT_EEOT0_DpOT1_ENUlvE_clEv
FN:174,174,_ZZN7CppUtil5Async5asyncIiZL22CATCH2_INTERNAL_TEST_0vEUlvE1_JEEENS_7PromiseIT_EEOT0_DpOT1_ENUlvE_clEv
FN:174,174,_ZZN7CppUtil5Async5asyncIiZZL22CATCH2_INTERNAL_TEST_0vENKUlvE0_clEvEUlvE_JEEENS_7PromiseIT_EEOT0_DpOT1_ENUlvE_clEv
FN:174,174,_ZZN7CppUtil5Async5asyncIiZZL22CATCH2_INTERNAL_TEST_0vENKUlvE_clEvEUlvE_JEEENS_7PromiseIT_EEOT0_DpOT1_ENUlvE_clEv
FN:174,174,_ZZN7CppUtil5Async5asyncIvRFviEJRiEEENS_7PromiseIT_EEOT0_DpOT1_ENUlvE_clEv
FN:31,31,_ZN7CppUtil7PromiseIiEC2ESt10shared_ptrINS_10AsyncStateEES2_IiE
FN:33,36,_ZN7CppUtil7PromiseIiE10isFinishedEv
FN:38,45,_ZN7CppUtil7PromiseIiE3getEv
FN:41,41,_ZZN7CppUtil7PromiseIiE3getEvENKUlvE_clEv
FN:59,59,_ZN7CppUtil7PromiseIvEC2ESt10shared_ptrINS_10AsyncStateEE
FN:66,73,_ZN7CppUtil7PromiseIvE3getEv
FN:69,69,_ZZN7CppUtil7PromiseIvE3getEvENKUlvE_clEv
FN:84,84,_ZN7CppUtil6FutureIiEC2Ev
FN:86,89,_ZN7CppUtil6FutureIiE9asPromiseEv
FN:91,94,_ZN7CppUtil6FutureIiE8setValueEi
FN:96,100,_ZN7CppUtil6FutureIiE6finishEv
FNDA:1,_ZN7CppUtil6FutureIiE8setThrowENSt15__exception_ptr13exception_ptrE
FNDA:1,_ZN7CppUtil6FutureIvEC2Ev
FNDA:1,_ZN7CppUtil6FutureIvE9asPromiseEv
FNDA:1,_ZN7CppUtil6FutureIvE6finishEv
FNDA:0,_ZN7CppUtil6FutureIvE8setThrowENSt15__exception_ptr13exception_ptrE
FNDA:2,_ZN7CppUtil5Async6_asyncIiPFiiiEJSt5tupleIJiiEEEEEvNS_6FutureIT_EET0_DpT1_
FNDA:1,_ZN7CppUtil5Async6_asyncIiZL22CATCH2_INTERNAL_TEST_0vEUlvE1_JSt5tupleIJEEEEEvNS_6FutureIT_EET0_DpT1_
FNDA:1,_ZN7CppUtil5Async6_asyncIiZZL22CATCH2_INTERNAL_TEST_0vENKUlvE0_clEvEUlvE_JSt5tupleIJEEEEEvNS_6FutureIT_EET0_DpT1_
FNDA:1,_ZN7CppUtil5Async6_asyncIiZZL22CATCH2_INTERNAL_TEST_0vENKUlvE_clEvEUlvE_JSt5tupleIJEEEEEvNS_6FutureIT_EET0_DpT1_
FNDA:1,_ZN7CppUtil5Async6_asyncIvPFviEJSt5tupleIJiEEEEEvNS_6FutureIT_EET0_DpT1_
FNDA:2,_ZN7CppUtil5Async5asyncIiRFiiiEJRiS4_EEENS_7PromiseIT_EEOT0_DpOT1_
FNDA:1,_ZN7CppUtil5Async5asyncIiZL22CATCH2_INTERNAL_TEST_0vEUlvE1_JEEENS_7PromiseIT_EEOT0_DpOT1_
FNDA:1,_ZN7CppUtil5Async5asyncIiZZL22CATCH2_INTERNAL_TEST_0vENKUlvE0_clEvEUlvE_JEEENS_7PromiseIT_EEOT0_DpOT1_
FNDA:1,_ZN7CppUtil5Async5asyncIiZZL22CATCH2_INTERNAL_TEST_0vENKUlvE_clEvEUlvE_JEEENS_7PromiseIT_EEOT0_DpOT1_
FNDA:1,_ZN7CppUtil5Async5asyncIvRFviEJRiEEENS_7PromiseIT_EEOT0_DpOT1_
FNDA:2,_ZZN7CppUtil5Async5asyncIiRFiiiEJRiS4_EEENS_7PromiseIT_EEOT0_DpOT1_ENUlvE_clEv
FNDA:1,_ZZN7CppUtil5Async5asyncIiZL22CATCH2_INTERNAL_TEST_0vEUlvE1_JEEENS_7PromiseIT_EEOT0_DpOT1_ENUlvE_clEv
FNDA:1,_ZZN7CppUtil5Async5asyncIiZZL22CATCH2_INTERNAL_TEST_0vENKUlvE0_clEvEUlvE_JEEENS_7PromiseIT_EEOT0_DpOT1_ENUlvE_clEv
FNDA:1,_ZZN7CppUtil5Async5asyncIiZZL22CATCH2_INTERNAL_TEST_0vENKUlvE_clEvEUlvE_JEEENS_7PromiseIT_EEOT0_DpOT1_ENUlvE_clEv
FNDA:1,_ZZN7CppUtil5Async5asyncIvRFviEJRiEEENS_7PromiseIT_EEOT0_DpOT1_ENUlvE_clEv
FNDA:5,_ZN7CppUtil7PromiseIiEC2ESt10shared_ptrINS_10AsyncStateEES2_IiE
FNDA:6,_ZN7CppUtil7PromiseIiE10isFinishedEv
FNDA:5,_ZN7CppUtil7PromiseIiE3getEv
FNDA:8,_ZZN7CppUtil7PromiseIiE3getEvENKUlvE_clEv
FNDA:1,_ZN7CppUtil7PromiseIvEC2ESt10shared_ptrINS_10AsyncStateEE
FNDA:1,_ZN7CppUtil7PromiseIvE3getEv
FNDA:2,_ZZN7CppUtil7PromiseIvE3getEvENKUlvE_clEv
FNDA:5,_ZN7CppUtil6FutureIiEC2Ev
FNDA:5,_ZN7CppUtil6FutureIiE9asPromiseEv
FNDA:4,_ZN7CppUtil6FutureIiE8setValueEi
FNDA:5,_ZN7CppUtil6FutureIiE6finishEv
FNF:31
FNH:30
DA:31,5
DA:33,6
DA:35,6
DA:38,5
DA:40,5
DA:41,13
DA:42,5
DA:43,2
DA:44,8
DA:45,5
DA:59,1
DA:66,1
DA:68,1
DA:69,3
DA:70,1
DA:71,0
DA:72,2
DA:73,1
DA:84,5
DA:86,5
DA:88,5
DA:91,4
DA:93,4
DA:94,4
DA:96,5
DA:98,5
DA:99,5
DA:100,5
DA:102,1
DA:104,1
DA:105,1
DA:106,1
DA:115,1
DA:117,1
DA:119,1
DA:122,1
DA:124,1
DA:125,1
DA:126,1
DA:128,0
DA:130,0
DA:131,0
DA:132,0
DA:138,6
DA:145,1
DA:149,5
DA:150,4
DA:153,1
DA:155,1
DA:157,6
DA:158,6
DA:161,6
DA:166,6
DA:171,6
DA:172,3
DA:174,24
DA:175,6
DA:176,6
DA:177,12
DA:178,6
LF:60
LH:55
end_of_record
TN:
SF:/home/runner/work/CppUtil/CppUtil/Exception/src/Exception.hpp
FN:10,10,_ZN7CppUtil9not_foundC2ENSt7__cxx1112basic_stringIcSt11char_traitsIcESaIcEEE
FNDA:6,_ZN7CppUtil9not_foundC2ENSt7__cxx1112basic_stringIcSt11char_traitsIcESaIcEEE
FNF:1
FNH:1
DA:10,6
LF:1
LH:1
end_of_record
TN:
SF:/home/runner/work/CppUtil/CppUtil/Iteration/src/Iteration.hpp
FN:46,46,_ZN7CppUtil8IteratorIP17IterationListTestEC2ES2_
FN:46,46,_ZN7CppUtil8IteratorIiEC2Ei
FN:48,51,_ZNK7CppUtil8IteratorIP17IterationListTestEdeEv
FN:48,51,_ZNK7CppUtil8IteratorIiEdeEv
FN:53,68,_ZN7CppUtil8IteratorIP17IterationListTestEppEv
FN:53,68,_ZN7CppUtil8IteratorIiEppEv
FN:70,73,_ZNK7CppUtil8IteratorIP17IterationListTestEneERKS3_
FN:70,73,_ZNK7CppUtil8IteratorIiEneERKS1_
FNDA:2,_ZN7CppUtil8IteratorIP17IterationListTestEC2ES2_
FNDA:2,_ZN7CppUtil8IteratorIiEC2Ei
FNDA:5,_ZNK7CppUtil8IteratorIP17IterationListTestEdeEv
FNDA:10,_ZNK7CppUtil8IteratorIiEdeEv
FNDA:5,_ZN7CppUtil8IteratorIP17IterationListTestEppEv
FNDA:10,_ZN7CppUtil8IteratorIiEppEv
FNDA:6,_ZNK7CppUtil8IteratorIP17IterationListTestEneERKS3_
FNDA:11,_ZNK7CppUtil8IteratorIiEneERKS1_
FNF:8
FNH:8
DA:46,4
DA:48,15
DA:50,15
DA:53,15
DA:59,5
DA:65,10
DA:67,15
DA:70,17
DA:72,17
LF:9
LH:9
end_of_record
TN:
SF:/home/runner/work/CppUtil/CppUtil/Map/src/Map.hpp
FN:21,21,_ZN7CppUtil3MapINSt7__cxx1112basic_stringIcSt11char_traitsIcESaIcEEES6_EC2Ev
FN:21,21,_ZN7CppUtil3MapINSt7__cxx1112basic_stringIcSt11char_traitsIcESaIcEEEiEC2Ev
FN:23,30,_ZN7CppUtil3MapINSt7__cxx1112basic_stringIcSt11char_traitsIcESaIcEEEdEC2ESt16initializer_listISt4pairIKS6_dEE
FN:37,50,_ZN7CppUtil3MapINSt7__cxx1112basic_stringIcSt11char_traitsIcESaIcEEES6_EixERKS6_
FN:37,50,_ZN7CppUtil3MapINSt7__cxx1112basic_stringIcSt11char_traitsIcESaIcEEEdEixERKS6_
FN:37,50,_ZN7CppUtil3MapINSt7__cxx1112basic_stringIcSt11char_traitsIcESaIcEEEiEixERKS6_
FN:57,67,_ZN7CppUtil3MapINSt7__cxx1112basic_stringIcSt11char_traitsIcESaIcEEES6_E10tryGetItemERKS6_
FN:74,85,_ZN7CppUtil3MapINSt7__cxx1112basic_stringIcSt11char_traitsIcESaIcEEES6_E10trySetItemERKS6_S9_
FN:92,104,_ZN7CppUtil3MapINSt7__cxx1112basic_stringIcSt11char_traitsIcESaIcEEES6_E13tryRemoveItemERKS6_
FNDA:1,_ZN7CppUtil3MapINSt7__cxx1112basic_stringIcSt11char_traitsIcESaIcEEES6_EC2Ev
FNDA:1,_ZN7CppUtil3MapINSt7__cxx1112basic_stringIcSt11char_traitsIcESaIcEEEiEC2Ev
FNDA:1,_ZN7CppUtil3MapINSt7__cxx1112basic_stringIcSt11char_traitsIcESaIcEEEdEC2ESt16initializer_listISt4pairIKS6_dEE
FNDA:4,_ZN7CppUtil3MapINSt7__cxx1112basic_stringIcSt11char_traitsIcESaIcEEES6_EixERKS6_
FNDA:3,_ZN7CppUtil3MapINSt7__cxx1112basic_stringIcSt11char_traitsIcESaIcEEEdEixERKS6_
FNDA:9,_ZN7CppUtil3MapINSt7__cxx1112basic_stringIcSt11char_traitsIcESaIcEEEiEixERKS6_
FNDA:11,_ZN7CppUtil3MapINSt7__cxx1112basic_stringIcSt11char_traitsIcESaIcEEES6_E10tryGetItemERKS6_
FNDA:3,_ZN7CppUtil3MapINSt7__cxx1112basic_stringIcSt11char_traitsIcESaIcEEES6_E10trySetItemERKS6_S9_
FNDA:2,_ZN7CppUtil3MapINSt7__cxx1112basic_stringIcSt11char_traitsIcESaIcEEES6_E13tryRemoveItemERKS6_
FNF:9
FNH:9
DA:21,2
DA:23,1
DA:24,1
DA:25,4
DA:27,3
DA:28,3
DA:30,1
DA:37,16
DA:39,38
DA:41,30
DA:43,8
DA:47,8
DA:48,8
DA:49,8
DA:57,11
DA:59,31
DA:61,28
DA:63,8
DA:66,3
DA:74,3
DA:76,10
DA:78,8
DA:80,1
DA:81,1
DA:84,2
DA:92,2
DA:94,6
DA:96,5
DA:98,1
DA:99,1
DA:100,1
DA:103,1
LF:32
LH:32
end_of_record
TN:
SF:/home/runner/work/CppUtil/CppUtil/String/src/String.hpp
FN:120,140,_ZN7CppUtil6String6insertES0_m
FN:19,19,_ZN7CppUtil6StringC2Em
FN:22,22,_ZN7CppUtil6StringC2Ev
FN:24,24,_ZN7CppUtil6StringC2EPKc
FN:26,26,_ZN7CppUtil6StringC2ENSt7__cxx1112basic_stringIcSt11char_traitsIcESaIcEEE
FN:28,41,_ZNK7CppUtil6StringplERKS0_
FN:48,58,_ZNK7CppUtil6StringeqERKS0_
FN:60,63,_ZNK7CppUtil6StringneERKS0_
FN:65,76,_ZNK7CppUtil6StringeqEPKc
FN:83,86,_ZNK7CppUtil6String6lengthEv
FN:89,118,_ZN7CppUtil6String6removeEmm
FNDA:2,_ZN7CppUtil6String6insertES0_m
FNDA:9,_ZN7CppUtil6StringC2Em
FNDA:4,_ZN7CppUtil6StringC2Ev
FNDA:49,_ZN7CppUtil6StringC2EPKc
FNDA:1,_ZN7CppUtil6StringC2ENSt7__cxx1112basic_stringIcSt11char_traitsIcESaIcEEE
FNDA:9,_ZNK7CppUtil6StringplERKS0_
FNDA:16,_ZNK7CppUtil6StringeqERKS0_
FNDA:9,_ZNK7CppUtil6StringneERKS0_
FNDA:15,_ZNK7CppUtil6StringeqEPKc
FNDA:7,_ZNK7CppUtil6String6lengthEv
FNDA:2,_ZN7CppUtil6String6removeEmm
FNF:11
FNH:11
DA:19,9
DA:22,4
DA:24,49
DA:26,1
DA:28,9
DA:30,9
DA:31,61
DA:33,52
DA:35,45
DA:37,36
DA:39,9
DA:40,9
DA:41,0
DA:48,16
DA:50,16
DA:51,2
DA:52,103
DA:54,90
DA:55,1
DA:57,13
DA:60,9
DA:62,9
DA:65,15
DA:67,15
DA:68,0
DA:70,146
DA:72,131
DA:73,0
DA:75,15
DA:83,7
DA:85,7
DA:89,2
DA:91,2
DA:92,0
DA:94,2
DA:95,0
DA:97,2
DA:98,0
DA:103,2
DA:104,2
DA:105,20
DA:107,18
DA:109,8
DA:110,8
DA:113,10
DA:115,2
DA:116,2
DA:117,2
DA:120,2
DA:122,2
DA:123,2
DA:124,2
DA:126,16
DA:128,18
DA:130,4
DA:131,4
DA:134,14
DA:137,2
DA:138,2
DA:139,2
DA:140,2
LF:61
LH:55
end_of_record
