TN:
SF:/home/runner/work/CppUtil/CppUtil/Array/src/Array.hpp
FN:100,117,_ZN5ArrayIcEaSERKS0_
FN:100,117,_ZN5ArrayIiEaSERKS0_
FN:119,122,_ZNK5ArrayIcEcvPcEv
FN:119,122,_ZNK5ArrayIiEcvPiEv
FN:124,127,_ZN5ArrayINSt7__cxx1112basic_stringIcSt11char_traitsIcESaIcEEEED2Ev
FN:124,127,_ZN5ArrayIcED2Ev
FN:124,127,_ZN5ArrayIdED2Ev
FN:124,127,_ZN5ArrayIiED2Ev
FN:124,127,_ZN5ArrayImED2Ev
FN:129,144,_ZN5ArrayINSt7__cxx1112basic_stringIcSt11char_traitsIcESaIcEEEEixEm
FN:129,144,_ZN5ArrayIcEixEm
FN:129,144,_ZN5ArrayIdEixEm
FN:129,144,_ZN5ArrayIiEixEm
FN:129,144,_ZN5ArrayImEixEm
FN:146,161,_ZNK5ArrayINSt7__cxx1112basic_stringIcSt11char_traitsIcESaIcEEEEixEm
FN:146,161,_ZNK5ArrayIcEixEm
FN:146,161,_ZNK5ArrayIdEixEm
FN:146,161,_ZNK5ArrayIiEixEm
FN:146,161,_ZNK5ArrayImEixEm
FN:163,166,_ZNK5ArrayINSt7__cxx1112basic_stringIcSt11char_traitsIcESaIcEEEE7getSizeEv
FN:163,166,_ZNK5ArrayIcE7getSizeEv
FN:163,166,_ZNK5ArrayIdE7getSizeEv
FN:163,166,_ZNK5ArrayIiE7getSizeEv
FN:163,166,_ZNK5ArrayImE7getSizeEv
FN:168,171,_ZNK5ArrayINSt7__cxx1112basic_stringIcSt11char_traitsIcESaIcEEEE7isEmptyEv
FN:168,171,_ZNK5ArrayIcE7isEmptyEv
FN:168,171,_ZNK5ArrayIdE7isEmptyEv
FN:168,171,_ZNK5ArrayIiE7isEmptyEv
FN:168,171,_ZNK5ArrayImE7isEmptyEv
FN:20,23,_ZN5ArrayIiEC2Ev
FN:217,227,_ZNK5ArrayINSt7__cxx1112basic_stringIcSt11char_traitsIcESaIcEEEEeqERKS6_
FN:217,227,_ZNK5ArrayIcEeqERKS0_
FN:217,227,_ZNK5ArrayIdEeqERKS0_
FN:217,227,_ZNK5ArrayIiEeqERKS0_
FN:217,227,_ZNK5ArrayImEeqERKS0_
FN:229,232,_ZNK5ArrayINSt7__cxx1112basic_stringIcSt11char_traitsIcESaIcEEEEneERKS6_
FN:229,232,_ZNK5ArrayIcEneERKS0_
FN:229,232,_ZNK5ArrayIdEneERKS0_
FN:229,232,_ZNK5ArrayIiEneERKS0_
FN:229,232,_ZNK5ArrayImEneERKS0_
FN:234,252,_ZN5ArrayIiE7foreachIZL23CATCH2_INTERNAL_TEST_29vEUlRiE_EEvOKT_
FN:25,34,_ZN5ArrayINSt7__cxx1112basic_stringIcSt11char_traitsIcESaIcEEEEC2Em
FN:25,34,_ZN5ArrayIcEC2Em
FN:25,34,_ZN5ArrayIdEC2Em
FN:25,34,_ZN5ArrayIiEC2Em
FN:25,34,_ZN5ArrayImEC2Em
FN:274,295,_ZN5ArrayIiE3allIZL23CATCH2_INTERNAL_TEST_29vEUlRiE10_EEbOKT_
FN:274,295,_ZN5ArrayIiE3allIZL23CATCH2_INTERNAL_TEST_29vEUlRiE7_EEbOKT_
FN:321,342,_ZN5ArrayIiE3anyIZL23CATCH2_INTERNAL_TEST_29vEUlRiE1_EEbOKT_
FN:321,342,_ZN5ArrayIiE3anyIZL23CATCH2_INTERNAL_TEST_29vEUlRiE4_EEbOKT_
FN:36,54,_ZN5ArrayIcEC2EPKcm
FN:36,54,_ZN5ArrayIiEC2EPKim
FN:372,372,_ZN14ResizableArrayINSt7__cxx1112basic_stringIcSt11char_traitsIcESaIcEEEEC2Em
FN:372,372,_ZN14ResizableArrayIcEC2Em
FN:372,372,_ZN14ResizableArrayIdEC2Em
FN:372,372,_ZN14ResizableArrayIiEC2Em
FN:372,372,_ZN14ResizableArrayImEC2Em
FN:374,374,_ZN14ResizableArrayIcEC2EPKcm
FN:384,411,_ZN14ResizableArrayINSt7__cxx1112basic_stringIcSt11char_traitsIcESaIcEEEE6resizeEm
FN:384,411,_ZN14ResizableArrayIdE6resizeEm
FN:384,411,_ZN14ResizableArrayIiE6resizeEm
FN:384,411,_ZN14ResizableArrayImE6resizeEm
FN:422,445,_ZN14ResizableArrayINSt7__cxx1112basic_stringIcSt11char_traitsIcESaIcEEEE11resizeForceEm
FN:422,445,_ZN14ResizableArrayIdE11resizeForceEm
FN:422,445,_ZN14ResizableArrayIiE11resizeForceEm
FN:422,445,_ZN14ResizableArrayImE11resizeForceEm
FN:457,461,_ZN12DynamicArrayINSt7__cxx1112basic_stringIcSt11char_traitsIcESaIcEEEEC2Ev
FN:457,461,_ZN12DynamicArrayIdEC2Ev
FN:457,461,_ZN12DynamicArrayIiEC2Ev
FN:457,461,_ZN12DynamicArrayImEC2Ev
FN:463,472,_ZN12DynamicArrayIiEC2Em
FN:474,488,_ZN12DynamicArrayIiEC2Emm
FN:490,504,_ZN12DynamicArrayINSt7__cxx1112basic_stringIcSt11char_traitsIcESaIcEEEEixEm
FN:490,504,_ZN12DynamicArrayIdEixEm
FN:490,504,_ZN12DynamicArrayIiEixEm
FN:490,504,_ZN12DynamicArrayImEixEm
FN:522,525,_ZNK12DynamicArrayINSt7__cxx1112basic_stringIcSt11char_traitsIcESaIcEEEE8getCountEv
FN:522,525,_ZNK12DynamicArrayIdE8getCountEv
FN:522,525,_ZNK12DynamicArrayIiE8getCountEv
FN:522,525,_ZNK12DynamicArrayImE8getCountEv
FN:527,530,_ZNK12DynamicArrayINSt7__cxx1112basic_stringIcSt11char_traitsIcESaIcEEEE6getCapEv
FN:527,530,_ZNK12DynamicArrayIdE6getCapEv
FN:527,530,_ZNK12DynamicArrayIiE6getCapEv
FN:527,530,_ZNK12DynamicArrayImE6getCapEv
FN:532,535,_ZNK12DynamicArrayIiE15getResizeFactorEv
FN:537,545,_ZN12DynamicArrayINSt7__cxx1112basic_stringIcSt11char_traitsIcESaIcEEEE3addES5_
FN:537,545,_ZN12DynamicArrayIdE3addEd
FN:537,545,_ZN12DynamicArrayIiE3addEi
FN:537,545,_ZN12DynamicArrayImE3addEm
FN:547,572,_ZN12DynamicArrayINSt7__cxx1112basic_stringIcSt11char_traitsIcESaIcEEEE3addES5_m
FN:547,572,_ZN12DynamicArrayIdE3addEdm
FN:547,572,_ZN12DynamicArrayIiE3addEim
FN:547,572,_ZN12DynamicArrayImE3addEmm
FN:56,66,_ZN5ArrayIiEC2ERKS0_
FN:578,592,_ZN12DynamicArrayINSt7__cxx1112basic_stringIcSt11char_traitsIcESaIcEEEE6removeEv
FN:578,592,_ZN12DynamicArrayIdE6removeEv
FN:578,592,_ZN12DynamicArrayIiE6removeEv
FN:578,592,_ZN12DynamicArrayImE6removeEv
FN:601,630,_ZN12DynamicArrayINSt7__cxx1112basic_stringIcSt11char_traitsIcESaIcEEEE6removeEm
FN:601,630,_ZN12DynamicArrayIdE6removeEm
FN:601,630,_ZN12DynamicArrayIiE6removeEm
FN:601,630,_ZN12DynamicArrayImE6removeEm
FN:634,652,_ZN12DynamicArrayIiE7foreachIRZL23CATCH2_INTERNAL_TEST_19vEUlRiE_EEvmOT_
FN:634,652,_ZN12DynamicArrayIiE7foreachIZL23CATCH2_INTERNAL_TEST_19vEUlRiE0_EEvmOT_
FN:634,652,_ZN12DynamicArrayImE7foreachIRZNS0_7toArrayEvEUlRmmE_EEvmOT_
FN:654,657,_ZN12DynamicArrayIiE7foreachIZL23CATCH2_INTERNAL_TEST_19vEUlRiE_EEvOT_
FN:654,657,_ZN12DynamicArrayImE7foreachIZNS0_7toArrayEvEUlRmmE_EEvOT_
FN:659,680,_ZN12DynamicArrayIiE3anyIZL23CATCH2_INTERNAL_TEST_19vEUlRiE5_EEbOT_
FN:659,680,_ZN12DynamicArrayIiE3anyIZL23CATCH2_INTERNAL_TEST_19vEUlRiE8_EEbOT_
FN:682,703,_ZN12DynamicArrayIiE3allIZL23CATCH2_INTERNAL_TEST_19vEUlRiE2_EEbOT_
FN:682,703,_ZN12DynamicArrayIiE3allIZL23CATCH2_INTERNAL_TEST_19vEUlRimE0_EEbOT_
FN:705,710,_ZN12DynamicArrayImE7toArrayEv
FN:708,708,_ZZN12DynamicArrayImE7toArrayEvENKUlRmmE_clES1_m
FN:718,730,_ZNK5ArrayIiE4findERKi
FNDA:3,_ZN5ArrayIcEaSERKS0_
FNDA:4,_ZN5ArrayIiEaSERKS0_
FNDA:0,_ZNK5ArrayIcEcvPcEv
FNDA:1,_ZNK5ArrayIiEcvPiEv
FNDA:4,_ZN5ArrayINSt7__cxx1112basic_stringIcSt11char_traitsIcESaIcEEEED2Ev
FNDA:63,_ZN5ArrayIcED2Ev
FNDA:1,_ZN5ArrayIdED2Ev
FNDA:56,_ZN5ArrayIiED2Ev
FNDA:31,_ZN5ArrayImED2Ev
FNDA:107,_ZN5ArrayINSt7__cxx1112basic_stringIcSt11char_traitsIcESaIcEEEEixEm
FNDA:125,_ZN5ArrayIcEixEm
FNDA:6,_ZN5ArrayIdEixEm
FNDA:138221,_ZN5ArrayIiEixEm
FNDA:51837,_ZN5ArrayImEixEm
FNDA:0,_ZNK5ArrayINSt7__cxx1112basic_stringIcSt11char_traitsIcESaIcEEEEixEm
FNDA:399,_ZNK5ArrayIcEixEm
FNDA:0,_ZNK5ArrayIdEixEm
FNDA:124,_ZNK5ArrayIiEixEm
FNDA:0,_ZNK5ArrayImEixEm
FNDA:17,_ZNK5ArrayINSt7__cxx1112basic_stringIcSt11char_traitsIcESaIcEEEE7getSizeEv
FNDA:16,_ZNK5ArrayIcE7getSizeEv
FNDA:3,_ZNK5ArrayIdE7getSizeEv
FNDA:60078,_ZNK5ArrayIiE7getSizeEv
FNDA:10037,_ZNK5ArrayImE7getSizeEv
FNDA:0,_ZNK5ArrayINSt7__cxx1112basic_stringIcSt11char_traitsIcESaIcEEEE7isEmptyEv
FNDA:0,_ZNK5ArrayIcE7isEmptyEv
FNDA:0,_ZNK5ArrayIdE7isEmptyEv
FNDA:2,_ZNK5ArrayIiE7isEmptyEv
FNDA:1,_ZNK5ArrayImE7isEmptyEv
FNDA:2,_ZN5ArrayIiEC2Ev
FNDA:0,_ZNK5ArrayINSt7__cxx1112basic_stringIcSt11char_traitsIcESaIcEEEEeqERKS6_
FNDA:0,_ZNK5ArrayIcEeqERKS0_
FNDA:0,_ZNK5ArrayIdEeqERKS0_
FNDA:7,_ZNK5ArrayIiEeqERKS0_
FNDA:0,_ZNK5ArrayImEeqERKS0_
FNDA:0,_ZNK5ArrayINSt7__cxx1112basic_stringIcSt11char_traitsIcESaIcEEEEneERKS6_
FNDA:0,_ZNK5ArrayIcEneERKS0_
FNDA:0,_ZNK5ArrayIdEneERKS0_
FNDA:3,_ZNK5ArrayIiEneERKS0_
FNDA:0,_ZNK5ArrayImEneERKS0_
FNDA:1,_ZN5ArrayIiE7foreachIZL23CATCH2_INTERNAL_TEST_29vEUlRiE_EEvOKT_
FNDA:4,_ZN5ArrayINSt7__cxx1112basic_stringIcSt11char_traitsIcESaIcEEEEC2Em
FNDA:13,_ZN5ArrayIcEC2Em
FNDA:1,_ZN5ArrayIdEC2Em
FNDA:48,_ZN5ArrayIiEC2Em
FNDA:31,_ZN5ArrayImEC2Em
FNDA:1,_ZN5ArrayIiE3allIZL23CATCH2_INTERNAL_TEST_29vEUlRiE10_EEbOKT_
FNDA:1,_ZN5ArrayIiE3allIZL23CATCH2_INTERNAL_TEST_29vEUlRiE7_EEbOKT_
FNDA:1,_ZN5ArrayIiE3anyIZL23CATCH2_INTERNAL_TEST_29vEUlRiE1_EEbOKT_
FNDA:1,_ZN5ArrayIiE3anyIZL23CATCH2_INTERNAL_TEST_29vEUlRiE4_EEbOKT_
FNDA:50,_ZN5ArrayIcEC2EPKcm
FNDA:3,_ZN5ArrayIiEC2EPKim
FNDA:4,_ZN14ResizableArrayINSt7__cxx1112basic_stringIcSt11char_traitsIcESaIcEEEEC2Em
FNDA:13,_ZN14ResizableArrayIcEC2Em
FNDA:1,_ZN14ResizableArrayIdEC2Em
FNDA:24,_ZN14ResizableArrayIiEC2Em
FNDA:17,_ZN14ResizableArrayImEC2Em
FNDA:50,_ZN14ResizableArrayIcEC2EPKcm
FNDA:4,_ZN14ResizableArrayINSt7__cxx1112basic_stringIcSt11char_traitsIcESaIcEEEE6resizeEm
FNDA:1,_ZN14ResizableArrayIdE6resizeEm
FNDA:83,_ZN14ResizableArrayIiE6resizeEm
FNDA:16,_ZN14ResizableArrayImE6resizeEm
FNDA:0,_ZN14ResizableArrayINSt7__cxx1112basic_stringIcSt11char_traitsIcESaIcEEEE11resizeForceEm
FNDA:0,_ZN14ResizableArrayIdE11resizeForceEm
FNDA:4,_ZN14ResizableArrayIiE11resizeForceEm
FNDA:0,_ZN14ResizableArrayImE11resizeForceEm
FNDA:4,_ZN12DynamicArrayINSt7__cxx1112basic_stringIcSt11char_traitsIcESaIcEEEEC2Ev
FNDA:1,_ZN12DynamicArrayIdEC2Ev
FNDA:11,_ZN12DynamicArrayIiEC2Ev
FNDA:17,_ZN12DynamicArrayImEC2Ev
FNDA:6,_ZN12DynamicArrayIiEC2Em
FNDA:1,_ZN12DynamicArrayIiEC2Emm
FNDA:84,_ZN12DynamicArrayINSt7__cxx1112basic_stringIcSt11char_traitsIcESaIcEEEEixEm
FNDA:3,_ZN12DynamicArrayIdEixEm
FNDA:78018,_ZN12DynamicArrayIiEixEm
FNDA:10019,_ZN12DynamicArrayImEixEm
FNDA:89,_ZNK12DynamicArrayINSt7__cxx1112basic_stringIcSt11char_traitsIcESaIcEEEE8getCountEv
FNDA:0,_ZNK12DynamicArrayIdE8getCountEv
FNDA:58012,_ZNK12DynamicArrayIiE8getCountEv
FNDA:70,_ZNK12DynamicArrayImE8getCountEv
FNDA:17,_ZNK12DynamicArrayINSt7__cxx1112basic_stringIcSt11char_traitsIcESaIcEEEE6getCapEv
FNDA:3,_ZNK12DynamicArrayIdE6getCapEv
FNDA:60043,_ZNK12DynamicArrayIiE6getCapEv
FNDA:10031,_ZNK12DynamicArrayImE6getCapEv
FNDA:1,_ZNK12DynamicArrayIiE15getResizeFactorEv
FNDA:15,_ZN12DynamicArrayINSt7__cxx1112basic_stringIcSt11char_traitsIcESaIcEEEE3addES5_
FNDA:3,_ZN12DynamicArrayIdE3addEd
FNDA:60029,_ZN12DynamicArrayIiE3addEi
FNDA:10028,_ZN12DynamicArrayImE3addEm
FNDA:0,_ZN12DynamicArrayINSt7__cxx1112basic_stringIcSt11char_traitsIcESaIcEEEE3addES5_m
FNDA:0,_ZN12DynamicArrayIdE3addEdm
FNDA:0,_ZN12DynamicArrayIiE3addEim
FNDA:1,_ZN12DynamicArrayImE3addEmm
FNDA:4,_ZN5ArrayIiEC2ERKS0_
FNDA:0,_ZN12DynamicArrayINSt7__cxx1112basic_stringIcSt11char_traitsIcESaIcEEEE6removeEv
FNDA:0,_ZN12DynamicArrayIdE6removeEv
FNDA:7,_ZN12DynamicArrayIiE6removeEv
FNDA:0,_ZN12DynamicArrayImE6removeEv
FNDA:2,_ZN12DynamicArrayINSt7__cxx1112basic_stringIcSt11char_traitsIcESaIcEEEE6removeEm
FNDA:0,_ZN12DynamicArrayIdE6removeEm
FNDA:2,_ZN12DynamicArrayIiE6removeEm
FNDA:0,_ZN12DynamicArrayImE6removeEm
FNDA:1,_ZN12DynamicArrayIiE7foreachIRZL23CATCH2_INTERNAL_TEST_19vEUlRiE_EEvmOT_
FNDA:1,_ZN12DynamicArrayIiE7foreachIZL23CATCH2_INTERNAL_TEST_19vEUlRiE0_EEvmOT_
FNDA:14,_ZN12DynamicArrayImE7foreachIRZNS0_7toArrayEvEUlRmmE_EEvmOT_
FNDA:1,_ZN12DynamicArrayIiE7foreachIZL23CATCH2_INTERNAL_TEST_19vEUlRiE_EEvOT_
FNDA:14,_ZN12DynamicArrayImE7foreachIZNS0_7toArrayEvEUlRmmE_EEvOT_
FNDA:1,_ZN12DynamicArrayIiE3anyIZL23CATCH2_INTERNAL_TEST_19vEUlRiE5_EEbOT_
FNDA:1,_ZN12DynamicArrayIiE3anyIZL23CATCH2_INTERNAL_TEST_19vEUlRiE8_EEbOT_
FNDA:1,_ZN12DynamicArrayIiE3allIZL23CATCH2_INTERNAL_TEST_19vEUlRiE2_EEbOT_
FNDA:1,_ZN12DynamicArrayIiE3allIZL23CATCH2_INTERNAL_TEST_19vEUlRimE0_EEbOT_
FNDA:14,_ZN12DynamicArrayImE7toArrayEv
FNDA:16,_ZZN12DynamicArrayImE7toArrayEvENKUlRmmE_clES1_m
FNDA:14,_ZNK5ArrayIiE4findERKi
FNF:114
FNH:87
DA:20,2
DA:21,2
DA:22,2
DA:23,2
DA:25,97
DA:26,97
DA:27,97
DA:29,1
DA:32,649
DA:33,96
DA:34,96
DA:36,53
DA:37,53
DA:38,53
DA:40,0
DA:43,53
DA:45,0
DA:48,663
DA:49,663
DA:51,610
DA:53,53
DA:54,53
DA:56,4
DA:57,4
DA:58,24
DA:60,24
DA:62,20
DA:65,4
DA:66,4
DA:100,7
DA:102,7
DA:104,7
DA:106,36
DA:107,36
DA:109,29
DA:112,7
DA:113,7
DA:116,7
DA:119,1
DA:121,1
DA:124,155
DA:126,171
DA:127,155
DA:129,190296
DA:136,190296
DA:138,190293
DA:142,3
DA:146,523
DA:153,523
DA:155,523
DA:159,0
DA:163,70151
DA:165,70151
DA:168,3
DA:170,3
DA:217,7
DA:219,7
DA:220,0
DA:222,31
DA:223,27
DA:224,3
DA:226,4
DA:229,3
DA:231,3
DA:234,1
DA:236,6
DA:240,5
DA:252,1
DA:274,2
DA:276,11
DA:280,10
DA:281,1
DA:294,1
DA:321,2
DA:323,11
DA:327,10
DA:328,1
DA:341,1
DA:372,59
DA:374,50
DA:384,104
DA:386,104
DA:388,1
DA:391,103
DA:393,229511
DA:394,114806
DA:396,114705
DA:398,109
DA:399,101
DA:401,101
DA:403,2
DA:405,1
DA:409,1
DA:422,4
DA:424,4
DA:426,0
DA:429,4
DA:431,0
DA:435,11
DA:436,11
DA:438,7
DA:440,4
DA:442,4
DA:443,4
DA:457,33
DA:459,33
DA:460,33
DA:461,33
DA:463,6
DA:465,6
DA:467,0
DA:470,6
DA:471,6
DA:472,6
DA:474,1
DA:476,1
DA:478,0
DA:481,1
DA:483,0
DA:486,1
DA:487,1
DA:488,1
DA:490,88124
DA:492,88124
DA:494,0
DA:497,88124
DA:499,3
DA:503,88121
DA:522,58171
DA:524,58171
DA:527,70094
DA:529,70094
DA:532,1
DA:534,1
DA:537,70075
DA:539,70075
DA:541,100
DA:544,70075
DA:545,70075
DA:547,1
DA:549,1
DA:551,0
DA:554,1
DA:556,0
DA:560,1
DA:562,0
DA:565,15884
DA:567,15883
DA:570,1
DA:571,1
DA:572,1
DA:578,7
DA:580,7
DA:582,6
DA:583,6
DA:585,2
DA:590,1
DA:592,6
DA:601,4
DA:603,4
DA:605,0
DA:608,4
DA:610,1
DA:613,3
DA:615,0
DA:619,3
DA:621,9
DA:623,6
DA:626,3
DA:628,0
DA:630,3
DA:634,16
DA:636,16
DA:637,1
DA:639,15
DA:640,0
DA:642,18031
DA:645,18000
DA:647,16
DA:654,15
DA:656,15
DA:657,15
DA:659,2
DA:661,20001
DA:665,20000
DA:666,1
DA:679,1
DA:682,2
DA:684,20001
DA:688,10000
DA:689,1
DA:693,10000
DA:694,0
DA:702,1
DA:705,14
DA:707,14
DA:708,30
DA:709,14
DA:710,0
DA:718,14
DA:720,14
DA:721,84
DA:723,70
DA:725,16
DA:729,28
DA:730,14
LF:206
LH:187
end_of_record
TN:
SF:/home/runner/work/CppUtil/CppUtil/Array/test/ArrayTest.cpp
FN:124,137,_ZL23CATCH2_INTERNAL_TEST_16v
FN:129,129,_ZZL23CATCH2_INTERNAL_TEST_16vENKUlvE_clEv
FN:139,160,_ZL23CATCH2_INTERNAL_TEST_19v
FN:162,203,_ZL23CATCH2_INTERNAL_TEST_23v
FN:205,244,_ZL23CATCH2_INTERNAL_TEST_29v
FN:216,216,_ZZL23CATCH2_INTERNAL_TEST_29vENKUlRiE_clES_
FN:227,227,_ZZL23CATCH2_INTERNAL_TEST_29vENKUlRiE1_clES_
FN:232,232,_ZZL23CATCH2_INTERNAL_TEST_29vENKUlRiE4_clES_
FN:237,237,_ZZL23CATCH2_INTERNAL_TEST_29vENKUlRiE7_clES_
FN:242,242,_ZZL23CATCH2_INTERNAL_TEST_29vENKUlRiE10_clES_
FN:33,82,_ZL22CATCH2_INTERNAL_TEST_4v
FN:38,38,_ZZL22CATCH2_INTERNAL_TEST_4vENKUlvE_clEv
FN:7,31,_ZL22CATCH2_INTERNAL_TEST_0v
FN:84,122,_ZL23CATCH2_INTERNAL_TEST_11v
FNDA:1,_ZL23CATCH2_INTERNAL_TEST_16v
FNDA:1,_ZZL23CATCH2_INTERNAL_TEST_16vENKUlvE_clEv
FNDA:2,_ZL23CATCH2_INTERNAL_TEST_19v
FNDA:4,_ZL23CATCH2_INTERNAL_TEST_23v
FNDA:5,_ZL23CATCH2_INTERNAL_TEST_29v
FNDA:5,_ZZL23CATCH2_INTERNAL_TEST_29vENKUlRiE_clES_
FNDA:5,_ZZL23CATCH2_INTERNAL_TEST_29vENKUlRiE1_clES_
FNDA:5,_ZZL23CATCH2_INTERNAL_TEST_29vENKUlRiE4_clES_
FNDA:5,_ZZL23CATCH2_INTERNAL_TEST_29vENKUlRiE7_clES_
FNDA:5,_ZZL23CATCH2_INTERNAL_TEST_29vENKUlRiE10_clES_
FNDA:5,_ZL22CATCH2_INTERNAL_TEST_4v
FNDA:1,_ZZL22CATCH2_INTERNAL_TEST_4vENKUlvE_clEv
FNDA:2,_ZL22CATCH2_INTERNAL_TEST_0v
FNDA:3,_ZL23CATCH2_INTERNAL_TEST_11v
FNF:14
FNH:14
DA:7,2
DA:9,2
DA:10,2
DA:11,2
DA:12,2
DA:14,2
DA:16,1
DA:17,1
DA:18,1
DA:20,1
DA:22,1
DA:23,2
DA:25,2
DA:27,1
DA:28,1
DA:29,1
DA:30,2
DA:31,2
DA:33,5
DA:35,5
DA:37,1
DA:38,2
DA:44,5
DA:46,5
DA:48,1
DA:49,1
DA:50,6
DA:52,5
DA:54,1
DA:55,1
DA:56,1
DA:57,6
DA:58,5
DA:60,1
DA:61,1
DA:62,6
DA:64,5
DA:66,1
DA:67,1
DA:68,1
DA:69,1
DA:70,1
DA:71,1
DA:73,1
DA:75,1
DA:76,1
DA:77,1
DA:78,1
DA:79,1
DA:80,1
DA:81,6
DA:82,5
DA:84,3
DA:86,3
DA:87,3
DA:88,3
DA:89,3
DA:90,3
DA:91,3
DA:93,3
DA:94,3
DA:95,3
DA:96,3
DA:97,3
DA:98,3
DA:99,3
DA:101,3
DA:103,1
DA:104,3
DA:106,3
DA:108,1
DA:109,1
DA:110,1
DA:111,3
DA:113,3
DA:115,1
DA:116,1
DA:118,1
DA:119,1
DA:120,1
DA:121,3
DA:122,3
DA:124,1
DA:126,1
DA:128,1
DA:129,3
DA:136,2
DA:137,1
DA:139,2
DA:141,2
DA:143,1
DA:144,1
DA:145,1
DA:147,1
DA:148,1
DA:149,3
DA:151,2
DA:153,1
DA:154,1
DA:155,1
DA:157,1
DA:158,1
DA:159,3
DA:160,2
DA:162,4
DA:164,4
DA:165,4
DA:166,4
DA:167,4
DA:168,4
DA:169,4
DA:171,4
DA:173,1
DA:174,1
DA:175,1
DA:176,1
DA:177,1
DA:178,4
DA:180,4
DA:182,1
DA:183,1
DA:184,1
DA:185,1
DA:186,1
DA:187,4
DA:189,4
DA:191,1
DA:193,1
DA:195,1
DA:196,1
DA:197,4
DA:199,4
DA:201,1
DA:202,4
DA:203,4
DA:205,5
DA:207,5
DA:208,5
DA:209,5
DA:210,5
DA:211,5
DA:212,5
DA:214,5
DA:216,1
DA:218,1
DA:219,1
DA:220,1
DA:221,1
DA:222,1
DA:223,5
DA:225,5
DA:227,6
DA:228,5
DA:230,5
DA:232,6
DA:233,5
DA:235,5
DA:237,6
DA:238,5
DA:240,5
DA:242,6
DA:243,5
DA:244,5
LF:163
LH:163
end_of_record
TN:
SF:/home/runner/work/CppUtil/CppUtil/Array/test/DynamicArrayTest.cpp
FN:103,139,_ZL23CATCH2_INTERNAL_TEST_14v
FN:11,32,_ZL22CATCH2_INTERNAL_TEST_0v
FN:141,193,_ZL23CATCH2_INTERNAL_TEST_19v
FN:151,151,_ZZL23CATCH2_INTERNAL_TEST_19vENKUlRiE_clES_
FN:161,161,_ZZL23CATCH2_INTERNAL_TEST_19vENKUlRiE0_clES_
FN:176,176,_ZZL23CATCH2_INTERNAL_TEST_19vENKUlRimE0_clES_m
FN:181,181,_ZZL23CATCH2_INTERNAL_TEST_19vENKUlRiE2_clES_
FN:186,186,_ZZL23CATCH2_INTERNAL_TEST_19vENKUlRiE5_clES_
FN:191,191,_ZZL23CATCH2_INTERNAL_TEST_19vENKUlRiE8_clES_
FN:34,53,_ZL22CATCH2_INTERNAL_TEST_5v
FN:55,101,_ZL22CATCH2_INTERNAL_TEST_9v
FNDA:3,_ZL23CATCH2_INTERNAL_TEST_14v
FNDA:3,_ZL22CATCH2_INTERNAL_TEST_0v
FNDA:6,_ZL23CATCH2_INTERNAL_TEST_19v
FNDA:10000,_ZZL23CATCH2_INTERNAL_TEST_19vENKUlRiE_clES_
FNDA:8000,_ZZL23CATCH2_INTERNAL_TEST_19vENKUlRiE0_clES_
FNDA:10000,_ZZL23CATCH2_INTERNAL_TEST_19vENKUlRimE0_clES_m
FNDA:10000,_ZZL23CATCH2_INTERNAL_TEST_19vENKUlRiE2_clES_
FNDA:10000,_ZZL23CATCH2_INTERNAL_TEST_19vENKUlRiE5_clES_
FNDA:10000,_ZZL23CATCH2_INTERNAL_TEST_19vENKUlRiE8_clES_
FNDA:2,_ZL22CATCH2_INTERNAL_TEST_5v
FNDA:3,_ZL22CATCH2_INTERNAL_TEST_9v
FNF:11
FNH:11
DA:11,3
DA:13,3
DA:15,3
DA:17,1
DA:18,3
DA:20,3
DA:22,1
DA:23,1
DA:24,3
DA:26,3
DA:28,1
DA:29,1
DA:30,1
DA:31,3
DA:32,3
DA:34,2
DA:36,2
DA:37,2
DA:38,2
DA:39,2
DA:40,2
DA:41,2
DA:43,2
DA:45,1
DA:46,1
DA:47,2
DA:49,2
DA:51,1
DA:52,2
DA:53,2
DA:55,3
DA:57,3
DA:59,3
DA:61,1
DA:62,1
DA:64,1
DA:65,1
DA:66,3
DA:68,3
DA:70,11
DA:72,10
DA:75,1
DA:76,3
DA:78,3
DA:80,1
DA:82,10001
DA:84,10000
DA:87,1
DA:89,501
DA:91,500
DA:94,1
DA:96,9501
DA:98,9500
DA:100,3
DA:101,3
DA:103,3
DA:105,3
DA:106,3
DA:107,3
DA:108,3
DA:109,3
DA:110,3
DA:112,3
DA:114,1
DA:115,1
DA:116,3
DA:118,3
DA:120,1
DA:121,1
DA:122,1
DA:123,1
DA:124,1
DA:125,1
DA:126,3
DA:128,3
DA:130,1
DA:131,1
DA:132,1
DA:133,1
DA:134,1
DA:136,1
DA:137,1
DA:138,3
DA:139,3
DA:141,6
DA:143,6
DA:144,60006
DA:146,60000
DA:149,6
DA:151,1
DA:153,10001
DA:155,10000
DA:157,6
DA:159,6
DA:161,1
DA:163,2001
DA:165,2000
DA:168,8001
DA:170,8000
DA:172,6
DA:174,6
DA:176,10001
DA:177,6
DA:179,6
DA:181,10001
DA:182,6
DA:184,6
DA:186,10001
DA:187,6
DA:189,6
DA:191,10001
DA:192,6
DA:193,6
LF:113
LH:113
end_of_record
TN:
SF:/home/runner/work/CppUtil/CppUtil/Array/test/ResizableArrayTest.cpp
FN:6,49,_ZL22CATCH2_INTERNAL_TEST_0v
FNDA:6,_ZL22CATCH2_INTERNAL_TEST_0v
FNF:1
FNH:1
DA:6,6
DA:8,6
DA:9,6
DA:10,6
DA:11,6
DA:12,6
DA:13,6
DA:15,6
DA:17,1
DA:18,1
DA:19,1
DA:20,1
DA:21,1
DA:22,1
DA:23,6
DA:25,6
DA:27,1
DA:28,6
DA:30,6
DA:32,1
DA:33,6
DA:35,6
DA:37,1
DA:38,6
DA:40,6
DA:42,1
DA:43,6
DA:45,6
DA:47,1
DA:48,6
DA:49,6
LF:31
LH:31
end_of_record
TN:
SF:/home/runner/work/CppUtil/CppUtil/Async/src/Async.hpp
FN:102,106,_ZN7CppUtil6FutureIiE8setThrowENSt15__exception_ptr13exception_ptrE
FN:115,115,_ZN7CppUtil6FutureIvEC2Ev
FN:117,120,_ZN7CppUtil6FutureIvE9asPromiseEv
FN:122,126,_ZN7CppUtil6FutureIvE6finishEv
FN:128,132,_ZN7CppUtil6FutureIvE8setThrowENSt15__exception_ptr13exception_ptrE
FN:138,158,_ZN7CppUtil5Async6_asyncIiPFiiiEJSt5tupleIJiiEEEEEvNS_6FutureIT_EET0_DpT1_
FN:138,158,_ZN7CppUtil5Async6_asyncIiZL22CATCH2_INTERNAL_TEST_0vEUlvE1_JSt5tupleIJEEEEEvNS_6FutureIT_EET0_DpT1_
FN:138,158,_ZN7CppUtil5Async6_asyncIiZZL22CATCH2_INTERNAL_TEST_0vENKUlvE0_clEvEUlvE_JSt5tupleIJEEEEEvNS_6FutureIT_EET0_DpT1_
FN:138,158,_ZN7CppUtil5Async6_asyncIiZZL22CATCH2_INTERNAL_TEST_0vENKUlvE_clEvEUlvE_JSt5tupleIJEEEEEvNS_6FutureIT_EET0_DpT1_
FN:138,158,_ZN7CppUtil5Async6_asyncIvPFviEJSt5tupleIJiEEEEEvNS_6FutureIT_EET0_DpT1_
FN:161,178,_ZN7CppUtil5Async5asyncIiRFiiiEJRiS4_EEENS_7PromiseIT_EEOT0_DpOT1_
FN:161,178,_ZN7CppUtil5Async5asyncIiZL22CATCH2_INTERNAL_TEST_0vEUlvE1_JEEENS_7PromiseIT_EEOT0_DpOT1_
FN:161,178,_ZN7CppUtil5Async5asyncIiZZL22CATCH2_INTERNAL_TEST_0vENKUlvE0_clEvEUlvE_JEEENS_7PromiseIT_EEOT0_DpOT1_
FN:161,178,_ZN7CppUtil5Async5asyncIiZZL22CATCH2_INTERNAL_TEST_0vENKUlvE_clEvEUlvE_JEEENS_7PromiseIT_EEOT0_DpOT1_
FN:161,178,_ZN7CppUtil5Async5asyncIvRFviEJRiEEENS_7PromiseIT_EEOT0_DpOT1_
FN:174,174,_ZZN7CppUtil5Async5asyncIiRFiiiEJRiS4_EEENS_7PromiseIT_EEOT0_DpOT1_ENUlvE_clEv
FN:174,174,_ZZN7CppUtil5Async5asyncIiZL22CATCH2_INTERNAL_TEST_0vEUlvE1_JEEENS_7PromiseIT_EEOT0_DpOT1_ENUlvE_clEv
FN:174,174,_ZZN7CppUtil5Async5asyncIiZZL22CATCH2_INTERNAL_TEST_0vENKUlvE0_clEvEUlvE_JEEENS_7PromiseIT_EEOT0_DpOT1_ENUlvE_clEv
FN:174,174,_ZZN7CppUtil5Async5asyncIiZZL22CATCH2_INTERNAL_TEST_0vENKUlvE_clEvEUlvE_JEEENS_7PromiseIT_EEOT0_DpOT1_ENUlvE_clEv
FN:174,174,_ZZN7CppUtil5Async5asyncIvRFviEJRiEEENS_7PromiseIT_EEOT0_DpOT1_ENUlvE_clEv
FN:31,31,_ZN7CppUtil7PromiseIiEC2ESt10shared_ptrINS_10AsyncStateEES2_IiE
FN:33,36,_ZN7CppUtil7PromiseIiE10isFinishedEv
FN:38,45,_ZN7CppUtil7PromiseIiE3getEv
FN:41,41,_ZZN7CppUtil7PromiseIiE3getEvENKUlvE_clEv
FN:59,59,_ZN7CppUtil7PromiseIvEC2ESt10shared_ptrINS_10AsyncStateEE
FN:66,73,_ZN7CppUtil7PromiseIvE3getEv
FN:69,69,_ZZN7CppUtil7PromiseIvE3getEvENKUlvE_clEv
FN:84,84,_ZN7CppUtil6FutureIiEC2Ev
FN:86,89,_ZN7CppUtil6FutureIiE9asPromiseEv
FN:91,94,_ZN7CppUtil6FutureIiE8setValueEi
FN:96,100,_ZN7CppUtil6FutureIiE6finishEv
FNDA:1,_ZN7CppUtil6FutureIiE8setThrowENSt15__exception_ptr13exception_ptrE
FNDA:1,_ZN7CppUtil6FutureIvEC2Ev
FNDA:1,_ZN7CppUtil6FutureIvE9asPromiseEv
FNDA:1,_ZN7CppUtil6FutureIvE6finishEv
FNDA:0,_ZN7CppUtil6FutureIvE8setThrowENSt15__exception_ptr13exception_ptrE
FNDA:2,_ZN7CppUtil5Async6_asyncIiPFiiiEJSt5tupleIJiiEEEEEvNS_6FutureIT_EET0_DpT1_
FNDA:1,_ZN7CppUtil5Async6_asyncIiZL22CATCH2_INTERNAL_TEST_0vEUlvE1_JSt5tupleIJEEEEEvNS_6FutureIT_EET0_DpT1_
FNDA:1,_ZN7CppUtil5Async6_asyncIiZZL22CATCH2_INTERNAL_TEST_0vENKUlvE0_clEvEUlvE_JSt5tupleIJEEEEEvNS_6FutureIT_EET0_DpT1_
FNDA:1,_ZN7CppUtil5Async6_asyncIiZZL22CATCH2_INTERNAL_TEST_0vENKUlvE_clEvEUlvE_JSt5tupleIJEEEEEvNS_6FutureIT_EET0_DpT1_
FNDA:1,_ZN7CppUtil5Async6_asyncIvPFviEJSt5tupleIJiEEEEEvNS_6FutureIT_EET0_DpT1_
FNDA:2,_ZN7CppUtil5Async5asyncIiRFiiiEJRiS4_EEENS_7PromiseIT_EEOT0_DpOT1_
FNDA:1,_ZN7CppUtil5Async5asyncIiZL22CATCH2_INTERNAL_TEST_0vEUlvE1_JEEENS_7PromiseIT_EEOT0_DpOT1_
FNDA:1,_ZN7CppUtil5Async5asyncIiZZL22CATCH2_INTERNAL_TEST_0vENKUlvE0_clEvEUlvE_JEEENS_7PromiseIT_EEOT0_DpOT1_
FNDA:1,_ZN7CppUtil5Async5asyncIiZZL22CATCH2_INTERNAL_TEST_0vENKUlvE_clEvEUlvE_JEEENS_7PromiseIT_EEOT0_DpOT1_
FNDA:1,_ZN7CppUtil5Async5asyncIvRFviEJRiEEENS_7PromiseIT_EEOT0_DpOT1_
FNDA:2,_ZZN7CppUtil5Async5asyncIiRFiiiEJRiS4_EEENS_7PromiseIT_EEOT0_DpOT1_ENUlvE_clEv
FNDA:1,_ZZN7CppUtil5Async5asyncIiZL22CATCH2_INTERNAL_TEST_0vEUlvE1_JEEENS_7PromiseIT_EEOT0_DpOT1_ENUlvE_clEv
FNDA:1,_ZZN7CppUtil5Async5asyncIiZZL22CATCH2_INTERNAL_TEST_0vENKUlvE0_clEvEUlvE_JEEENS_7PromiseIT_EEOT0_DpOT1_ENUlvE_clEv
FNDA:1,_ZZN7CppUtil5Async5asyncIiZZL22CATCH2_INTERNAL_TEST_0vENKUlvE_clEvEUlvE_JEEENS_7PromiseIT_EEOT0_DpOT1_ENUlvE_clEv
FNDA:1,_ZZN7CppUtil5Async5asyncIvRFviEJRiEEENS_7PromiseIT_EEOT0_DpOT1_ENUlvE_clEv
FNDA:5,_ZN7CppUtil7PromiseIiEC2ESt10shared_ptrINS_10AsyncStateEES2_IiE
FNDA:6,_ZN7CppUtil7PromiseIiE10isFinishedEv
FNDA:5,_ZN7CppUtil7PromiseIiE3getEv
FNDA:8,_ZZN7CppUtil7PromiseIiE3getEvENKUlvE_clEv
FNDA:1,_ZN7CppUtil7PromiseIvEC2ESt10shared_ptrINS_10AsyncStateEE
FNDA:1,_ZN7CppUtil7PromiseIvE3getEv
FNDA:2,_ZZN7CppUtil7PromiseIvE3getEvENKUlvE_clEv
FNDA:5,_ZN7CppUtil6FutureIiEC2Ev
FNDA:5,_ZN7CppUtil6FutureIiE9asPromiseEv
FNDA:4,_ZN7CppUtil6FutureIiE8setValueEi
FNDA:5,_ZN7CppUtil6FutureIiE6finishEv
FNF:31
FNH:30
DA:31,5
DA:33,6
DA:35,6
DA:38,5
DA:40,5
DA:41,13
DA:42,5
DA:43,2
DA:44,8
DA:45,5
DA:59,1
DA:66,1
DA:68,1
DA:69,3
DA:70,1
DA:71,0
DA:72,2
DA:73,1
DA:84,5
DA:86,5
DA:88,5
DA:91,4
DA:93,4
DA:94,4
DA:96,5
DA:98,5
DA:99,5
DA:100,5
DA:102,1
DA:104,1
DA:105,1
DA:106,1
DA:115,1
DA:117,1
DA:119,1
DA:122,1
DA:124,1
DA:125,1
DA:126,1
DA:128,0
DA:130,0
DA:131,0
DA:132,0
DA:138,6
DA:145,1
DA:149,5
DA:150,4
DA:153,1
DA:155,1
DA:157,6
DA:158,6
DA:161,6
DA:166,6
DA:171,6
DA:172,3
DA:174,24
DA:175,6
DA:176,6
DA:177,12
DA:178,6
LF:60
LH:55
end_of_record
TN:
SF:/home/runner/work/CppUtil/CppUtil/Async/test/AsyncTest.cpp
FN:10,10,_Z17__async__voidfunci
FN:10,10,_Z8voidfuncIJiEEN7CppUtil7PromiseIvEEDpOT_
FN:100,107,_ZZL22CATCH2_INTERNAL_TEST_0vENKUlvE1_clEv
FN:22,22,_Z13__async__funcii
FN:22,22,_Z4funcIJiiEEN7CppUtil7PromiseIiEEDpOT_
FN:30,132,_ZL22CATCH2_INTERNAL_TEST_0v
FN:34,34,_ZZL22CATCH2_INTERNAL_TEST_0vENKUlvE_clEv
FN:34,34,_ZZZL22CATCH2_INTERNAL_TEST_0vENKUlvE_clEvENKUlvE_clEv
FN:60,60,_ZZL22CATCH2_INTERNAL_TEST_0vENKUlvE0_clEv
FN:60,60,_ZZZL22CATCH2_INTERNAL_TEST_0vENKUlvE0_clEvENKUlvE_clEv
FN:86,89,_ZZL22CATCH2_INTERNAL_TEST_0vENK23ExceptionMessageMatcher5matchERKSt11logic_error
FN:91,94,_ZZL22CATCH2_INTERNAL_TEST_0vENK23ExceptionMessageMatcher8toStringEv
FNDA:1,_Z17__async__voidfunci
FNDA:1,_Z8voidfuncIJiEEN7CppUtil7PromiseIvEEDpOT_
FNDA:1,_ZZL22CATCH2_INTERNAL_TEST_0vENKUlvE1_clEv
FNDA:2,_Z13__async__funcii
FNDA:2,_Z4funcIJiiEEN7CppUtil7PromiseIiEEDpOT_
FNDA:6,_ZL22CATCH2_INTERNAL_TEST_0v
FNDA:1,_ZZL22CATCH2_INTERNAL_TEST_0vENKUlvE_clEv
FNDA:1,_ZZZL22CATCH2_INTERNAL_TEST_0vENKUlvE_clEvENKUlvE_clEv
FNDA:1,_ZZL22CATCH2_INTERNAL_TEST_0vENKUlvE0_clEv
FNDA:1,_ZZZL22CATCH2_INTERNAL_TEST_0vENKUlvE0_clEvENKUlvE_clEv
FNDA:1,_ZZL22CATCH2_INTERNAL_TEST_0vENK23ExceptionMessageMatcher5matchERKSt11logic_error
FNDA:0,_ZZL22CATCH2_INTERNAL_TEST_0vENK23ExceptionMessageMatcher8toStringEv
FNF:12
FNH:11
DA:10,2
DA:12,1
DA:13,1
DA:14,1
DA:15,1
DA:22,4
DA:24,2
DA:25,2
DA:26,2
DA:27,2
DA:30,6
DA:32,6
DA:34,6
DA:54,6
DA:56,6
DA:58,1
DA:60,7
DA:82,6
DA:86,1
DA:88,2
DA:91,0
DA:93,0
DA:97,6
DA:100,0
DA:102,1
DA:103,1
DA:104,1
DA:105,1
DA:107,1
DA:109,1
DA:111,1
DA:112,7
DA:114,6
DA:116,1
DA:118,1
DA:120,1
DA:121,7
DA:123,6
DA:125,1
DA:126,6
DA:128,6
DA:130,1
DA:131,6
DA:132,6
LF:44
LH:41
end_of_record
TN:
SF:/home/runner/work/CppUtil/CppUtil/Exception/src/Exception.hpp
FN:8,8,_ZN9not_foundC2ENSt7__cxx1112basic_stringIcSt11char_traitsIcESaIcEEE
FNDA:6,_ZN9not_foundC2ENSt7__cxx1112basic_stringIcSt11char_traitsIcESaIcEEE
FNF:1
FNH:1
DA:8,6
LF:1
LH:1
end_of_record
TN:
SF:/home/runner/work/CppUtil/CppUtil/Map/src/Map.hpp
FN:19,19,_ZN3MapINSt7__cxx1112basic_stringIcSt11char_traitsIcESaIcEEES5_EC2Ev
FN:19,19,_ZN3MapINSt7__cxx1112basic_stringIcSt11char_traitsIcESaIcEEEiEC2Ev
FN:21,28,_ZN3MapINSt7__cxx1112basic_stringIcSt11char_traitsIcESaIcEEEdEC2ESt16initializer_listISt4pairIKS5_dEE
FN:35,48,_ZN3MapINSt7__cxx1112basic_stringIcSt11char_traitsIcESaIcEEES5_EixERKS5_
FN:35,48,_ZN3MapINSt7__cxx1112basic_stringIcSt11char_traitsIcESaIcEEEdEixERKS5_
FN:35,48,_ZN3MapINSt7__cxx1112basic_stringIcSt11char_traitsIcESaIcEEEiEixERKS5_
FN:55,65,_ZN3MapINSt7__cxx1112basic_stringIcSt11char_traitsIcESaIcEEES5_E10tryGetItemERKS5_
FN:72,83,_ZN3MapINSt7__cxx1112basic_stringIcSt11char_traitsIcESaIcEEES5_E10trySetItemERKS5_S8_
FN:90,102,_ZN3MapINSt7__cxx1112basic_stringIcSt11char_traitsIcESaIcEEES5_E13tryRemoveItemERKS5_
FNDA:1,_ZN3MapINSt7__cxx1112basic_stringIcSt11char_traitsIcESaIcEEES5_EC2Ev
FNDA:1,_ZN3MapINSt7__cxx1112basic_stringIcSt11char_traitsIcESaIcEEEiEC2Ev
FNDA:1,_ZN3MapINSt7__cxx1112basic_stringIcSt11char_traitsIcESaIcEEEdEC2ESt16initializer_listISt4pairIKS5_dEE
FNDA:4,_ZN3MapINSt7__cxx1112basic_stringIcSt11char_traitsIcESaIcEEES5_EixERKS5_
FNDA:3,_ZN3MapINSt7__cxx1112basic_stringIcSt11char_traitsIcESaIcEEEdEixERKS5_
FNDA:9,_ZN3MapINSt7__cxx1112basic_stringIcSt11char_traitsIcESaIcEEEiEixERKS5_
FNDA:11,_ZN3MapINSt7__cxx1112basic_stringIcSt11char_traitsIcESaIcEEES5_E10tryGetItemERKS5_
FNDA:3,_ZN3MapINSt7__cxx1112basic_stringIcSt11char_traitsIcESaIcEEES5_E10trySetItemERKS5_S8_
FNDA:2,_ZN3MapINSt7__cxx1112basic_stringIcSt11char_traitsIcESaIcEEES5_E13tryRemoveItemERKS5_
FNF:9
FNH:9
DA:19,2
DA:21,1
DA:22,1
DA:23,4
DA:25,3
DA:26,3
DA:28,1
DA:35,16
DA:37,38
DA:39,30
DA:41,8
DA:45,8
DA:46,8
DA:47,8
DA:55,11
DA:57,31
DA:59,28
DA:61,8
DA:64,3
DA:72,3
DA:74,10
DA:76,8
DA:78,1
DA:79,1
DA:82,2
DA:90,2
DA:92,6
DA:94,5
DA:96,1
DA:97,1
DA:98,1
DA:101,1
LF:32
LH:32
end_of_record
TN:
SF:/home/runner/work/CppUtil/CppUtil/Map/test/MapTest.cpp
FN:28,63,_ZL22CATCH2_INTERNAL_TEST_2v
FN:32,32,_ZZL22CATCH2_INTERNAL_TEST_2vENKUlvE_clEv
FN:5,26,_ZL22CATCH2_INTERNAL_TEST_0v
FN:65,76,_ZL22CATCH2_INTERNAL_TEST_4v
FN:67,67,_ZZL22CATCH2_INTERNAL_TEST_4vENKUlvE_clEv
FN:9,9,_ZZL22CATCH2_INTERNAL_TEST_0vENKUlvE_clEv
FNDA:1,_ZL22CATCH2_INTERNAL_TEST_2v
FNDA:1,_ZZL22CATCH2_INTERNAL_TEST_2vENKUlvE_clEv
FNDA:1,_ZL22CATCH2_INTERNAL_TEST_0v
FNDA:1,_ZL22CATCH2_INTERNAL_TEST_4v
FNDA:1,_ZZL22CATCH2_INTERNAL_TEST_4vENKUlvE_clEv
FNDA:1,_ZZL22CATCH2_INTERNAL_TEST_0vENKUlvE_clEv
FNF:6
FNH:6
DA:5,1
DA:7,1
DA:9,25
DA:26,1
DA:28,1
DA:30,1
DA:32,56
DA:63,1
DA:65,1
DA:67,14
DA:76,1
LF:11
LH:11
end_of_record
TN:
SF:/home/runner/work/CppUtil/CppUtil/String/src/String.hpp
FN:118,138,_ZN6String6insertES_m
FN:17,17,_ZN6StringC2Em
FN:20,20,_ZN6StringC2Ev
FN:22,22,_ZN6StringC2EPKc
FN:24,24,_ZN6StringC2ENSt7__cxx1112basic_stringIcSt11char_traitsIcESaIcEEE
FN:26,39,_ZNK6StringplERKS_
FN:46,56,_ZNK6StringeqERKS_
FN:58,61,_ZNK6StringneERKS_
FN:63,74,_ZNK6StringeqEPKc
FN:81,84,_ZNK6String6lengthEv
FN:87,116,_ZN6String6removeEmm
FNDA:2,_ZN6String6insertES_m
FNDA:9,_ZN6StringC2Em
FNDA:4,_ZN6StringC2Ev
FNDA:49,_ZN6StringC2EPKc
FNDA:1,_ZN6StringC2ENSt7__cxx1112basic_stringIcSt11char_traitsIcESaIcEEE
FNDA:9,_ZNK6StringplERKS_
FNDA:16,_ZNK6StringeqERKS_
FNDA:9,_ZNK6StringneERKS_
FNDA:15,_ZNK6StringeqEPKc
FNDA:7,_ZNK6String6lengthEv
FNDA:2,_ZN6String6removeEmm
FNF:11
FNH:11
DA:17,9
DA:20,4
DA:22,49
DA:24,1
DA:26,9
DA:28,9
DA:29,61
DA:31,52
DA:33,45
DA:35,36
DA:37,9
DA:38,9
DA:39,0
DA:46,16
DA:48,16
DA:49,2
DA:50,103
DA:52,90
DA:53,1
DA:55,13
DA:58,9
DA:60,9
DA:63,15
DA:65,15
DA:66,0
DA:68,146
DA:70,131
DA:71,0
DA:73,15
DA:81,7
DA:83,7
DA:87,2
DA:89,2
DA:90,0
DA:92,2
DA:93,0
DA:95,2
DA:96,0
DA:101,2
DA:102,2
DA:103,20
DA:105,18
DA:107,8
DA:108,8
DA:111,10
DA:113,2
DA:114,2
DA:115,2
DA:118,2
DA:120,2
DA:121,2
DA:122,2
DA:124,16
DA:126,18
DA:128,4
DA:129,4
DA:132,14
DA:135,2
DA:136,2
DA:137,2
DA:138,2
LF:61
LH:55
end_of_record
TN:
SF:/home/runner/work/CppUtil/CppUtil/String/test/StringTest.cpp
FN:105,112,_ZL23CATCH2_INTERNAL_TEST_18v
FN:114,126,_ZL23CATCH2_INTERNAL_TEST_20v
FN:128,143,_ZL23CATCH2_INTERNAL_TEST_23v
FN:28,52,_ZL22CATCH2_INTERNAL_TEST_5v
FN:5,26,_ZL22CATCH2_INTERNAL_TEST_0v
FN:54,103,_ZL23CATCH2_INTERNAL_TEST_10v
FNDA:1,_ZL23CATCH2_INTERNAL_TEST_18v
FNDA:1,_ZL23CATCH2_INTERNAL_TEST_20v
FNDA:2,_ZL23CATCH2_INTERNAL_TEST_23v
FNDA:3,_ZL22CATCH2_INTERNAL_TEST_5v
FNDA:3,_ZL22CATCH2_INTERNAL_TEST_0v
FNDA:6,_ZL23CATCH2_INTERNAL_TEST_10v
FNF:6
FNH:6
DA:5,3
DA:7,3
DA:9,3
DA:11,1
DA:12,3
DA:14,3
DA:16,1
DA:17,1
DA:18,3
DA:20,3
DA:22,1
DA:23,1
DA:24,1
DA:25,4
DA:26,3
DA:28,3
DA:30,3
DA:31,3
DA:33,3
DA:35,1
DA:36,1
DA:37,1
DA:38,1
DA:39,3
DA:41,3
DA:43,1
DA:44,3
DA:46,3
DA:48,1
DA:50,1
DA:51,3
DA:52,3
DA:54,6
DA:56,6
DA:58,6
DA:60,1
DA:61,1
DA:62,1
DA:63,6
DA:65,6
DA:67,1
DA:68,1
DA:69,1
DA:70,6
DA:72,6
DA:74,1
DA:76,1
DA:77,1
DA:78,1
DA:79,7
DA:81,6
DA:83,1
DA:84,1
DA:85,1
DA:86,6
DA:88,6
DA:90,1
DA:91,1
DA:92,1
DA:93,6
DA:95,6
DA:97,1
DA:99,1
DA:100,1
DA:101,1
DA:102,7
DA:103,6
DA:105,1
DA:107,1
DA:109,1
DA:110,1
DA:111,1
DA:112,1
DA:114,1
DA:116,1
DA:118,1
DA:120,1
DA:121,1
DA:123,1
DA:124,1
DA:125,1
DA:126,1
DA:128,2
DA:130,2
DA:132,2
DA:134,1
DA:135,1
DA:136,2
DA:138,2
DA:140,1
DA:141,1
DA:142,2
DA:143,2
LF:93
LH:93
end_of_record
TN:
SF:/home/runner/work/CppUtil/CppUtil/build/vcpkg_installed/x64-linux/include/catch2/catch_tostring.hpp
FN:120,126,_ZN5Catch11StringMakerI5ArrayIiEvE7convertIS2_EENSt9enable_ifIX20IsStreamInsertable_vIT_EENSt7__cxx1112basic_stringIcSt11char_traitsIcESaIcEEEE4typeERKS6_
FN:120,126,_ZN5Catch11StringMakerI6StringvE7convertIS1_EENSt9enable_ifIX20IsStreamInsertable_vIT_EENSt7__cxx1112basic_stringIcSt11char_traitsIcESaIcEEEE4typeERKS5_
FN:131,137,_ZN5Catch11StringMakerISt11logic_errorvE7convertIS1_EENSt9enable_ifIXnt20IsStreamInsertable_vIT_EENSt7__cxx1112basic_stringIcSt11char_traitsIcESaIcEEEE4typeERKS5_
FN:147,153,_ZN5Catch6Detail9stringifyI5ArrayIiEEENSt7__cxx1112basic_stringIcSt11char_traitsIcESaIcEEERKT_
FN:147,153,_ZN5Catch6Detail9stringifyI6StringEENSt7__cxx1112basic_stringIcSt11char_traitsIcESaIcEEERKT_
FN:147,153,_ZN5Catch6Detail9stringifyIA11_cEENSt7__cxx1112basic_stringIcSt11char_traitsIcESaIcEEERKT_
FN:147,153,_ZN5Catch6Detail9stringifyIA12_cEENSt7__cxx1112basic_stringIcSt11char_traitsIcESaIcEEERKT_
FN:147,153,_ZN5Catch6Detail9stringifyIA13_cEENSt7__cxx1112basic_stringIcSt11char_traitsIcESaIcEEERKT_
FN:147,153,_ZN5Catch6Detail9stringifyIA2_cEENSt7__cxx1112basic_stringIcSt11char_traitsIcESaIcEEERKT_
FN:147,153,_ZN5Catch6Detail9stringifyIA4_cEENSt7__cxx1112basic_stringIcSt11char_traitsIcESaIcEEERKT_
FN:147,153,_ZN5Catch6Detail9stringifyIA6_cEENSt7__cxx1112basic_stringIcSt11char_traitsIcESaIcEEERKT_
FN:147,153,_ZN5Catch6Detail9stringifyIA7_cEENSt7__cxx1112basic_stringIcSt11char_traitsIcESaIcEEERKT_
FN:147,153,_ZN5Catch6Detail9stringifyIA9_cEENSt7__cxx1112basic_stringIcSt11char_traitsIcESaIcEEERKT_
FN:147,153,_ZN5Catch6Detail9stringifyINSt7__cxx1112basic_stringIcSt11char_traitsIcESaIcEEEEES7_RKT_
FN:147,153,_ZN5Catch6Detail9stringifyISt11logic_errorEENSt7__cxx1112basic_stringIcSt11char_traitsIcESaIcEEERKT_
FN:147,153,_ZN5Catch6Detail9stringifyIbEENSt7__cxx1112basic_stringIcSt11char_traitsIcESaIcEEERKT_
FN:147,153,_ZN5Catch6Detail9stringifyIdEENSt7__cxx1112basic_stringIcSt11char_traitsIcESaIcEEERKT_
FN:147,153,_ZN5Catch6Detail9stringifyIiEENSt7__cxx1112basic_stringIcSt11char_traitsIcESaIcEEERKT_
FN:147,153,_ZN5Catch6Detail9stringifyImEENSt7__cxx1112basic_stringIcSt11char_traitsIcESaIcEEERKT_
FN:217,220,_ZN5Catch11StringMakerIA11_cvE7convertB5cxx11EPKc
FN:217,220,_ZN5Catch11StringMakerIA12_cvE7convertB5cxx11EPKc
FN:217,220,_ZN5Catch11StringMakerIA13_cvE7convertB5cxx11EPKc
FN:217,220,_ZN5Catch11StringMakerIA2_cvE7convertB5cxx11EPKc
FN:217,220,_ZN5Catch11StringMakerIA4_cvE7convertB5cxx11EPKc
FN:217,220,_ZN5Catch11StringMakerIA6_cvE7convertB5cxx11EPKc
FN:217,220,_ZN5Catch11StringMakerIA7_cvE7convertB5cxx11EPKc
FN:217,220,_ZN5Catch11StringMakerIA9_cvE7convertB5cxx11EPKc
FN:272,275,_ZN5Catch11StringMakerIbvE7convertB5cxx11Eb
FN:43,49,_ZN5Catch6Detail13catch_strnlenEPKcm
FN:88,90,_ZN5Catch6Detail19convertUnstreamableISt11logic_errorEENSt9enable_ifIXaantsrSt7is_enumIT_E5valuesrSt10is_base_ofISt9exceptionS5_E5valueENSt7__cxx1112basic_stringIcSt11char_traitsIcESaIcEEEE4typeERKS5_
FNDA:0,_ZN5Catch11StringMakerI5ArrayIiEvE7convertIS2_EENSt9enable_ifIX20IsStreamInsertable_vIT_EENSt7__cxx1112basic_stringIcSt11char_traitsIcESaIcEEEE4typeERKS6_
FNDA:0,_ZN5Catch11StringMakerI6StringvE7convertIS1_EENSt9enable_ifIX20IsStreamInsertable_vIT_EENSt7__cxx1112basic_stringIcSt11char_traitsIcESaIcEEEE4typeERKS5_
FNDA:0,_ZN5Catch11StringMakerISt11logic_errorvE7convertIS1_EENSt9enable_ifIXnt20IsStreamInsertable_vIT_EENSt7__cxx1112basic_stringIcSt11char_traitsIcESaIcEEEE4typeERKS5_
FNDA:0,_ZN5Catch6Detail9stringifyI5ArrayIiEEENSt7__cxx1112basic_stringIcSt11char_traitsIcESaIcEEERKT_
FNDA:0,_ZN5Catch6Detail9stringifyI6StringEENSt7__cxx1112basic_stringIcSt11char_traitsIcESaIcEEERKT_
FNDA:0,_ZN5Catch6Detail9stringifyIA11_cEENSt7__cxx1112basic_stringIcSt11char_traitsIcESaIcEEERKT_
FNDA:0,_ZN5Catch6Detail9stringifyIA12_cEENSt7__cxx1112basic_stringIcSt11char_traitsIcESaIcEEERKT_
FNDA:0,_ZN5Catch6Detail9stringifyIA13_cEENSt7__cxx1112basic_stringIcSt11char_traitsIcESaIcEEERKT_
FNDA:0,_ZN5Catch6Detail9stringifyIA2_cEENSt7__cxx1112basic_stringIcSt11char_traitsIcESaIcEEERKT_
FNDA:0,_ZN5Catch6Detail9stringifyIA4_cEENSt7__cxx1112basic_stringIcSt11char_traitsIcESaIcEEERKT_
FNDA:0,_ZN5Catch6Detail9stringifyIA6_cEENSt7__cxx1112basic_stringIcSt11char_traitsIcESaIcEEERKT_
FNDA:0,_ZN5Catch6Detail9stringifyIA7_cEENSt7__cxx1112basic_stringIcSt11char_traitsIcESaIcEEERKT_
FNDA:0,_ZN5Catch6Detail9stringifyIA9_cEENSt7__cxx1112basic_stringIcSt11char_traitsIcESaIcEEERKT_
FNDA:0,_ZN5Catch6Detail9stringifyINSt7__cxx1112basic_stringIcSt11char_traitsIcESaIcEEEEES7_RKT_
FNDA:0,_ZN5Catch6Detail9stringifyISt11logic_errorEENSt7__cxx1112basic_stringIcSt11char_traitsIcESaIcEEERKT_
FNDA:0,_ZN5Catch6Detail9stringifyIbEENSt7__cxx1112basic_stringIcSt11char_traitsIcESaIcEEERKT_
FNDA:0,_ZN5Catch6Detail9stringifyIdEENSt7__cxx1112basic_stringIcSt11char_traitsIcESaIcEEERKT_
FNDA:0,_ZN5Catch6Detail9stringifyIiEENSt7__cxx1112basic_stringIcSt11char_traitsIcESaIcEEERKT_
FNDA:0,_ZN5Catch6Detail9stringifyImEENSt7__cxx1112basic_stringIcSt11char_traitsIcESaIcEEERKT_
FNDA:0,_ZN5Catch11StringMakerIA11_cvE7convertB5cxx11EPKc
FNDA:0,_ZN5Catch11StringMakerIA12_cvE7convertB5cxx11EPKc
FNDA:0,_ZN5Catch11StringMakerIA13_cvE7convertB5cxx11EPKc
FNDA:0,_ZN5Catch11StringMakerIA2_cvE7convertB5cxx11EPKc
FNDA:0,_ZN5Catch11StringMakerIA4_cvE7convertB5cxx11EPKc
FNDA:0,_ZN5Catch11StringMakerIA6_cvE7convertB5cxx11EPKc
FNDA:0,_ZN5Catch11StringMakerIA7_cvE7convertB5cxx11EPKc
FNDA:0,_ZN5Catch11StringMakerIA9_cvE7convertB5cxx11EPKc
FNDA:0,_ZN5Catch11StringMakerIbvE7convertB5cxx11Eb
FNDA:0,_ZN5Catch6Detail13catch_strnlenEPKcm
FNDA:0,_ZN5Catch6Detail19convertUnstreamableISt11logic_errorEENSt9enable_ifIXaantsrSt7is_enumIT_E5valuesrSt10is_base_ofISt9exceptionS5_E5valueENSt7__cxx1112basic_stringIcSt11char_traitsIcESaIcEEEE4typeERKS5_
FNF:30
FNH:0
DA:43,0
DA:44,0
DA:45,0
DA:46,0
DA:48,0
DA:88,0
DA:89,0
DA:120,0
DA:121,0
DA:124,0
DA:125,0
DA:126,0
DA:131,0
DA:133,0
DA:147,0
DA:150,0
DA:152,0
DA:217,0
DA:219,0
DA:272,0
DA:274,0
LF:21
LH:0
end_of_record
TN:
SF:/home/runner/work/CppUtil/CppUtil/build/vcpkg_installed/x64-linux/include/catch2/internal/catch_assertion_handler.hpp
FN:37,41,_ZN5Catch16AssertionHandlerD2Ev
FN:45,47,_ZN5Catch16AssertionHandler10handleExprIbEEvRKNS_7ExprLhsIT_EE
FNDA:40186,_ZN5Catch16AssertionHandlerD2Ev
FNDA:11,_ZN5Catch16AssertionHandler10handleExprIbEEvRKNS_7ExprLhsIT_EE
FNF:2
FNH:2
DA:37,40186
DA:38,40186
DA:39,0
DA:41,40186
DA:45,11
DA:46,11
DA:47,11
LF:7
LH:6
end_of_record
TN:
SF:/home/runner/work/CppUtil/CppUtil/build/vcpkg_installed/x64-linux/include/catch2/internal/catch_decomposer.hpp
FN:179,182,_ZN5Catch20ITransientExpressionC2Ebb
FN:201,204,_ZNK5Catch10BinaryExprIR5ArrayIiES3_E29streamReconstructedExpressionERSo
FN:201,204,_ZNK5Catch10BinaryExprIR6StringRA12_KcE29streamReconstructedExpressionERSo
FN:201,204,_ZNK5Catch10BinaryExprIR6StringRA4_KcE29streamReconstructedExpressionERSo
FN:201,204,_ZNK5Catch10BinaryExprIR6StringRA6_KcE29streamReconstructedExpressionERSo
FN:201,204,_ZNK5Catch10BinaryExprIR6StringRA7_KcE29streamReconstructedExpressionERSo
FN:201,204,_ZNK5Catch10BinaryExprIR6StringRA9_KcE29streamReconstructedExpressionERSo
FN:201,204,_ZNK5Catch10BinaryExprIR6StringS2_E29streamReconstructedExpressionERSo
FN:201,204,_ZNK5Catch10BinaryExprIRK6StringRA11_KcE29streamReconstructedExpressionERSo
FN:201,204,_ZNK5Catch10BinaryExprIRK6StringRA13_KcE29streamReconstructedExpressionERSo
FN:201,204,_ZNK5Catch10BinaryExprIRK6StringRA6_KcE29streamReconstructedExpressionERSo
FN:201,204,_ZNK5Catch10BinaryExprIRK6StringRS1_E29streamReconstructedExpressionERSo
FN:201,204,_ZNK5Catch10BinaryExprIRNSt7__cxx1112basic_stringIcSt11char_traitsIcESaIcEEERA2_KcE29streamReconstructedExpressionERSo
FN:201,204,_ZNK5Catch10BinaryExprIddE29streamReconstructedExpressionERSo
FN:201,204,_ZNK5Catch10BinaryExprIiiE29streamReconstructedExpressionERSo
FN:201,204,_ZNK5Catch10BinaryExprIimE29streamReconstructedExpressionERSo
FN:201,204,_ZNK5Catch10BinaryExprImiE29streamReconstructedExpressionERSo
FN:201,204,_ZNK5Catch10BinaryExprImmE29streamReconstructedExpressionERSo
FN:207,212,_ZN5Catch10BinaryExprIR5ArrayIiES3_EC2EbS3_NS_9StringRefES3_
FN:207,212,_ZN5Catch10BinaryExprIR6StringRA12_KcEC2EbS2_NS_9StringRefES5_
FN:207,212,_ZN5Catch10BinaryExprIR6StringRA4_KcEC2EbS2_NS_9StringRefES5_
FN:207,212,_ZN5Catch10BinaryExprIR6StringRA6_KcEC2EbS2_NS_9StringRefES5_
FN:207,212,_ZN5Catch10BinaryExprIR6StringRA7_KcEC2EbS2_NS_9StringRefES5_
FN:207,212,_ZN5Catch10BinaryExprIR6StringRA9_KcEC2EbS2_NS_9StringRefES5_
FN:207,212,_ZN5Catch10BinaryExprIR6StringS2_EC2EbS2_NS_9StringRefES2_
FN:207,212,_ZN5Catch10BinaryExprIRK6StringRA11_KcEC2EbS3_NS_9StringRefES6_
FN:207,212,_ZN5Catch10BinaryExprIRK6StringRA13_KcEC2EbS3_NS_9StringRefES6_
FN:207,212,_ZN5Catch10BinaryExprIRK6StringRA6_KcEC2EbS3_NS_9StringRefES6_
FN:207,212,_ZN5Catch10BinaryExprIRK6StringRS1_EC2EbS3_NS_9StringRefES4_
FN:207,212,_ZN5Catch10BinaryExprIRNSt7__cxx1112basic_stringIcSt11char_traitsIcESaIcEEERA2_KcEC2EbS7_NS_9StringRefESA_
FN:207,212,_ZN5Catch10BinaryExprIddEC2EbdNS_9StringRefEd
FN:207,212,_ZN5Catch10BinaryExprIiiEC2EbiNS_9StringRefEi
FN:207,212,_ZN5Catch10BinaryExprIimEC2EbiNS_9StringRefEm
FN:207,212,_ZN5Catch10BinaryExprImiEC2EbmNS_9StringRefEi
FN:207,212,_ZN5Catch10BinaryExprImmEC2EbmNS_9StringRefEm
FN:275,277,_ZNK5Catch9UnaryExprIbE29streamReconstructedExpressionERSo
FN:280,283,_ZN5Catch9UnaryExprIbEC2Eb
FN:291,291,_ZN5Catch7ExprLhsIR5ArrayIiEEC2ES3_
FN:291,291,_ZN5Catch7ExprLhsIR6StringEC2ES2_
FN:291,291,_ZN5Catch7ExprLhsIRK6StringEC2ES3_
FN:291,291,_ZN5Catch7ExprLhsIRNSt7__cxx1112basic_stringIcSt11char_traitsIcESaIcEEEEC2ES7_
FN:291,291,_ZN5Catch7ExprLhsIbEC2Eb
FN:291,291,_ZN5Catch7ExprLhsIdEC2Ed
FN:291,291,_ZN5Catch7ExprLhsIiEC2Ei
FN:291,291,_ZN5Catch7ExprLhsImEC2Em
FN:341,341,_ZN5CatcheqIR5ArrayIiEEENSt9enable_ifIXsrSt11conjunctionIJNS_6Detail16is_eq_comparableIS3_T_vEESt8negationINS_16capture_by_valueINSt9remove_cvINSt16remove_referenceIS8_E4typeEE4typeEEEEEE5valueENS_10BinaryExprIS3_RKS8_EEE4typeEONS_7ExprLhsIS3_EEOS8_
FN:341,341,_ZN5CatcheqIR6StringEENSt9enable_ifIXsrSt11conjunctionIJNS_6Detail16is_eq_comparableIRKS1_T_vEESt8negationINS_16capture_by_valueINSt9remove_cvINSt16remove_referenceIS9_E4typeEE4typeEEEEEE5valueENS_10BinaryExprIS8_RKS9_EEE4typeEONS_7ExprLhsIS8_EEOS9_
FN:341,341,_ZN5CatcheqIR6StringEENSt9enable_ifIXsrSt11conjunctionIJNS_6Detail16is_eq_comparableIS2_T_vEESt8negationINS_16capture_by_valueINSt9remove_cvINSt16remove_referenceIS7_E4typeEE4typeEEEEEE5valueENS_10BinaryExprIS2_RKS7_EEE4typeEONS_7ExprLhsIS2_EEOS7_
FN:341,341,_ZN5CatcheqIRA11_KcEENSt9enable_ifIXsrSt11conjunctionIJNS_6Detail16is_eq_comparableIRK6StringT_vEESt8negationINS_16capture_by_valueINSt9remove_cvINSt16remove_referenceISB_E4typeEE4typeEEEEEE5valueENS_10BinaryExprISA_RKSB_EEE4typeEONS_7ExprLhsISA_EEOSB_
FN:341,341,_ZN5CatcheqIRA12_KcEENSt9enable_ifIXsrSt11conjunctionIJNS_6Detail16is_eq_comparableIR6StringT_vEESt8negationINS_16capture_by_valueINSt9remove_cvINSt16remove_referenceISA_E4typeEE4typeEEEEEE5valueENS_10BinaryExprIS9_RKSA_EEE4typeEONS_7ExprLhsIS9_EEOSA_
FN:341,341,_ZN5CatcheqIRA13_KcEENSt9enable_ifIXsrSt11conjunctionIJNS_6Detail16is_eq_comparableIRK6StringT_vEESt8negationINS_16capture_by_valueINSt9remove_cvINSt16remove_referenceISB_E4typeEE4typeEEEEEE5valueENS_10BinaryExprISA_RKSB_EEE4typeEONS_7ExprLhsISA_EEOSB_
FN:341,341,_ZN5CatcheqIRA2_KcEENSt9enable_ifIXsrSt11conjunctionIJNS_6Detail16is_eq_comparableIRNSt7__cxx1112basic_stringIcSt11char_traitsIcESaIcEEET_vEESt8negationINS_16capture_by_valueINSt9remove_cvINSt16remove_referenceISF_E4typeEE4typeEEEEEE5valueENS_10BinaryExprISE_RKSF_EEE4typeEONS_7ExprLhsISE_EEOSF_
FN:341,341,_ZN5CatcheqIRA4_KcEENSt9enable_ifIXsrSt11conjunctionIJNS_6Detail16is_eq_comparableIR6StringT_vEESt8negationINS_16capture_by_valueINSt9remove_cvINSt16remove_referenceISA_E4typeEE4typeEEEEEE5valueENS_10BinaryExprIS9_RKSA_EEE4typeEONS_7ExprLhsIS9_EEOSA_
FN:341,341,_ZN5CatcheqIRA6_KcEENSt9enable_ifIXsrSt11conjunctionIJNS_6Detail16is_eq_comparableIR6StringT_vEESt8negationINS_16capture_by_valueINSt9remove_cvINSt16remove_referenceISA_E4typeEE4typeEEEEEE5valueENS_10BinaryExprIS9_RKSA_EEE4typeEONS_7ExprLhsIS9_EEOSA_
FN:341,341,_ZN5CatcheqIRA6_KcEENSt9enable_ifIXsrSt11conjunctionIJNS_6Detail16is_eq_comparableIRK6StringT_vEESt8negationINS_16capture_by_valueINSt9remove_cvINSt16remove_referenceISB_E4typeEE4typeEEEEEE5valueENS_10BinaryExprISA_RKSB_EEE4typeEONS_7ExprLhsISA_EEOSB_
FN:341,341,_ZN5CatcheqIRA7_KcEENSt9enable_ifIXsrSt11conjunctionIJNS_6Detail16is_eq_comparableIR6StringT_vEESt8negationINS_16capture_by_valueINSt9remove_cvINSt16remove_referenceISA_E4typeEE4typeEEEEEE5valueENS_10BinaryExprIS9_RKSA_EEE4typeEONS_7ExprLhsIS9_EEOSA_
FN:341,341,_ZN5CatcheqIRA9_KcEENSt9enable_ifIXsrSt11conjunctionIJNS_6Detail16is_eq_comparableIR6StringT_vEESt8negationINS_16capture_by_valueINSt9remove_cvINSt16remove_referenceISA_E4typeEE4typeEEEEEE5valueENS_10BinaryExprIS9_RKSA_EEE4typeEONS_7ExprLhsIS9_EEOSA_
FN:341,341,_ZN5CatcheqIdEENSt9enable_ifIXsrSt11conjunctionIJNS_6Detail16is_eq_comparableIdT_vEENS_16capture_by_valueIS5_EEEE5valueENS_10BinaryExprIdS5_EEE4typeEONS_7ExprLhsIdEES5_
FN:341,341,_ZN5CatcheqIiEENSt9enable_ifIXsrSt11conjunctionIJNS_6Detail16is_eq_comparableIiT_vEENS_16capture_by_valueIS5_EEEE5valueENS_10BinaryExprIiS5_EEE4typeEONS_7ExprLhsIiEES5_
FN:341,341,_ZN5CatcheqIiEENSt9enable_ifIXsrSt11conjunctionIJNS_6Detail16is_eq_comparableImT_vEENS_16capture_by_valueIS5_EEEE5valueENS_10BinaryExprImS5_EEE4typeEONS_7ExprLhsImEES5_
FN:341,341,_ZN5CatcheqImEENSt9enable_ifIXsrSt11conjunctionIJNS_6Detail16is_eq_comparableIiT_vEENS_16capture_by_valueIS5_EEEE5valueENS_10BinaryExprIiS5_EEE4typeEONS_7ExprLhsIiEES5_
FN:341,341,_ZN5CatcheqImEENSt9enable_ifIXsrSt11conjunctionIJNS_6Detail16is_eq_comparableImT_vEENS_16capture_by_valueIS5_EEEE5valueENS_10BinaryExprImS5_EEE4typeEONS_7ExprLhsImEES5_
FN:342,342,_ZN5CatchneIR5ArrayIiEEENSt9enable_ifIXsrSt11conjunctionIJNS_6Detail16is_ne_comparableIS3_T_vEESt8negationINS_16capture_by_valueINSt9remove_cvINSt16remove_referenceIS8_E4typeEE4typeEEEEEE5valueENS_10BinaryExprIS3_RKS8_EEE4typeEONS_7ExprLhsIS3_EEOS8_
FN:342,342,_ZN5CatchneIR6StringEENSt9enable_ifIXsrSt11conjunctionIJNS_6Detail16is_ne_comparableIS2_T_vEESt8negationINS_16capture_by_valueINSt9remove_cvINSt16remove_referenceIS7_E4typeEE4typeEEEEEE5valueENS_10BinaryExprIS2_RKS7_EEE4typeEONS_7ExprLhsIS2_EEOS7_
FN:436,438,_ZNK5Catch7ExprLhsIbE13makeUnaryExprEv
FN:445,447,_ZN5CatchleI6StringLi0EEENS_7ExprLhsIRKT_EEONS_10DecomposerEOS3_
FN:445,447,_ZN5CatchleIR5ArrayIiELi0EEENS_7ExprLhsIRKT_EEONS_10DecomposerEOS5_
FN:445,447,_ZN5CatchleIR6StringLi0EEENS_7ExprLhsIRKT_EEONS_10DecomposerEOS4_
FN:445,447,_ZN5CatchleIRNSt7__cxx1112basic_stringIcSt11char_traitsIcESaIcEEELi0EEENS_7ExprLhsIRKT_EEONS_10DecomposerEOS9_
FN:451,453,_ZN5CatchleIbLi0EEENS_7ExprLhsIT_EEONS_10DecomposerES2_
FN:451,453,_ZN5CatchleIdLi0EEENS_7ExprLhsIT_EEONS_10DecomposerES2_
FN:451,453,_ZN5CatchleIiLi0EEENS_7ExprLhsIT_EEONS_10DecomposerES2_
FN:451,453,_ZN5CatchleImLi0EEENS_7ExprLhsIT_EEONS_10DecomposerES2_
FNDA:30119,_ZN5Catch20ITransientExpressionC2Ebb
FNDA:0,_ZNK5Catch10BinaryExprIR5ArrayIiES3_E29streamReconstructedExpressionERSo
FNDA:0,_ZNK5Catch10BinaryExprIR6StringRA12_KcE29streamReconstructedExpressionERSo
FNDA:0,_ZNK5Catch10BinaryExprIR6StringRA4_KcE29streamReconstructedExpressionERSo
FNDA:0,_ZNK5Catch10BinaryExprIR6StringRA6_KcE29streamReconstructedExpressionERSo
FNDA:0,_ZNK5Catch10BinaryExprIR6StringRA7_KcE29streamReconstructedExpressionERSo
FNDA:0,_ZNK5Catch10BinaryExprIR6StringRA9_KcE29streamReconstructedExpressionERSo
FNDA:0,_ZNK5Catch10BinaryExprIR6StringS2_E29streamReconstructedExpressionERSo
FNDA:0,_ZNK5Catch10BinaryExprIRK6StringRA11_KcE29streamReconstructedExpressionERSo
FNDA:0,_ZNK5Catch10BinaryExprIRK6StringRA13_KcE29streamReconstructedExpressionERSo
FNDA:0,_ZNK5Catch10BinaryExprIRK6StringRA6_KcE29streamReconstructedExpressionERSo
FNDA:0,_ZNK5Catch10BinaryExprIRK6StringRS1_E29streamReconstructedExpressionERSo
FNDA:0,_ZNK5Catch10BinaryExprIRNSt7__cxx1112basic_stringIcSt11char_traitsIcESaIcEEERA2_KcE29streamReconstructedExpressionERSo
FNDA:0,_ZNK5Catch10BinaryExprIddE29streamReconstructedExpressionERSo
FNDA:0,_ZNK5Catch10BinaryExprIiiE29streamReconstructedExpressionERSo
FNDA:0,_ZNK5Catch10BinaryExprIimE29streamReconstructedExpressionERSo
FNDA:0,_ZNK5Catch10BinaryExprImiE29streamReconstructedExpressionERSo
FNDA:0,_ZNK5Catch10BinaryExprImmE29streamReconstructedExpressionERSo
FNDA:7,_ZN5Catch10BinaryExprIR5ArrayIiES3_EC2EbS3_NS_9StringRefES3_
FNDA:2,_ZN5Catch10BinaryExprIR6StringRA12_KcEC2EbS2_NS_9StringRefES5_
FNDA:1,_ZN5Catch10BinaryExprIR6StringRA4_KcEC2EbS2_NS_9StringRefES5_
FNDA:4,_ZN5Catch10BinaryExprIR6StringRA6_KcEC2EbS2_NS_9StringRefES5_
FNDA:1,_ZN5Catch10BinaryExprIR6StringRA7_KcEC2EbS2_NS_9StringRefES5_
FNDA:1,_ZN5Catch10BinaryExprIR6StringRA9_KcEC2EbS2_NS_9StringRefES5_
FNDA:15,_ZN5Catch10BinaryExprIR6StringS2_EC2EbS2_NS_9StringRefES2_
FNDA:4,_ZN5Catch10BinaryExprIRK6StringRA11_KcEC2EbS3_NS_9StringRefES6_
FNDA:1,_ZN5Catch10BinaryExprIRK6StringRA13_KcEC2EbS3_NS_9StringRefES6_
FNDA:1,_ZN5Catch10BinaryExprIRK6StringRA6_KcEC2EbS3_NS_9StringRefES6_
FNDA:1,_ZN5Catch10BinaryExprIRK6StringRS1_EC2EbS3_NS_9StringRefES4_
FNDA:8,_ZN5Catch10BinaryExprIRNSt7__cxx1112basic_stringIcSt11char_traitsIcESaIcEEERA2_KcEC2EbS7_NS_9StringRefESA_
FNDA:3,_ZN5Catch10BinaryExprIddEC2EbdNS_9StringRefEd
FNDA:20030,_ZN5Catch10BinaryExprIiiEC2EbiNS_9StringRefEi
FNDA:9,_ZN5Catch10BinaryExprIimEC2EbiNS_9StringRefEm
FNDA:18,_ZN5Catch10BinaryExprImiEC2EbmNS_9StringRefEi
FNDA:10001,_ZN5Catch10BinaryExprImmEC2EbmNS_9StringRefEm
FNDA:0,_ZNK5Catch9UnaryExprIbE29streamReconstructedExpressionERSo
FNDA:11,_ZN5Catch9UnaryExprIbEC2Eb
FNDA:7,_ZN5Catch7ExprLhsIR5ArrayIiEEC2ES3_
FNDA:24,_ZN5Catch7ExprLhsIR6StringEC2ES2_
FNDA:7,_ZN5Catch7ExprLhsIRK6StringEC2ES3_
FNDA:8,_ZN5Catch7ExprLhsIRNSt7__cxx1112basic_stringIcSt11char_traitsIcESaIcEEEEC2ES7_
FNDA:11,_ZN5Catch7ExprLhsIbEC2Eb
FNDA:3,_ZN5Catch7ExprLhsIdEC2Ed
FNDA:20039,_ZN5Catch7ExprLhsIiEC2Ei
FNDA:10019,_ZN5Catch7ExprLhsImEC2Em
FNDA:4,_ZN5CatcheqIR5ArrayIiEEENSt9enable_ifIXsrSt11conjunctionIJNS_6Detail16is_eq_comparableIS3_T_vEESt8negationINS_16capture_by_valueINSt9remove_cvINSt16remove_referenceIS8_E4typeEE4typeEEEEEE5valueENS_10BinaryExprIS3_RKS8_EEE4typeEONS_7ExprLhsIS3_EEOS8_
FNDA:1,_ZN5CatcheqIR6StringEENSt9enable_ifIXsrSt11conjunctionIJNS_6Detail16is_eq_comparableIRKS1_T_vEESt8negationINS_16capture_by_valueINSt9remove_cvINSt16remove_referenceIS9_E4typeEE4typeEEEEEE5valueENS_10BinaryExprIS8_RKS9_EEE4typeEONS_7ExprLhsIS8_EEOS9_
FNDA:6,_ZN5CatcheqIR6StringEENSt9enable_ifIXsrSt11conjunctionIJNS_6Detail16is_eq_comparableIS2_T_vEESt8negationINS_16capture_by_valueINSt9remove_cvINSt16remove_referenceIS7_E4typeEE4typeEEEEEE5valueENS_10BinaryExprIS2_RKS7_EEE4typeEONS_7ExprLhsIS2_EEOS7_
FNDA:4,_ZN5CatcheqIRA11_KcEENSt9enable_ifIXsrSt11conjunctionIJNS_6Detail16is_eq_comparableIRK6StringT_vEESt8negationINS_16capture_by_valueINSt9remove_cvINSt16remove_referenceISB_E4typeEE4typeEEEEEE5valueENS_10BinaryExprISA_RKSB_EEE4typeEONS_7ExprLhsISA_EEOSB_
FNDA:2,_ZN5CatcheqIRA12_KcEENSt9enable_ifIXsrSt11conjunctionIJNS_6Detail16is_eq_comparableIR6StringT_vEESt8negationINS_16capture_by_valueINSt9remove_cvINSt16remove_referenceISA_E4typeEE4typeEEEEEE5valueENS_10BinaryExprIS9_RKSA_EEE4typeEONS_7ExprLhsIS9_EEOSA_
FNDA:1,_ZN5CatcheqIRA13_KcEENSt9enable_ifIXsrSt11conjunctionIJNS_6Detail16is_eq_comparableIRK6StringT_vEESt8negationINS_16capture_by_valueINSt9remove_cvINSt16remove_referenceISB_E4typeEE4typeEEEEEE5valueENS_10BinaryExprISA_RKSB_EEE4typeEONS_7ExprLhsISA_EEOSB_
FNDA:8,_ZN5CatcheqIRA2_KcEENSt9enable_ifIXsrSt11conjunctionIJNS_6Detail16is_eq_comparableIRNSt7__cxx1112basic_stringIcSt11char_traitsIcESaIcEEET_vEESt8negationINS_16capture_by_valueINSt9remove_cvINSt16remove_referenceISF_E4typeEE4typeEEEEEE5valueENS_10BinaryExprISE_RKSF_EEE4typeEONS_7ExprLhsISE_EEOSF_
FNDA:1,_ZN5CatcheqIRA4_KcEENSt9enable_ifIXsrSt11conjunctionIJNS_6Detail16is_eq_comparableIR6StringT_vEESt8negationINS_16capture_by_valueINSt9remove_cvINSt16remove_referenceISA_E4typeEE4typeEEEEEE5valueENS_10BinaryExprIS9_RKSA_EEE4typeEONS_7ExprLhsIS9_EEOSA_
FNDA:4,_ZN5CatcheqIRA6_KcEENSt9enable_ifIXsrSt11conjunctionIJNS_6Detail16is_eq_comparableIR6StringT_vEESt8negationINS_16capture_by_valueINSt9remove_cvINSt16remove_referenceISA_E4typeEE4typeEEEEEE5valueENS_10BinaryExprIS9_RKSA_EEE4typeEONS_7ExprLhsIS9_EEOSA_
FNDA:1,_ZN5CatcheqIRA6_KcEENSt9enable_ifIXsrSt11conjunctionIJNS_6Detail16is_eq_comparableIRK6StringT_vEESt8negationINS_16capture_by_valueINSt9remove_cvINSt16remove_referenceISB_E4typeEE4typeEEEEEE5valueENS_10BinaryExprISA_RKSB_EEE4typeEONS_7ExprLhsISA_EEOSB_
FNDA:1,_ZN5CatcheqIRA7_KcEENSt9enable_ifIXsrSt11conjunctionIJNS_6Detail16is_eq_comparableIR6StringT_vEESt8negationINS_16capture_by_valueINSt9remove_cvINSt16remove_referenceISA_E4typeEE4typeEEEEEE5valueENS_10BinaryExprIS9_RKSA_EEE4typeEONS_7ExprLhsIS9_EEOSA_
FNDA:1,_ZN5CatcheqIRA9_KcEENSt9enable_ifIXsrSt11conjunctionIJNS_6Detail16is_eq_comparableIR6StringT_vEESt8negationINS_16capture_by_valueINSt9remove_cvINSt16remove_referenceISA_E4typeEE4typeEEEEEE5valueENS_10BinaryExprIS9_RKSA_EEE4typeEONS_7ExprLhsIS9_EEOSA_
FNDA:3,_ZN5CatcheqIdEENSt9enable_ifIXsrSt11conjunctionIJNS_6Detail16is_eq_comparableIdT_vEENS_16capture_by_valueIS5_EEEE5valueENS_10BinaryExprIdS5_EEE4typeEONS_7ExprLhsIdEES5_
FNDA:20030,_ZN5CatcheqIiEENSt9enable_ifIXsrSt11conjunctionIJNS_6Detail16is_eq_comparableIiT_vEENS_16capture_by_valueIS5_EEEE5valueENS_10BinaryExprIiS5_EEE4typeEONS_7ExprLhsIiEES5_
FNDA:18,_ZN5CatcheqIiEENSt9enable_ifIXsrSt11conjunctionIJNS_6Detail16is_eq_comparableImT_vEENS_16capture_by_valueIS5_EEEE5valueENS_10BinaryExprImS5_EEE4typeEONS_7ExprLhsImEES5_
FNDA:9,_ZN5CatcheqImEENSt9enable_ifIXsrSt11conjunctionIJNS_6Detail16is_eq_comparableIiT_vEENS_16capture_by_valueIS5_EEEE5valueENS_10BinaryExprIiS5_EEE4typeEONS_7ExprLhsIiEES5_
FNDA:10001,_ZN5CatcheqImEENSt9enable_ifIXsrSt11conjunctionIJNS_6Detail16is_eq_comparableImT_vEENS_16capture_by_valueIS5_EEEE5valueENS_10BinaryExprImS5_EEE4typeEONS_7ExprLhsImEES5_
FNDA:3,_ZN5CatchneIR5ArrayIiEEENSt9enable_ifIXsrSt11conjunctionIJNS_6Detail16is_ne_comparableIS3_T_vEESt8negationINS_16capture_by_valueINSt9remove_cvINSt16remove_referenceIS8_E4typeEE4typeEEEEEE5valueENS_10BinaryExprIS3_RKS8_EEE4typeEONS_7ExprLhsIS3_EEOS8_
FNDA:9,_ZN5CatchneIR6StringEENSt9enable_ifIXsrSt11conjunctionIJNS_6Detail16is_ne_comparableIS2_T_vEESt8negationINS_16capture_by_valueINSt9remove_cvINSt16remove_referenceIS7_E4typeEE4typeEEEEEE5valueENS_10BinaryExprIS2_RKS7_EEE4typeEONS_7ExprLhsIS2_EEOS7_
FNDA:11,_ZNK5Catch7ExprLhsIbE13makeUnaryExprEv
FNDA:7,_ZN5CatchleI6StringLi0EEENS_7ExprLhsIRKT_EEONS_10DecomposerEOS3_
FNDA:7,_ZN5CatchleIR5ArrayIiELi0EEENS_7ExprLhsIRKT_EEONS_10DecomposerEOS5_
FNDA:24,_ZN5CatchleIR6StringLi0EEENS_7ExprLhsIRKT_EEONS_10DecomposerEOS4_
FNDA:8,_ZN5CatchleIRNSt7__cxx1112basic_stringIcSt11char_traitsIcESaIcEEELi0EEENS_7ExprLhsIRKT_EEONS_10DecomposerEOS9_
FNDA:11,_ZN5CatchleIbLi0EEENS_7ExprLhsIT_EEONS_10DecomposerES2_
FNDA:3,_ZN5CatchleIdLi0EEENS_7ExprLhsIT_EEONS_10DecomposerES2_
FNDA:20039,_ZN5CatchleIiLi0EEENS_7ExprLhsIT_EEONS_10DecomposerES2_
FNDA:10019,_ZN5CatchleImLi0EEENS_7ExprLhsIT_EEONS_10DecomposerES2_
FNF:73
FNH:55
DA:179,30119
DA:180,30119
DA:181,30119
DA:182,30119
DA:201,0
DA:203,0
DA:204,0
DA:207,30107
DA:209,30107
DA:210,30107
DA:211,30107
DA:212,30107
DA:275,0
DA:276,0
DA:277,0
DA:280,11
DA:282,11
DA:283,11
DA:291,30118
DA:341,30095
DA:342,12
DA:436,11
DA:437,11
DA:445,46
DA:446,46
DA:451,30072
DA:452,30072
LF:27
LH:21
end_of_record
TN:
SF:/home/runner/work/CppUtil/CppUtil/build/vcpkg_installed/x64-linux/include/catch2/internal/catch_result_type.hpp
FN:51,55,_ZN5CatchorENS_17ResultDisposition5FlagsES1_
FNDA:8,_ZN5CatchorENS_17ResultDisposition5FlagsES1_
FNF:1
FNH:1
DA:51,8
DA:53,8
DA:54,8
LF:3
LH:3
end_of_record
TN:
SF:/home/runner/work/CppUtil/CppUtil/build/vcpkg_installed/x64-linux/include/catch2/internal/catch_reusable_string_stream.hpp
FN:45,48,_ZN5Catch20ReusableStringStreamlsI5ArrayIiEEERS0_RKT_
FN:45,48,_ZN5Catch20ReusableStringStreamlsI6StringEERS0_RKT_
FNDA:0,_ZN5Catch20ReusableStringStreamlsI5ArrayIiEEERS0_RKT_
FNDA:0,_ZN5Catch20ReusableStringStreamlsI6StringEERS0_RKT_
FNF:2
FNH:0
DA:45,0
DA:46,0
DA:47,0
LF:3
LH:0
end_of_record
TN:
SF:/home/runner/work/CppUtil/CppUtil/build/vcpkg_installed/x64-linux/include/catch2/internal/catch_source_line_info.hpp
FN:19,22,_ZN5Catch14SourceLineInfoC2EPKcm
FNDA:40917,_ZN5Catch14SourceLineInfoC2EPKcm
FNF:1
FNH:1
DA:19,40917
DA:20,40917
DA:21,40917
DA:22,40917
LF:4
LH:4
end_of_record
TN:
SF:/home/runner/work/CppUtil/CppUtil/build/vcpkg_installed/x64-linux/include/catch2/internal/catch_stringref.hpp
FN:114,116,_ZN5Catchli3_srEPKcm
FN:119,121,_Zli9_catch_srPKcm
FN:37,37,_ZN5Catch9StringRefC2Ev
FN:41,44,_ZN5Catch9StringRefC2EPKcm
FNDA:32905,_ZN5Catchli3_srEPKcm
FNDA:80372,_Zli9_catch_srPKcm
FNDA:1630,_ZN5Catch9StringRefC2Ev
FNDA:118608,_ZN5Catch9StringRefC2EPKcm
FNF:4
FNH:4
DA:37,1630
DA:41,118608
DA:42,118608
DA:43,118608
DA:44,118608
DA:114,32905
DA:115,32905
DA:119,80372
DA:120,80372
LF:9
LH:9
end_of_record
TN:
SF:/home/runner/work/CppUtil/CppUtil/build/vcpkg_installed/x64-linux/include/catch2/internal/catch_test_registry.hpp
FN:80,82,_ZN5Catch11NameAndTagsC2ENS_9StringRefES1_
FNDA:144,_ZN5Catch11NameAndTagsC2ENS_9StringRefES1_
FNF:1
FNH:1
DA:80,144
DA:81,144
DA:82,144
LF:3
LH:3
end_of_record
TN:
SF:/home/runner/work/CppUtil/CppUtil/build/vcpkg_installed/x64-linux/include/catch2/internal/catch_unique_ptr.hpp
FN:59,61,_ZN5Catch6Detail10unique_ptrINS_12ITestInvokerEED2Ev
FNDA:591,_ZN5Catch6Detail10unique_ptrINS_12ITestInvokerEED2Ev
FNF:1
FNH:1
DA:59,591
DA:60,591
DA:61,591
LF:3
LH:3
end_of_record
TN:
SF:/home/runner/work/CppUtil/CppUtil/build/vcpkg_installed/x64-linux/include/catch2/matchers/internal/catch_matchers_impl.hpp
FN:36,40,_ZN5Catch9MatchExprIRKSt11logic_errorZL22CATCH2_INTERNAL_TEST_0vE23ExceptionMessageMatcherEC2ES3_RKS4_
FN:42,46,_ZNK5Catch9MatchExprIRKSt11logic_errorZL22CATCH2_INTERNAL_TEST_0vE23ExceptionMessageMatcherE29streamReconstructedExpressionERSo
FN:67,69,_ZN5Catch13makeMatchExprIRKSt11logic_errorZL22CATCH2_INTERNAL_TEST_0vE23ExceptionMessageMatcherEENS_9MatchExprIT_T0_EEOS6_RKS7_
FNDA:1,_ZN5Catch9MatchExprIRKSt11logic_errorZL22CATCH2_INTERNAL_TEST_0vE23ExceptionMessageMatcherEC2ES3_RKS4_
FNDA:0,_ZNK5Catch9MatchExprIRKSt11logic_errorZL22CATCH2_INTERNAL_TEST_0vE23ExceptionMessageMatcherE29streamReconstructedExpressionERSo
FNDA:1,_ZN5Catch13makeMatchExprIRKSt11logic_errorZL22CATCH2_INTERNAL_TEST_0vE23ExceptionMessageMatcherEENS_9MatchExprIT_T0_EEOS6_RKS7_
FNF:3
FNH:2
DA:36,1
DA:37,2
DA:38,1
DA:39,1
DA:40,1
DA:42,0
DA:45,0
DA:46,0
DA:67,1
DA:68,1
LF:10
LH:7
end_of_record
TN:
SF:/usr/include/c++/13/bits/alloc_traits.h
FNF:0
FNH:0
DA:482,11
DA:517,11
DA:588,6
DA:661,11
DA:675,11
LF:5
LH:5
end_of_record
TN:
SF:/usr/include/c++/13/bits/allocated_ptr.h
FN:53,55,_ZNSt15__allocated_ptrISaISt23_Sp_counted_ptr_inplaceIN7CppUtil10AsyncStateESaIvELN9__gnu_cxx12_Lock_policyE2EEEEC2ERS7_PS6_
FN:53,55,_ZNSt15__allocated_ptrISaISt23_Sp_counted_ptr_inplaceIiSaIvELN9__gnu_cxx12_Lock_policyE2EEEEC2ERS5_PS4_
FN:71,75,_ZNSt15__allocated_ptrISaISt23_Sp_counted_ptr_inplaceIN7CppUtil10AsyncStateESaIvELN9__gnu_cxx12_Lock_policyE2EEEED2Ev
FN:71,75,_ZNSt15__allocated_ptrISaISt23_Sp_counted_ptr_inplaceIiSaIvELN9__gnu_cxx12_Lock_policyE2EEEED2Ev
FN:79,83,_ZNSt15__allocated_ptrISaISt23_Sp_counted_ptr_inplaceIN7CppUtil10AsyncStateESaIvELN9__gnu_cxx12_Lock_policyE2EEEEaSEDn
FN:79,83,_ZNSt15__allocated_ptrISaISt23_Sp_counted_ptr_inplaceIiSaIvELN9__gnu_cxx12_Lock_policyE2EEEEaSEDn
FN:86,86,_ZNSt15__allocated_ptrISaISt23_Sp_counted_ptr_inplaceIN7CppUtil10AsyncStateESaIvELN9__gnu_cxx12_Lock_policyE2EEEE3getEv
FN:86,86,_ZNSt15__allocated_ptrISaISt23_Sp_counted_ptr_inplaceIiSaIvELN9__gnu_cxx12_Lock_policyE2EEEE3getEv
FN:96,99,_ZSt18__allocate_guardedISaISt23_Sp_counted_ptr_inplaceIN7CppUtil10AsyncStateESaIvELN9__gnu_cxx12_Lock_policyE2EEEESt15__allocated_ptrIT_ERS9_
FN:96,99,_ZSt18__allocate_guardedISaISt23_Sp_counted_ptr_inplaceIiSaIvELN9__gnu_cxx12_Lock_policyE2EEEESt15__allocated_ptrIT_ERS7_
FNDA:12,_ZNSt15__allocated_ptrISaISt23_Sp_counted_ptr_inplaceIN7CppUtil10AsyncStateESaIvELN9__gnu_cxx12_Lock_policyE2EEEEC2ERS7_PS6_
FNDA:10,_ZNSt15__allocated_ptrISaISt23_Sp_counted_ptr_inplaceIiSaIvELN9__gnu_cxx12_Lock_policyE2EEEEC2ERS5_PS4_
FNDA:12,_ZNSt15__allocated_ptrISaISt23_Sp_counted_ptr_inplaceIN7CppUtil10AsyncStateESaIvELN9__gnu_cxx12_Lock_policyE2EEEED2Ev
FNDA:10,_ZNSt15__allocated_ptrISaISt23_Sp_counted_ptr_inplaceIiSaIvELN9__gnu_cxx12_Lock_policyE2EEEED2Ev
FNDA:6,_ZNSt15__allocated_ptrISaISt23_Sp_counted_ptr_inplaceIN7CppUtil10AsyncStateESaIvELN9__gnu_cxx12_Lock_policyE2EEEEaSEDn
FNDA:5,_ZNSt15__allocated_ptrISaISt23_Sp_counted_ptr_inplaceIiSaIvELN9__gnu_cxx12_Lock_policyE2EEEEaSEDn
FNDA:6,_ZNSt15__allocated_ptrISaISt23_Sp_counted_ptr_inplaceIN7CppUtil10AsyncStateESaIvELN9__gnu_cxx12_Lock_policyE2EEEE3getEv
FNDA:5,_ZNSt15__allocated_ptrISaISt23_Sp_counted_ptr_inplaceIiSaIvELN9__gnu_cxx12_Lock_policyE2EEEE3getEv
FNDA:6,_ZSt18__allocate_guardedISaISt23_Sp_counted_ptr_inplaceIN7CppUtil10AsyncStateESaIvELN9__gnu_cxx12_Lock_policyE2EEEESt15__allocated_ptrIT_ERS9_
FNDA:5,_ZSt18__allocate_guardedISaISt23_Sp_counted_ptr_inplaceIiSaIvELN9__gnu_cxx12_Lock_policyE2EEEESt15__allocated_ptrIT_ERS7_
FNF:10
FNH:10
DA:53,22
DA:54,22
DA:55,22
DA:71,22
DA:73,22
DA:74,11
DA:75,22
DA:79,11
DA:81,11
DA:82,11
DA:86,11
DA:96,11
DA:98,11
LF:13
LH:13
end_of_record
TN:
SF:/usr/include/c++/13/bits/allocator.h
FNF:0
FNH:0
DA:163,71
DA:168,6
DA:178,22
DA:184,105
LF:4
LH:4
end_of_record
TN:
SF:/usr/include/c++/13/bits/basic_string.h
FN:3528,3541,_ZSt12__str_concatINSt7__cxx1112basic_stringIcSt11char_traitsIcESaIcEEEET_PKNS6_10value_typeENS6_9size_typeES9_SA_RKNS6_14allocator_typeE
FN:3571,3579,_ZStplIcSt11char_traitsIcESaIcEENSt7__cxx1112basic_stringIT_T0_T1_EEPKS5_RKS8_
FN:3651,3669,_ZStplIcSt11char_traitsIcESaIcEENSt7__cxx1112basic_stringIT_T0_T1_EEOS8_S9_
FN:3674,3676,_ZStplIcSt11char_traitsIcESaIcEENSt7__cxx1112basic_stringIT_T0_T1_EEPKS5_OS8_
FN:3688,3690,_ZStplIcSt11char_traitsIcESaIcEENSt7__cxx1112basic_stringIT_T0_T1_EEOS8_PKS5_
FN:3710,3716,_ZSteqIcSt11char_traitsIcESaIcEEbRKNSt7__cxx1112basic_stringIT_T0_T1_EESA_
FN:3727,3732,_ZSteqIcSt11char_traitsIcESaIcEEbRKNSt7__cxx1112basic_stringIT_T0_T1_EEPKS5_
FN:3788,3791,_ZStneIcSt11char_traitsIcESaIcEEbRKNSt7__cxx1112basic_stringIT_T0_T1_EESA_
FN:4162,4173,_ZNSt7__cxx119to_stringEi
FN:4204,4212,_ZNSt7__cxx119to_stringEm
FN:4487,4488,_ZNSt8literals15string_literalsli1sB5cxx11EPKcm
FN:641,650,_ZNSt7__cxx1112basic_stringIcSt11char_traitsIcESaIcEEC2IS3_EEPKcRKS3_
FN:664,666,_ZNSt7__cxx1112basic_stringIcSt11char_traitsIcESaIcEEC2IS3_EEmcRKS3_
FNDA:6,_ZSt12__str_concatINSt7__cxx1112basic_stringIcSt11char_traitsIcESaIcEEEET_PKNS6_10value_typeENS6_9size_typeES9_SA_RKNS6_14allocator_typeE
FNDA:6,_ZStplIcSt11char_traitsIcESaIcEENSt7__cxx1112basic_stringIT_T0_T1_EEPKS5_RKS8_
FNDA:7,_ZStplIcSt11char_traitsIcESaIcEENSt7__cxx1112basic_stringIT_T0_T1_EEOS8_S9_
FNDA:9,_ZStplIcSt11char_traitsIcESaIcEENSt7__cxx1112basic_stringIT_T0_T1_EEPKS5_OS8_
FNDA:22,_ZStplIcSt11char_traitsIcESaIcEENSt7__cxx1112basic_stringIT_T0_T1_EEOS8_PKS5_
FNDA:80,_ZSteqIcSt11char_traitsIcESaIcEEbRKNSt7__cxx1112basic_stringIT_T0_T1_EESA_
FNDA:9,_ZSteqIcSt11char_traitsIcESaIcEEbRKNSt7__cxx1112basic_stringIT_T0_T1_EEPKS5_
FNDA:0,_ZStneIcSt11char_traitsIcESaIcEEbRKNSt7__cxx1112basic_stringIT_T0_T1_EESA_
FNDA:3,_ZNSt7__cxx119to_stringEi
FNDA:16,_ZNSt7__cxx119to_stringEm
FNDA:12,_ZNSt8literals15string_literalsli1sB5cxx11EPKcm
FNDA:279,_ZNSt7__cxx1112basic_stringIcSt11char_traitsIcESaIcEEC2IS3_EEPKcRKS3_
FNDA:111,_ZNSt7__cxx1112basic_stringIcSt11char_traitsIcESaIcEEC2IS3_EEmcRKS3_
FNF:13
FNH:12
DA:355,363
DA:641,279
DA:642,279
DA:645,279
DA:646,0
DA:648,279
DA:649,279
DA:650,279
DA:664,111
DA:665,111
DA:666,111
DA:3528,6
DA:3536,6
DA:3537,6
DA:3538,6
DA:3539,6
DA:3540,6
DA:3541,0
DA:3571,6
DA:3578,12
DA:3651,7
DA:3656,7
DA:3658,7
DA:3661,7
DA:3664,7
DA:3665,7
DA:3666,0
DA:3668,7
DA:3674,9
DA:3676,9
DA:3688,22
DA:3690,22
DA:3710,80
DA:3714,80
DA:3715,80
DA:3727,9
DA:3730,9
DA:3731,9
DA:3788,0
DA:3791,0
DA:4162,3
DA:4167,3
DA:4168,3
DA:4169,3
DA:4170,3
DA:4171,3
DA:4172,3
DA:4204,16
DA:4209,16
DA:4210,16
DA:4211,16
DA:4212,0
DA:4487,12
DA:4488,36
LF:54
LH:48
end_of_record
TN:
SF:/usr/include/c++/13/bits/basic_string.tcc
FN:221,252,_ZNSt7__cxx1112basic_stringIcSt11char_traitsIcESaIcEE12_M_constructIPKcEEvT_S8_St20forward_iterator_tag
FN:221,252,_ZNSt7__cxx1112basic_stringIcSt11char_traitsIcESaIcEE12_M_constructIPcEEvT_S7_St20forward_iterator_tag
FN:239,239,_ZZNSt7__cxx1112basic_stringIcSt11char_traitsIcESaIcEE12_M_constructIPKcEEvT_S8_St20forward_iterator_tagEN6_GuardC2EPS4_
FN:239,239,_ZZNSt7__cxx1112basic_stringIcSt11char_traitsIcESaIcEE12_M_constructIPcEEvT_S7_St20forward_iterator_tagEN6_GuardC2EPS4_
FN:242,242,_ZZNSt7__cxx1112basic_stringIcSt11char_traitsIcESaIcEE12_M_constructIPKcEEvT_S8_St20forward_iterator_tagEN6_GuardD2Ev
FN:242,242,_ZZNSt7__cxx1112basic_stringIcSt11char_traitsIcESaIcEE12_M_constructIPcEEvT_S7_St20forward_iterator_tagEN6_GuardD2Ev
FNDA:536,_ZNSt7__cxx1112basic_stringIcSt11char_traitsIcESaIcEE12_M_constructIPKcEEvT_S8_St20forward_iterator_tag
FNDA:0,_ZNSt7__cxx1112basic_stringIcSt11char_traitsIcESaIcEE12_M_constructIPcEEvT_S7_St20forward_iterator_tag
FNDA:536,_ZZNSt7__cxx1112basic_stringIcSt11char_traitsIcESaIcEE12_M_constructIPKcEEvT_S8_St20forward_iterator_tagEN6_GuardC2EPS4_
FNDA:0,_ZZNSt7__cxx1112basic_stringIcSt11char_traitsIcESaIcEE12_M_constructIPcEEvT_S7_St20forward_iterator_tagEN6_GuardC2EPS4_
FNDA:536,_ZZNSt7__cxx1112basic_stringIcSt11char_traitsIcESaIcEE12_M_constructIPKcEEvT_S8_St20forward_iterator_tagEN6_GuardD2Ev
FNDA:0,_ZZNSt7__cxx1112basic_stringIcSt11char_traitsIcESaIcEE12_M_constructIPcEEvT_S7_St20forward_iterator_tagEN6_GuardD2Ev
FNF:6
FNH:3
DA:221,536
DA:225,536
DA:227,536
DA:229,173
DA:230,173
DA:239,536
DA:242,536
DA:245,536
DA:247,536
DA:249,536
DA:251,536
DA:252,536
LF:12
LH:12
end_of_record
TN:
SF:/usr/include/c++/13/bits/char_traits.h
FN:136,137,_ZN9__gnu_cxx11char_traitsIcE2eqERKcS3_
FN:199,206,_ZN9__gnu_cxx11char_traitsIcE6lengthEPKc
FN:210,217,_ZN9__gnu_cxx11char_traitsIcE4findEPKcmRS2_
FN:366,371,_ZNSt11char_traitsIcE2ltERKcS2_
FN:374,390,_ZNSt11char_traitsIcE7compareEPKcS2_m
FN:393,400,_ZNSt11char_traitsIcE6lengthEPKc
FN:403,412,_ZNSt11char_traitsIcE4findEPKcmRS1_
FN:427,436,_ZNSt11char_traitsIcE4copyEPcPKcm
FNDA:0,_ZN9__gnu_cxx11char_traitsIcE2eqERKcS3_
FNDA:0,_ZN9__gnu_cxx11char_traitsIcE6lengthEPKc
FNDA:0,_ZN9__gnu_cxx11char_traitsIcE4findEPKcmRS2_
FNDA:0,_ZNSt11char_traitsIcE2ltERKcS2_
FNDA:73,_ZNSt11char_traitsIcE7compareEPKcS2_m
FNDA:294,_ZNSt11char_traitsIcE6lengthEPKc
FNDA:0,_ZNSt11char_traitsIcE4findEPKcmRS1_
FNDA:0,_ZNSt11char_traitsIcE4copyEPcPKcm
FNF:8
FNH:2
DA:136,0
DA:137,0
DA:199,0
DA:202,0
DA:203,0
DA:204,0
DA:205,0
DA:210,0
DA:213,0
DA:214,0
DA:215,0
DA:216,0
DA:366,0
DA:369,0
DA:370,0
DA:374,73
DA:376,73
DA:377,0
DA:379,73
DA:381,0
DA:382,0
DA:383,0
DA:384,0
DA:385,0
DA:386,0
DA:389,73
DA:393,294
DA:396,294
DA:397,0
DA:399,294
DA:403,0
DA:405,0
DA:406,0
DA:408,0
DA:409,0
DA:411,0
DA:427,0
DA:429,0
DA:430,0
DA:435,0
LF:40
LH:7
end_of_record
TN:
SF:/usr/include/c++/13/bits/charconv.h
FN:55,74,_ZNSt8__detail14__to_chars_lenIjEEjT_i
FN:55,74,_ZNSt8__detail14__to_chars_lenImEEjT_i
FN:81,110,_ZNSt8__detail18__to_chars_10_implIjEEvPcjT_
FN:81,110,_ZNSt8__detail18__to_chars_10_implImEEvPcjT_
FNDA:3,_ZNSt8__detail14__to_chars_lenIjEEjT_i
FNDA:16,_ZNSt8__detail14__to_chars_lenImEEjT_i
FNDA:3,_ZNSt8__detail18__to_chars_10_implIjEEvPcjT_
FNDA:16,_ZNSt8__detail18__to_chars_10_implImEEvPcjT_
FNF:4
FNH:4
DA:55,19
DA:61,19
DA:62,19
DA:63,19
DA:64,19
DA:67,29
DA:68,18
DA:69,12
DA:70,12
DA:71,10
DA:72,10
DA:81,19
DA:87,19
DA:93,19
DA:94,41
DA:96,22
DA:97,22
DA:98,22
DA:99,22
DA:100,22
DA:102,19
DA:104,8
DA:105,8
DA:106,8
DA:109,11
DA:110,19
LF:26
LH:26
end_of_record
TN:
SF:/usr/include/c++/13/bits/chrono.h
FN:221,226,_ZNSt6chrono20__duration_cast_implINS_8durationIlSt5ratioILl1ELl1000000000EEEES2_ILl1000000000ELl1EElLb0ELb1EE6__castIlS2_ILl1ELl1EEEES4_RKNS1_IT_T0_EE
FN:273,291,_ZNSt6chrono13duration_castINS_8durationIlSt5ratioILl1ELl1000000000EEEElS2_ILl1ELl1EEEENSt9enable_ifIXsrNS_13__is_durationIT_EE5valueES8_E4typeERKNS1_IT0_T1_EE
FN:273,291,_ZNSt6chrono13duration_castINS_8durationIlSt5ratioILl1ELl1EEEElS3_EENSt9enable_ifIXsrNS_13__is_durationIT_EE5valueES7_E4typeERKNS1_IT0_T1_EE
FN:498,499,_ZNSt6chrono15duration_valuesIlE4zeroEv
FN:573,574,_ZNSt6chrono8durationIlSt5ratioILl1ELl1000000000EEEC1IlvEERKT_
FN:573,574,_ZNSt6chrono8durationIlSt5ratioILl1ELl1EEEC1IivEERKT_
FN:573,574,_ZNSt6chrono8durationIlSt5ratioILl1ELl1EEEC1IlvEERKT_
FN:589,590,_ZNKSt6chrono8durationIlSt5ratioILl1ELl1000000000EEE5countEv
FN:589,590,_ZNKSt6chrono8durationIlSt5ratioILl1ELl1EEE5countEv
FN:673,674,_ZNSt6chrono8durationIlSt5ratioILl1ELl1EEE4zeroEv
FN:710,717,_ZNSt6chronomiIlSt5ratioILl1ELl1EElS2_EENSt11common_typeIJNS_8durationIT_T0_EENS4_IT1_T2_EEEE4typeERKS7_RKSA_
FN:822,829,_ZNSt6chronoltIlSt5ratioILl1ELl1EElS2_EEbRKNS_8durationIT_T0_EERKNS3_IT1_T2_EE
FN:855,857,_ZNSt6chronoleIlSt5ratioILl1ELl1EElS2_EEbRKNS_8durationIT_T0_EERKNS3_IT1_T2_EE
FNDA:12,_ZNSt6chrono20__duration_cast_implINS_8durationIlSt5ratioILl1ELl1000000000EEEES2_ILl1000000000ELl1EElLb0ELb1EE6__castIlS2_ILl1ELl1EEEES4_RKNS1_IT_T0_EE
FNDA:12,_ZNSt6chrono13duration_castINS_8durationIlSt5ratioILl1ELl1000000000EEEElS2_ILl1ELl1EEEENSt9enable_ifIXsrNS_13__is_durationIT_EE5valueES8_E4typeERKNS1_IT0_T1_EE
FNDA:12,_ZNSt6chrono13duration_castINS_8durationIlSt5ratioILl1ELl1EEEElS3_EENSt9enable_ifIXsrNS_13__is_durationIT_EE5valueES7_E4typeERKNS1_IT0_T1_EE
FNDA:12,_ZNSt6chrono15duration_valuesIlE4zeroEv
FNDA:12,_ZNSt6chrono8durationIlSt5ratioILl1ELl1000000000EEEC1IlvEERKT_
FNDA:12,_ZNSt6chrono8durationIlSt5ratioILl1ELl1EEEC1IivEERKT_
FNDA:24,_ZNSt6chrono8durationIlSt5ratioILl1ELl1EEEC1IlvEERKT_
FNDA:36,_ZNKSt6chrono8durationIlSt5ratioILl1ELl1000000000EEE5countEv
FNDA:72,_ZNKSt6chrono8durationIlSt5ratioILl1ELl1EEE5countEv
FNDA:12,_ZNSt6chrono8durationIlSt5ratioILl1ELl1EEE4zeroEv
FNDA:12,_ZNSt6chronomiIlSt5ratioILl1ELl1EElS2_EENSt11common_typeIJNS_8durationIT_T0_EENS4_IT1_T2_EEEE4typeERKS7_RKSA_
FNDA:12,_ZNSt6chronoltIlSt5ratioILl1ELl1EElS2_EEbRKNS_8durationIT_T0_EERKNS3_IT1_T2_EE
FNDA:12,_ZNSt6chronoleIlSt5ratioILl1ELl1EElS2_EEbRKNS_8durationIT_T0_EERKNS3_IT1_T2_EE
FNF:13
FNH:13
DA:221,12
DA:224,24
DA:225,12
DA:273,24
DA:277,12
DA:287,12
DA:498,12
DA:499,12
DA:573,48
DA:574,48
DA:589,108
DA:590,108
DA:673,12
DA:674,12
DA:710,12
DA:716,12
DA:822,12
DA:828,12
DA:855,12
DA:857,12
LF:20
LH:20
end_of_record
TN:
SF:/usr/include/c++/13/bits/exception_ptr.h
FN:189,191,_ZNSt15__exception_ptr13exception_ptrC2Ev
FN:195,201,_ZNSt15__exception_ptr13exception_ptrC2ERKS0_
FN:205,209,_ZNSt15__exception_ptr13exception_ptrD2Ev
FN:213,217,_ZNSt15__exception_ptr13exception_ptraSERKS0_
FN:221,226,_ZNSt15__exception_ptr13exception_ptr4swapERS0_
FNDA:6,_ZNSt15__exception_ptr13exception_ptrC2Ev
FNDA:2,_ZNSt15__exception_ptr13exception_ptrC2ERKS0_
FNDA:9,_ZNSt15__exception_ptr13exception_ptrD2Ev
FNDA:1,_ZNSt15__exception_ptr13exception_ptraSERKS0_
FNDA:1,_ZNSt15__exception_ptr13exception_ptr4swapERS0_
FNF:5
FNH:5
DA:189,6
DA:190,6
DA:191,6
DA:195,2
DA:196,2
DA:197,2
DA:199,2
DA:200,2
DA:201,2
DA:205,9
DA:207,9
DA:208,3
DA:209,9
DA:213,1
DA:215,1
DA:216,1
DA:221,1
DA:223,1
DA:224,1
DA:225,1
DA:226,1
LF:21
LH:21
end_of_record
TN:
SF:/usr/include/c++/13/bits/invoke.h
FN:60,61,_ZSt13__invoke_implIiRPFiiiEJRiS3_EET_St14__invoke_otherOT0_DpOT1_
FN:60,61,_ZSt13__invoke_implIiRZL22CATCH2_INTERNAL_TEST_0vEUlvE1_JEET_St14__invoke_otherOT0_DpOT1_
FN:60,61,_ZSt13__invoke_implIiRZZL22CATCH2_INTERNAL_TEST_0vENKUlvE0_clEvEUlvE_JEET_St14__invoke_otherOT0_DpOT1_
FN:60,61,_ZSt13__invoke_implIiRZZL22CATCH2_INTERNAL_TEST_0vENKUlvE_clEvEUlvE_JEET_St14__invoke_otherOT0_DpOT1_
FN:60,61,_ZSt13__invoke_implIvRPFviEJRiEET_St14__invoke_otherOT0_DpOT1_
FN:60,61,_ZSt13__invoke_implIvZN7CppUtil5Async5asyncIiRFiiiEJRiS5_EEENS0_7PromiseIT_EEOT0_DpOT1_EUlvE_JEES7_St14__invoke_otherSA_SD_
FN:60,61,_ZSt13__invoke_implIvZN7CppUtil5Async5asyncIiZL22CATCH2_INTERNAL_TEST_0vEUlvE1_JEEENS0_7PromiseIT_EEOT0_DpOT1_EUlvE_JEES5_St14__invoke_otherS8_SB_
FN:60,61,_ZSt13__invoke_implIvZN7CppUtil5Async5asyncIiZZL22CATCH2_INTERNAL_TEST_0vENKUlvE0_clEvEUlvE_JEEENS0_7PromiseIT_EEOT0_DpOT1_EUlvE_JEES6_St14__invoke_otherS9_SC_
FN:60,61,_ZSt13__invoke_implIvZN7CppUtil5Async5asyncIiZZL22CATCH2_INTERNAL_TEST_0vENKUlvE_clEvEUlvE_JEEENS0_7PromiseIT_EEOT0_DpOT1_EUlvE_JEES6_St14__invoke_otherS9_SC_
FN:60,61,_ZSt13__invoke_implIvZN7CppUtil5Async5asyncIvRFviEJRiEEENS0_7PromiseIT_EEOT0_DpOT1_EUlvE_JEES7_St14__invoke_otherSA_SD_
FN:90,98,_ZSt8__invokeIRPFiiiEJRiS3_EENSt15__invoke_resultIT_JDpT0_EE4typeEOS5_DpOS6_
FN:90,98,_ZSt8__invokeIRPFviEJRiEENSt15__invoke_resultIT_JDpT0_EE4typeEOS5_DpOS6_
FN:90,98,_ZSt8__invokeIRZL22CATCH2_INTERNAL_TEST_0vEUlvE1_JEENSt15__invoke_resultIT_JDpT0_EE4typeEOS3_DpOS4_
FN:90,98,_ZSt8__invokeIRZZL22CATCH2_INTERNAL_TEST_0vENKUlvE0_clEvEUlvE_JEENSt15__invoke_resultIT_JDpT0_EE4typeEOS4_DpOS5_
FN:90,98,_ZSt8__invokeIRZZL22CATCH2_INTERNAL_TEST_0vENKUlvE_clEvEUlvE_JEENSt15__invoke_resultIT_JDpT0_EE4typeEOS4_DpOS5_
FN:90,98,_ZSt8__invokeIZN7CppUtil5Async5asyncIiRFiiiEJRiS5_EEENS0_7PromiseIT_EEOT0_DpOT1_EUlvE_JEENSt15__invoke_resultIS7_JDpT0_EE4typeEOS7_DpOSG_
FN:90,98,_ZSt8__invokeIZN7CppUtil5Async5asyncIiZL22CATCH2_INTERNAL_TEST_0vEUlvE1_JEEENS0_7PromiseIT_EEOT0_DpOT1_EUlvE_JEENSt15__invoke_resultIS5_JDpT0_EE4typeEOS5_DpOSE_
FN:90,98,_ZSt8__invokeIZN7CppUtil5Async5asyncIiZZL22CATCH2_INTERNAL_TEST_0vENKUlvE0_clEvEUlvE_JEEENS0_7PromiseIT_EEOT0_DpOT1_EUlvE_JEENSt15__invoke_resultIS6_JDpT0_EE4typeEOS6_DpOSF_
FN:90,98,_ZSt8__invokeIZN7CppUtil5Async5asyncIiZZL22CATCH2_INTERNAL_TEST_0vENKUlvE_clEvEUlvE_JEEENS0_7PromiseIT_EEOT0_DpOT1_EUlvE_JEENSt15__invoke_resultIS6_JDpT0_EE4typeEOS6_DpOSF_
FN:90,98,_ZSt8__invokeIZN7CppUtil5Async5asyncIvRFviEJRiEEENS0_7PromiseIT_EEOT0_DpOT1_EUlvE_JEENSt15__invoke_resultIS7_JDpT0_EE4typeEOS7_DpOSG_
FNDA:2,_ZSt13__invoke_implIiRPFiiiEJRiS3_EET_St14__invoke_otherOT0_DpOT1_
FNDA:1,_ZSt13__invoke_implIiRZL22CATCH2_INTERNAL_TEST_0vEUlvE1_JEET_St14__invoke_otherOT0_DpOT1_
FNDA:1,_ZSt13__invoke_implIiRZZL22CATCH2_INTERNAL_TEST_0vENKUlvE0_clEvEUlvE_JEET_St14__invoke_otherOT0_DpOT1_
FNDA:1,_ZSt13__invoke_implIiRZZL22CATCH2_INTERNAL_TEST_0vENKUlvE_clEvEUlvE_JEET_St14__invoke_otherOT0_DpOT1_
FNDA:1,_ZSt13__invoke_implIvRPFviEJRiEET_St14__invoke_otherOT0_DpOT1_
FNDA:2,_ZSt13__invoke_implIvZN7CppUtil5Async5asyncIiRFiiiEJRiS5_EEENS0_7PromiseIT_EEOT0_DpOT1_EUlvE_JEES7_St14__invoke_otherSA_SD_
FNDA:1,_ZSt13__invoke_implIvZN7CppUtil5Async5asyncIiZL22CATCH2_INTERNAL_TEST_0vEUlvE1_JEEENS0_7PromiseIT_EEOT0_DpOT1_EUlvE_JEES5_St14__invoke_otherS8_SB_
FNDA:1,_ZSt13__invoke_implIvZN7CppUtil5Async5asyncIiZZL22CATCH2_INTERNAL_TEST_0vENKUlvE0_clEvEUlvE_JEEENS0_7PromiseIT_EEOT0_DpOT1_EUlvE_JEES6_St14__invoke_otherS9_SC_
FNDA:1,_ZSt13__invoke_implIvZN7CppUtil5Async5asyncIiZZL22CATCH2_INTERNAL_TEST_0vENKUlvE_clEvEUlvE_JEEENS0_7PromiseIT_EEOT0_DpOT1_EUlvE_JEES6_St14__invoke_otherS9_SC_
FNDA:1,_ZSt13__invoke_implIvZN7CppUtil5Async5asyncIvRFviEJRiEEENS0_7PromiseIT_EEOT0_DpOT1_EUlvE_JEES7_St14__invoke_otherSA_SD_
FNDA:2,_ZSt8__invokeIRPFiiiEJRiS3_EENSt15__invoke_resultIT_JDpT0_EE4typeEOS5_DpOS6_
FNDA:1,_ZSt8__invokeIRPFviEJRiEENSt15__invoke_resultIT_JDpT0_EE4typeEOS5_DpOS6_
FNDA:1,_ZSt8__invokeIRZL22CATCH2_INTERNAL_TEST_0vEUlvE1_JEENSt15__invoke_resultIT_JDpT0_EE4typeEOS3_DpOS4_
FNDA:1,_ZSt8__invokeIRZZL22CATCH2_INTERNAL_TEST_0vENKUlvE0_clEvEUlvE_JEENSt15__invoke_resultIT_JDpT0_EE4typeEOS4_DpOS5_
FNDA:1,_ZSt8__invokeIRZZL22CATCH2_INTERNAL_TEST_0vENKUlvE_clEvEUlvE_JEENSt15__invoke_resultIT_JDpT0_EE4typeEOS4_DpOS5_
FNDA:2,_ZSt8__invokeIZN7CppUtil5Async5asyncIiRFiiiEJRiS5_EEENS0_7PromiseIT_EEOT0_DpOT1_EUlvE_JEENSt15__invoke_resultIS7_JDpT0_EE4typeEOS7_DpOSG_
FNDA:1,_ZSt8__invokeIZN7CppUtil5Async5asyncIiZL22CATCH2_INTERNAL_TEST_0vEUlvE1_JEEENS0_7PromiseIT_EEOT0_DpOT1_EUlvE_JEENSt15__invoke_resultIS5_JDpT0_EE4typeEOS5_DpOSE_
FNDA:1,_ZSt8__invokeIZN7CppUtil5Async5asyncIiZZL22CATCH2_INTERNAL_TEST_0vENKUlvE0_clEvEUlvE_JEEENS0_7PromiseIT_EEOT0_DpOT1_EUlvE_JEENSt15__invoke_resultIS6_JDpT0_EE4typeEOS6_DpOSF_
FNDA:1,_ZSt8__invokeIZN7CppUtil5Async5asyncIiZZL22CATCH2_INTERNAL_TEST_0vENKUlvE_clEvEUlvE_JEEENS0_7PromiseIT_EEOT0_DpOT1_EUlvE_JEENSt15__invoke_resultIS6_JDpT0_EE4typeEOS6_DpOSF_
FNDA:1,_ZSt8__invokeIZN7CppUtil5Async5asyncIvRFviEJRiEEENS0_7PromiseIT_EEOT0_DpOT1_EUlvE_JEENSt15__invoke_resultIS7_JDpT0_EE4typeEOS7_DpOSG_
FNF:20
FNH:20
DA:60,12
DA:61,12
DA:90,12
DA:96,12
DA:97,11
LF:5
LH:5
end_of_record
TN:
SF:/usr/include/c++/13/bits/move.h
FN:51,52,_ZSt11__addressofISaISt23_Sp_counted_ptr_inplaceIN7CppUtil10AsyncStateESaIvELN9__gnu_cxx12_Lock_policyE2EEEEPT_RS8_
FN:51,52,_ZSt11__addressofISaISt23_Sp_counted_ptr_inplaceIiSaIvELN9__gnu_cxx12_Lock_policyE2EEEEPT_RS6_
FN:51,52,_ZSt11__addressofISt5mutexEPT_RS1_
FN:70,71,_ZSt7forwardIRA4_KcEOT_RNSt16remove_referenceIS3_E4typeE
FN:70,71,_ZSt7forwardIRFiiiEEOT_RNSt16remove_referenceIS2_E4typeE
FN:70,71,_ZSt7forwardIRFviEEOT_RNSt16remove_referenceIS2_E4typeE
FN:70,71,_ZSt7forwardIRPFiiiEEOT_RNSt16remove_referenceIS3_E4typeE
FN:70,71,_ZSt7forwardIRPFviEEOT_RNSt16remove_referenceIS3_E4typeE
FN:70,71,_ZSt7forwardIRSt5tupleIJEEEOT_RNSt16remove_referenceIS3_E4typeE
FN:70,71,_ZSt7forwardIRSt5tupleIJiEEEOT_RNSt16remove_referenceIS3_E4typeE
FN:70,71,_ZSt7forwardIRSt5tupleIJiiEEEOT_RNSt16remove_referenceIS3_E4typeE
FN:70,71,_ZSt7forwardIRZL22CATCH2_INTERNAL_TEST_0vEUlvE1_EOT_RNSt16remove_referenceIS2_E4typeE
FN:70,71,_ZSt7forwardIRZZL22CATCH2_INTERNAL_TEST_0vENKUlvE0_clEvEUlvE_EOT_RNSt16remove_referenceIS3_E4typeE
FN:70,71,_ZSt7forwardIRZZL22CATCH2_INTERNAL_TEST_0vENKUlvE_clEvEUlvE_EOT_RNSt16remove_referenceIS3_E4typeE
FN:70,71,_ZSt7forwardIRiEOT_RNSt16remove_referenceIS1_E4typeE
FN:70,71,_ZSt7forwardIZL22CATCH2_INTERNAL_TEST_0vEUlvE1_EOT_RNSt16remove_referenceIS1_E4typeE
FN:70,71,_ZSt7forwardIZN7CppUtil5Async5asyncIiRFiiiEJRiS5_EEENS0_7PromiseIT_EEOT0_DpOT1_EUlvE_EOS7_RNSt16remove_referenceIS7_E4typeE
FN:70,71,_ZSt7forwardIZN7CppUtil5Async5asyncIiZL22CATCH2_INTERNAL_TEST_0vEUlvE1_JEEENS0_7PromiseIT_EEOT0_DpOT1_EUlvE_EOS5_RNSt16remove_referenceIS5_E4typeE
FN:70,71,_ZSt7forwardIZN7CppUtil5Async5asyncIiZZL22CATCH2_INTERNAL_TEST_0vENKUlvE0_clEvEUlvE_JEEENS0_7PromiseIT_EEOT0_DpOT1_EUlvE_EOS6_RNSt16remove_referenceIS6_E4typeE
FN:70,71,_ZSt7forwardIZN7CppUtil5Async5asyncIiZZL22CATCH2_INTERNAL_TEST_0vENKUlvE_clEvEUlvE_JEEENS0_7PromiseIT_EEOT0_DpOT1_EUlvE_EOS6_RNSt16remove_referenceIS6_E4typeE
FN:70,71,_ZSt7forwardIZN7CppUtil5Async5asyncIvRFviEJRiEEENS0_7PromiseIT_EEOT0_DpOT1_EUlvE_EOS7_RNSt16remove_referenceIS7_E4typeE
FN:70,71,_ZSt7forwardIZZL22CATCH2_INTERNAL_TEST_0vENKUlvE0_clEvEUlvE_EOT_RNSt16remove_referenceIS2_E4typeE
FN:70,71,_ZSt7forwardIZZL22CATCH2_INTERNAL_TEST_0vENKUlvE_clEvEUlvE_EOT_RNSt16remove_referenceIS2_E4typeE
FN:70,71,_ZSt7forwardIdEOT_RNSt16remove_referenceIS0_E4typeE
FN:97,98,_ZSt4moveIRNSt7__cxx1112basic_stringIcSt11char_traitsIcESaIcEEEEONSt16remove_referenceIT_E4typeEOS8_
FN:97,98,_ZSt4moveIRPFiiiEEONSt16remove_referenceIT_E4typeEOS4_
FN:97,98,_ZSt4moveIRPFviEEONSt16remove_referenceIT_E4typeEOS4_
FN:97,98,_ZSt4moveIRPNSt6thread6_StateEEONSt16remove_referenceIT_E4typeEOS5_
FN:97,98,_ZSt4moveIRSaIcEEONSt16remove_referenceIT_E4typeEOS3_
FN:97,98,_ZSt4moveIRSt10shared_ptrIN7CppUtil10AsyncStateEEEONSt16remove_referenceIT_E4typeEOS6_
FN:97,98,_ZSt4moveIRSt10shared_ptrIiEEONSt16remove_referenceIT_E4typeEOS4_
FN:97,98,_ZSt4moveIRSt5tupleIJEEEONSt16remove_referenceIT_E4typeEOS4_
FN:97,98,_ZSt4moveIRSt5tupleIJZN7CppUtil5Async5asyncIiRFiiiEJRiS6_EEENS1_7PromiseIT_EEOT0_DpOT1_EUlvE_EEEONSt16remove_referenceIS8_E4typeEOS8_
FN:97,98,_ZSt4moveIRSt5tupleIJZN7CppUtil5Async5asyncIiZL22CATCH2_INTERNAL_TEST_0vEUlvE1_JEEENS1_7PromiseIT_EEOT0_DpOT1_EUlvE_EEEONSt16remove_referenceIS6_E4typeEOS6_
FN:97,98,_ZSt4moveIRSt5tupleIJZN7CppUtil5Async5asyncIiZZL22CATCH2_INTERNAL_TEST_0vENKUlvE0_clEvEUlvE_JEEENS1_7PromiseIT_EEOT0_DpOT1_EUlvE_EEEONSt16remove_referenceIS7_E4typeEOS7_
FN:97,98,_ZSt4moveIRSt5tupleIJZN7CppUtil5Async5asyncIiZZL22CATCH2_INTERNAL_TEST_0vENKUlvE_clEvEUlvE_JEEENS1_7PromiseIT_EEOT0_DpOT1_EUlvE_EEEONSt16remove_referenceIS7_E4typeEOS7_
FN:97,98,_ZSt4moveIRSt5tupleIJZN7CppUtil5Async5asyncIvRFviEJRiEEENS1_7PromiseIT_EEOT0_DpOT1_EUlvE_EEEONSt16remove_referenceIS8_E4typeEOS8_
FN:97,98,_ZSt4moveIRSt5tupleIJiEEEONSt16remove_referenceIT_E4typeEOS4_
FN:97,98,_ZSt4moveIRSt5tupleIJiiEEEONSt16remove_referenceIT_E4typeEOS4_
FN:97,98,_ZSt4moveIRZL22CATCH2_INTERNAL_TEST_0vEUlvE1_EONSt16remove_referenceIT_E4typeEOS3_
FN:97,98,_ZSt4moveIRZZL22CATCH2_INTERNAL_TEST_0vENKUlvE0_clEvEUlvE_EONSt16remove_referenceIT_E4typeEOS4_
[...]
FNDA:15,_ZN9__gnu_cxx16__aligned_bufferIiE7_M_addrEv
FNDA:18,_ZN9__gnu_cxx16__aligned_bufferIN7CppUtil10AsyncStateEE6_M_ptrEv
FNDA:15,_ZN9__gnu_cxx16__aligned_bufferIiE6_M_ptrEv
FNF:4
FNH:4
DA:104,33
DA:106,33
DA:116,33
DA:117,33
LF:4
LH:4
end_of_record
TN:
SF:/usr/include/c++/13/ext/alloc_traits.h
FNF:0
FNH:0
DA:98,6
LF:1
LH:1
end_of_record
TN:
SF:/usr/include/c++/13/ext/atomicity.h
FNF:0
FNH:0
DA:52,164
DA:66,44
DA:71,42
DA:84,38
DA:85,38
DA:86,38
DA:92,40
DA:98,82
DA:99,38
DA:101,44
DA:108,82
DA:112,82
LF:12
LH:12
end_of_record
TN:
SF:/usr/include/c++/13/initializer_list
FN:69,69,_ZNKSt16initializer_listISt4pairIKNSt7__cxx1112basic_stringIcSt11char_traitsIcESaIcEEEdEE4sizeEv
FN:73,73,_ZNKSt16initializer_listISt4pairIKNSt7__cxx1112basic_stringIcSt11char_traitsIcESaIcEEEdEE5beginEv
FN:77,77,_ZNKSt16initializer_listISt4pairIKNSt7__cxx1112basic_stringIcSt11char_traitsIcESaIcEEEdEE3endEv
FNDA:1,_ZNKSt16initializer_listISt4pairIKNSt7__cxx1112basic_stringIcSt11char_traitsIcESaIcEEEdEE4sizeEv
FNDA:2,_ZNKSt16initializer_listISt4pairIKNSt7__cxx1112basic_stringIcSt11char_traitsIcESaIcEEEdEE5beginEv
FNDA:1,_ZNKSt16initializer_listISt4pairIKNSt7__cxx1112basic_stringIcSt11char_traitsIcESaIcEEEdEE3endEv
FNF:3
FNH:3
DA:69,1
DA:73,2
DA:77,1
LF:3
LH:3
end_of_record
TN:
SF:/usr/include/c++/13/new
FN:174,175,_ZnwmPv
FNDA:866,_ZnwmPv
FNF:1
FNH:1
DA:174,866
DA:175,866
LF:2
LH:2
end_of_record
TN:
SF:/usr/include/c++/13/tuple
FN:125,125,_ZNSt10_Head_baseILm1ESt14default_deleteINSt6thread6_StateEELb1EE7_M_headERS4_
FN:1317,1319,_ZNSt5tupleIJPNSt6thread6_StateESt14default_deleteIS1_EEEC2ILb1ELb1EEEv
FN:1345,1347,_ZNSt5tupleIJiiEEC2IRiS2_Lb1EEEOT_OT0_
FN:1358,1358,_ZNSt5tupleIJiiEEC2EOS0_
FN:1787,1788,_ZSt12__get_helperILm0EPNSt6thread6_StateEJSt14default_deleteIS1_EEERT0_RSt11_Tuple_implIXT_EJS5_DpT1_EE
FN:1787,1788,_ZSt12__get_helperILm0EZN7CppUtil5Async5asyncIiRFiiiEJRiS5_EEENS0_7PromiseIT_EEOT0_DpOT1_EUlvE_JEERS9_RSt11_Tuple_implIXT_EJS9_DpSB_EE
FN:1787,1788,_ZSt12__get_helperILm0EZN7CppUtil5Async5asyncIiZL22CATCH2_INTERNAL_TEST_0vEUlvE1_JEEENS0_7PromiseIT_EEOT0_DpOT1_EUlvE_JEERS7_RSt11_Tuple_implIXT_EJS7_DpS9_EE
FN:1787,1788,_ZSt12__get_helperILm0EZN7CppUtil5Async5asyncIiZZL22CATCH2_INTERNAL_TEST_0vENKUlvE0_clEvEUlvE_JEEENS0_7PromiseIT_EEOT0_DpOT1_EUlvE_JEERS8_RSt11_Tuple_implIXT_EJS8_DpSA_EE
FN:1787,1788,_ZSt12__get_helperILm0EZN7CppUtil5Async5asyncIiZZL22CATCH2_INTERNAL_TEST_0vENKUlvE_clEvEUlvE_JEEENS0_7PromiseIT_EEOT0_DpOT1_EUlvE_JEERS8_RSt11_Tuple_implIXT_EJS8_DpSA_EE
FN:1787,1788,_ZSt12__get_helperILm0EZN7CppUtil5Async5asyncIvRFviEJRiEEENS0_7PromiseIT_EEOT0_DpOT1_EUlvE_JEERS9_RSt11_Tuple_implIXT_EJS9_DpSB_EE
FN:1787,1788,_ZSt12__get_helperILm0EiJEERT0_RSt11_Tuple_implIXT_EJS0_DpT1_EE
FN:1787,1788,_ZSt12__get_helperILm0EiJiEERT0_RSt11_Tuple_implIXT_EJS0_DpT1_EE
FN:1787,1788,_ZSt12__get_helperILm1ESt14default_deleteINSt6thread6_StateEEJEERT0_RSt11_Tuple_implIXT_EJS4_DpT1_EE
FN:1787,1788,_ZSt12__get_helperILm1EiJEERT0_RSt11_Tuple_implIXT_EJS0_DpT1_EE
FN:1803,1804,_ZSt3getILm0EJPNSt6thread6_StateESt14default_deleteIS1_EEERNSt13tuple_elementIXT_ESt5tupleIJDpT0_EEE4typeERS9_
FN:1803,1804,_ZSt3getILm0EJiEERNSt13tuple_elementIXT_ESt5tupleIJDpT0_EEE4typeERS4_
FN:1803,1804,_ZSt3getILm0EJiiEERNSt13tuple_elementIXT_ESt5tupleIJDpT0_EEE4typeERS4_
FN:1803,1804,_ZSt3getILm1EJPNSt6thread6_StateESt14default_deleteIS1_EEERNSt13tuple_elementIXT_ESt5tupleIJDpT0_EEE4typeERS9_
FN:1803,1804,_ZSt3getILm1EJiiEERNSt13tuple_elementIXT_ESt5tupleIJDpT0_EEE4typeERS4_
FN:1815,1819,_ZSt3getILm0EJZN7CppUtil5Async5asyncIiRFiiiEJRiS5_EEENS0_7PromiseIT_EEOT0_DpOT1_EUlvE_EEONSt13tuple_elementIXT_ESt5tupleIJDpT0_EEE4typeEOSJ_
FN:1815,1819,_ZSt3getILm0EJZN7CppUtil5Async5asyncIiZL22CATCH2_INTERNAL_TEST_0vEUlvE1_JEEENS0_7PromiseIT_EEOT0_DpOT1_EUlvE_EEONSt13tuple_elementIXT_ESt5tupleIJDpT0_EEE4typeEOSH_
FN:1815,1819,_ZSt3getILm0EJZN7CppUtil5Async5asyncIiZZL22CATCH2_INTERNAL_TEST_0vENKUlvE0_clEvEUlvE_JEEENS0_7PromiseIT_EEOT0_DpOT1_EUlvE_EEONSt13tuple_elementIXT_ESt5tupleIJDpT0_EEE4typeEOSI_
FN:1815,1819,_ZSt3getILm0EJZN7CppUtil5Async5asyncIiZZL22CATCH2_INTERNAL_TEST_0vENKUlvE_clEvEUlvE_JEEENS0_7PromiseIT_EEOT0_DpOT1_EUlvE_EEONSt13tuple_elementIXT_ESt5tupleIJDpT0_EEE4typeEOSI_
FN:1815,1819,_ZSt3getILm0EJZN7CppUtil5Async5asyncIvRFviEJRiEEENS0_7PromiseIT_EEOT0_DpOT1_EUlvE_EEONSt13tuple_elementIXT_ESt5tupleIJDpT0_EEE4typeEOSJ_
FN:190,191,_ZNSt10_Head_baseILm0EPNSt6thread6_StateELb0EEC2Ev
FN:200,201,_ZNSt10_Head_baseILm0EZN7CppUtil5Async5asyncIiRFiiiEJRiS5_EEENS0_7PromiseIT_EEOT0_DpOT1_EUlvE_Lb0EEC2ISE_EEOS7_
FN:200,201,_ZNSt10_Head_baseILm0EZN7CppUtil5Async5asyncIiZL22CATCH2_INTERNAL_TEST_0vEUlvE1_JEEENS0_7PromiseIT_EEOT0_DpOT1_EUlvE_Lb0EEC2ISC_EEOS5_
FN:200,201,_ZNSt10_Head_baseILm0EZN7CppUtil5Async5asyncIiZZL22CATCH2_INTERNAL_TEST_0vENKUlvE0_clEvEUlvE_JEEENS0_7PromiseIT_EEOT0_DpOT1_EUlvE_Lb0EEC2ISD_EEOS6_
FN:200,201,_ZNSt10_Head_baseILm0EZN7CppUtil5Async5asyncIiZZL22CATCH2_INTERNAL_TEST_0vENKUlvE_clEvEUlvE_JEEENS0_7PromiseIT_EEOT0_DpOT1_EUlvE_Lb0EEC2ISD_EEOS6_
FN:200,201,_ZNSt10_Head_baseILm0EZN7CppUtil5Async5asyncIvRFviEJRiEEENS0_7PromiseIT_EEOT0_DpOT1_EUlvE_Lb0EEC2ISE_EEOS7_
FN:200,201,_ZNSt10_Head_baseILm0EiLb0EEC2IRiEEOT_
FN:200,201,_ZNSt10_Head_baseILm1EiLb0EEC2IRiEEOT_
FN:2300,2304,_ZSt12__apply_implIRPFiiiERSt5tupleIJiiEEJLm0ELm1EEEDcOT_OT0_St16integer_sequenceImJXspT1_EEE
FN:2300,2304,_ZSt12__apply_implIRPFviERSt5tupleIJiEEJLm0EEEDcOT_OT0_St16integer_sequenceImJXspT1_EEE
FN:2300,2304,_ZSt12__apply_implIRZL22CATCH2_INTERNAL_TEST_0vEUlvE1_RSt5tupleIJEEJEEDcOT_OT0_St16integer_sequenceImJXspT1_EEE
FN:2300,2304,_ZSt12__apply_implIRZZL22CATCH2_INTERNAL_TEST_0vENKUlvE0_clEvEUlvE_RSt5tupleIJEEJEEDcOT_OT0_St16integer_sequenceImJXspT1_EEE
FN:2300,2304,_ZSt12__apply_implIRZZL22CATCH2_INTERNAL_TEST_0vENKUlvE_clEvEUlvE_RSt5tupleIJEEJEEDcOT_OT0_St16integer_sequenceImJXspT1_EEE
FN:2308,2316,_ZSt5applyIRPFiiiERSt5tupleIJiiEEEDcOT_OT0_
FN:2308,2316,_ZSt5applyIRPFviERSt5tupleIJiEEEDcOT_OT0_
FN:2308,2316,_ZSt5applyIRZL22CATCH2_INTERNAL_TEST_0vEUlvE1_RSt5tupleIJEEEDcOT_OT0_
FN:2308,2316,_ZSt5applyIRZZL22CATCH2_INTERNAL_TEST_0vENKUlvE0_clEvEUlvE_RSt5tupleIJEEEDcOT_OT0_
FN:2308,2316,_ZSt5applyIRZZL22CATCH2_INTERNAL_TEST_0vENKUlvE_clEvEUlvE_RSt5tupleIJEEEDcOT_OT0_
FN:234,234,_ZNSt10_Head_baseILm0EPNSt6thread6_StateELb0EE7_M_headERS3_
FN:234,234,_ZNSt10_Head_baseILm0EZN7CppUtil5Async5asyncIiRFiiiEJRiS5_EEENS0_7PromiseIT_EEOT0_DpOT1_EUlvE_Lb0EE7_M_headERSF_
FN:234,234,_ZNSt10_Head_baseILm0EZN7CppUtil5Async5asyncIiZL22CATCH2_INTERNAL_TEST_0vEUlvE1_JEEENS0_7PromiseIT_EEOT0_DpOT1_EUlvE_Lb0EE7_M_headERSD_
FN:234,234,_ZNSt10_Head_baseILm0EZN7CppUtil5Async5asyncIiZZL22CATCH2_INTERNAL_TEST_0vENKUlvE0_clEvEUlvE_JEEENS0_7PromiseIT_EEOT0_DpOT1_EUlvE_Lb0EE7_M_headERSE_
FN:234,234,_ZNSt10_Head_baseILm0EZN7CppUtil5Async5asyncIiZZL22CATCH2_INTERNAL_TEST_0vENKUlvE_clEvEUlvE_JEEENS0_7PromiseIT_EEOT0_DpOT1_EUlvE_Lb0EE7_M_headERSE_
FN:234,234,_ZNSt10_Head_baseILm0EZN7CppUtil5Async5asyncIvRFviEJRiEEENS0_7PromiseIT_EEOT0_DpOT1_EUlvE_Lb0EE7_M_headERSF_
FN:234,234,_ZNSt10_Head_baseILm0EiLb0EE7_M_headERS0_
FN:234,234,_ZNSt10_Head_baseILm1EiLb0EE7_M_headERS0_
FN:269,269,_ZNSt11_Tuple_implILm0EJPNSt6thread6_StateESt14default_deleteIS1_EEE7_M_headERS5_
FN:269,269,_ZNSt11_Tuple_implILm0EJiiEE7_M_headERS0_
FN:280,281,_ZNSt11_Tuple_implILm0EJPNSt6thread6_StateESt14default_deleteIS1_EEEC2Ev
FN:291,294,_ZNSt11_Tuple_implILm0EJiiEEC2IRiJS2_EvEEOT_DpOT0_
FN:302,302,_ZNSt11_Tuple_implILm0EJiiEEC2EOS0_
FN:497,497,_ZNSt11_Tuple_implILm0EJZN7CppUtil5Async5asyncIiRFiiiEJRiS5_EEENS0_7PromiseIT_EEOT0_DpOT1_EUlvE_EE7_M_headERSF_
FN:497,497,_ZNSt11_Tuple_implILm0EJZN7CppUtil5Async5asyncIiZL22CATCH2_INTERNAL_TEST_0vEUlvE1_JEEENS0_7PromiseIT_EEOT0_DpOT1_EUlvE_EE7_M_headERSD_
FN:497,497,_ZNSt11_Tuple_implILm0EJZN7CppUtil5Async5asyncIiZZL22CATCH2_INTERNAL_TEST_0vENKUlvE0_clEvEUlvE_JEEENS0_7PromiseIT_EEOT0_DpOT1_EUlvE_EE7_M_headERSE_
FN:497,497,_ZNSt11_Tuple_implILm0EJZN7CppUtil5Async5asyncIiZZL22CATCH2_INTERNAL_TEST_0vENKUlvE_clEvEUlvE_JEEENS0_7PromiseIT_EEOT0_DpOT1_EUlvE_EE7_M_headERSE_
FN:497,497,_ZNSt11_Tuple_implILm0EJZN7CppUtil5Async5asyncIvRFviEJRiEEENS0_7PromiseIT_EEOT0_DpOT1_EUlvE_EE7_M_headERSF_
FN:497,497,_ZNSt11_Tuple_implILm0EJiEE7_M_headERS0_
FN:497,497,_ZNSt11_Tuple_implILm1EJSt14default_deleteINSt6thread6_StateEEEE7_M_headERS4_
FN:497,497,_ZNSt11_Tuple_implILm1EJiEE7_M_headERS0_
FN:503,504,_ZNSt11_Tuple_implILm1EJSt14default_deleteINSt6thread6_StateEEEEC2Ev
FN:513,515,_ZNSt11_Tuple_implILm0EJZN7CppUtil5Async5asyncIiRFiiiEJRiS5_EEENS0_7PromiseIT_EEOT0_DpOT1_EUlvE_EEC2ISE_EEOS7_
FN:513,515,_ZNSt11_Tuple_implILm0EJZN7CppUtil5Async5asyncIiZL22CATCH2_INTERNAL_TEST_0vEUlvE1_JEEENS0_7PromiseIT_EEOT0_DpOT1_EUlvE_EEC2ISC_EEOS5_
FN:513,515,_ZNSt11_Tuple_implILm0EJZN7CppUtil5Async5asyncIiZZL22CATCH2_INTERNAL_TEST_0vENKUlvE0_clEvEUlvE_JEEENS0_7PromiseIT_EEOT0_DpOT1_EUlvE_EEC2ISD_EEOS6_
FN:513,515,_ZNSt11_Tuple_implILm0EJZN7CppUtil5Async5asyncIiZZL22CATCH2_INTERNAL_TEST_0vENKUlvE_clEvEUlvE_JEEENS0_7PromiseIT_EEOT0_DpOT1_EUlvE_EEC2ISD_EEOS6_
FN:513,515,_ZNSt11_Tuple_implILm0EJZN7CppUtil5Async5asyncIvRFviEJRiEEENS0_7PromiseIT_EEOT0_DpOT1_EUlvE_EEC2ISE_EEOS7_
FN:513,515,_ZNSt11_Tuple_implILm0EJiEEC2IRiEEOT_
FN:513,515,_ZNSt11_Tuple_implILm1EJiEEC2IRiEEOT_
FN:527,530,_ZNSt11_Tuple_implILm0EJiEEC2EOS0_
FN:527,530,_ZNSt11_Tuple_implILm1EJiEEC2EOS0_
FN:81,82,_ZNSt10_Head_baseILm1ESt14default_deleteINSt6thread6_StateEELb1EEC2Ev
FN:889,891,_ZNSt5tupleIJZN7CppUtil5Async5asyncIiRFiiiEJRiS5_EEENS0_7PromiseIT_EEOT0_DpOT1_EUlvE_EEC2IJSE_ELb1ELb1EEEDpOT_
FN:889,891,_ZNSt5tupleIJZN7CppUtil5Async5asyncIiZL22CATCH2_INTERNAL_TEST_0vEUlvE1_JEEENS0_7PromiseIT_EEOT0_DpOT1_EUlvE_EEC2IJSC_ELb1ELb1EEEDpOT_
FN:889,891,_ZNSt5tupleIJZN7CppUtil5Async5asyncIiZZL22CATCH2_INTERNAL_TEST_0vENKUlvE0_clEvEUlvE_JEEENS0_7PromiseIT_EEOT0_DpOT1_EUlvE_EEC2IJSD_ELb1ELb1EEEDpOT_
FN:889,891,_ZNSt5tupleIJZN7CppUtil5Async5asyncIiZZL22CATCH2_INTERNAL_TEST_0vENKUlvE_clEvEUlvE_JEEENS0_7PromiseIT_EEOT0_DpOT1_EUlvE_EEC2IJSD_ELb1ELb1EEEDpOT_
FN:889,891,_ZNSt5tupleIJZN7CppUtil5Async5asyncIvRFviEJRiEEENS0_7PromiseIT_EEOT0_DpOT1_EUlvE_EEC2IJSE_ELb1ELb1EEEDpOT_
FN:889,891,_ZNSt5tupleIJiEEC2IJRiELb1ELb1EEEDpOT_
FN:903,903,_ZNSt5tupleIJiEEC2EOS0_
FNDA:0,_ZNSt10_Head_baseILm1ESt14default_deleteINSt6thread6_StateEELb1EE7_M_headERS4_
FNDA:6,_ZNSt5tupleIJPNSt6thread6_StateESt14default_deleteIS1_EEEC2ILb1ELb1EEEv
FNDA:2,_ZNSt5tupleIJiiEEC2IRiS2_Lb1EEEOT_OT0_
FNDA:6,_ZNSt5tupleIJiiEEC2EOS0_
FNDA:12,_ZSt12__get_helperILm0EPNSt6thread6_StateEJSt14default_deleteIS1_EEERT0_RSt11_Tuple_implIXT_EJS5_DpT1_EE
FNDA:2,_ZSt12__get_helperILm0EZN7CppUtil5Async5asyncIiRFiiiEJRiS5_EEENS0_7PromiseIT_EEOT0_DpOT1_EUlvE_JEERS9_RSt11_Tuple_implIXT_EJS9_DpSB_EE
FNDA:1,_ZSt12__get_helperILm0EZN7CppUtil5Async5asyncIiZL22CATCH2_INTERNAL_TEST_0vEUlvE1_JEEENS0_7PromiseIT_EEOT0_DpOT1_EUlvE_JEERS7_RSt11_Tuple_implIXT_EJS7_DpS9_EE
FNDA:1,_ZSt12__get_helperILm0EZN7CppUtil5Async5asyncIiZZL22CATCH2_INTERNAL_TEST_0vENKUlvE0_clEvEUlvE_JEEENS0_7PromiseIT_EEOT0_DpOT1_EUlvE_JEERS8_RSt11_Tuple_implIXT_EJS8_DpSA_EE
FNDA:1,_ZSt12__get_helperILm0EZN7CppUtil5Async5asyncIiZZL22CATCH2_INTERNAL_TEST_0vENKUlvE_clEvEUlvE_JEEENS0_7PromiseIT_EEOT0_DpOT1_EUlvE_JEERS8_RSt11_Tuple_implIXT_EJS8_DpSA_EE
FNDA:1,_ZSt12__get_helperILm0EZN7CppUtil5Async5asyncIvRFviEJRiEEENS0_7PromiseIT_EEOT0_DpOT1_EUlvE_JEERS9_RSt11_Tuple_implIXT_EJS9_DpSB_EE
FNDA:1,_ZSt12__get_helperILm0EiJEERT0_RSt11_Tuple_implIXT_EJS0_DpT1_EE
FNDA:2,_ZSt12__get_helperILm0EiJiEERT0_RSt11_Tuple_implIXT_EJS0_DpT1_EE
FNDA:0,_ZSt12__get_helperILm1ESt14default_deleteINSt6thread6_StateEEJEERT0_RSt11_Tuple_implIXT_EJS4_DpT1_EE
FNDA:2,_ZSt12__get_helperILm1EiJEERT0_RSt11_Tuple_implIXT_EJS0_DpT1_EE
FNDA:12,_ZSt3getILm0EJPNSt6thread6_StateESt14default_deleteIS1_EEERNSt13tuple_elementIXT_ESt5tupleIJDpT0_EEE4typeERS9_
FNDA:1,_ZSt3getILm0EJiEERNSt13tuple_elementIXT_ESt5tupleIJDpT0_EEE4typeERS4_
FNDA:2,_ZSt3getILm0EJiiEERNSt13tuple_elementIXT_ESt5tupleIJDpT0_EEE4typeERS4_
FNDA:0,_ZSt3getILm1EJPNSt6thread6_StateESt14default_deleteIS1_EEERNSt13tuple_elementIXT_ESt5tupleIJDpT0_EEE4typeERS9_
FNDA:2,_ZSt3getILm1EJiiEERNSt13tuple_elementIXT_ESt5tupleIJDpT0_EEE4typeERS4_
FNDA:2,_ZSt3getILm0EJZN7CppUtil5Async5asyncIiRFiiiEJRiS5_EEENS0_7PromiseIT_EEOT0_DpOT1_EUlvE_EEONSt13tuple_elementIXT_ESt5tupleIJDpT0_EEE4typeEOSJ_
FNDA:1,_ZSt3getILm0EJZN7CppUtil5Async5asyncIiZL22CATCH2_INTERNAL_TEST_0vEUlvE1_JEEENS0_7PromiseIT_EEOT0_DpOT1_EUlvE_EEONSt13tuple_elementIXT_ESt5tupleIJDpT0_EEE4typeEOSH_
FNDA:1,_ZSt3getILm0EJZN7CppUtil5Async5asyncIiZZL22CATCH2_INTERNAL_TEST_0vENKUlvE0_clEvEUlvE_JEEENS0_7PromiseIT_EEOT0_DpOT1_EUlvE_EEONSt13tuple_elementIXT_ESt5tupleIJDpT0_EEE4typeEOSI_
FNDA:1,_ZSt3getILm0EJZN7CppUtil5Async5asyncIiZZL22CATCH2_INTERNAL_TEST_0vENKUlvE_clEvEUlvE_JEEENS0_7PromiseIT_EEOT0_DpOT1_EUlvE_EEONSt13tuple_elementIXT_ESt5tupleIJDpT0_EEE4typeEOSI_
FNDA:1,_ZSt3getILm0EJZN7CppUtil5Async5asyncIvRFviEJRiEEENS0_7PromiseIT_EEOT0_DpOT1_EUlvE_EEONSt13tuple_elementIXT_ESt5tupleIJDpT0_EEE4typeEOSJ_
FNDA:6,_ZNSt10_Head_baseILm0EPNSt6thread6_StateELb0EEC2Ev
FNDA:2,_ZNSt10_Head_baseILm0EZN7CppUtil5Async5asyncIiRFiiiEJRiS5_EEENS0_7PromiseIT_EEOT0_DpOT1_EUlvE_Lb0EEC2ISE_EEOS7_
FNDA:1,_ZNSt10_Head_baseILm0EZN7CppUtil5Async5asyncIiZL22CATCH2_INTERNAL_TEST_0vEUlvE1_JEEENS0_7PromiseIT_EEOT0_DpOT1_EUlvE_Lb0EEC2ISC_EEOS5_
FNDA:1,_ZNSt10_Head_baseILm0EZN7CppUtil5Async5asyncIiZZL22CATCH2_INTERNAL_TEST_0vENKUlvE0_clEvEUlvE_JEEENS0_7PromiseIT_EEOT0_DpOT1_EUlvE_Lb0EEC2ISD_EEOS6_
FNDA:1,_ZNSt10_Head_baseILm0EZN7CppUtil5Async5asyncIiZZL22CATCH2_INTERNAL_TEST_0vENKUlvE_clEvEUlvE_JEEENS0_7PromiseIT_EEOT0_DpOT1_EUlvE_Lb0EEC2ISD_EEOS6_
FNDA:1,_ZNSt10_Head_baseILm0EZN7CppUtil5Async5asyncIvRFviEJRiEEENS0_7PromiseIT_EEOT0_DpOT1_EUlvE_Lb0EEC2ISE_EEOS7_
FNDA:3,_ZNSt10_Head_baseILm0EiLb0EEC2IRiEEOT_
FNDA:2,_ZNSt10_Head_baseILm1EiLb0EEC2IRiEEOT_
FNDA:2,_ZSt12__apply_implIRPFiiiERSt5tupleIJiiEEJLm0ELm1EEEDcOT_OT0_St16integer_sequenceImJXspT1_EEE
FNDA:1,_ZSt12__apply_implIRPFviERSt5tupleIJiEEJLm0EEEDcOT_OT0_St16integer_sequenceImJXspT1_EEE
FNDA:1,_ZSt12__apply_implIRZL22CATCH2_INTERNAL_TEST_0vEUlvE1_RSt5tupleIJEEJEEDcOT_OT0_St16integer_sequenceImJXspT1_EEE
FNDA:1,_ZSt12__apply_implIRZZL22CATCH2_INTERNAL_TEST_0vENKUlvE0_clEvEUlvE_RSt5tupleIJEEJEEDcOT_OT0_St16integer_sequenceImJXspT1_EEE
FNDA:1,_ZSt12__apply_implIRZZL22CATCH2_INTERNAL_TEST_0vENKUlvE_clEvEUlvE_RSt5tupleIJEEJEEDcOT_OT0_St16integer_sequenceImJXspT1_EEE
FNDA:2,_ZSt5applyIRPFiiiERSt5tupleIJiiEEEDcOT_OT0_
FNDA:1,_ZSt5applyIRPFviERSt5tupleIJiEEEDcOT_OT0_
FNDA:1,_ZSt5applyIRZL22CATCH2_INTERNAL_TEST_0vEUlvE1_RSt5tupleIJEEEDcOT_OT0_
FNDA:1,_ZSt5applyIRZZL22CATCH2_INTERNAL_TEST_0vENKUlvE0_clEvEUlvE_RSt5tupleIJEEEDcOT_OT0_
FNDA:1,_ZSt5applyIRZZL22CATCH2_INTERNAL_TEST_0vENKUlvE_clEvEUlvE_RSt5tupleIJEEEDcOT_OT0_
FNDA:12,_ZNSt10_Head_baseILm0EPNSt6thread6_StateELb0EE7_M_headERS3_
FNDA:2,_ZNSt10_Head_baseILm0EZN7CppUtil5Async5asyncIiRFiiiEJRiS5_EEENS0_7PromiseIT_EEOT0_DpOT1_EUlvE_Lb0EE7_M_headERSF_
FNDA:1,_ZNSt10_Head_baseILm0EZN7CppUtil5Async5asyncIiZL22CATCH2_INTERNAL_TEST_0vEUlvE1_JEEENS0_7PromiseIT_EEOT0_DpOT1_EUlvE_Lb0EE7_M_headERSD_
FNDA:1,_ZNSt10_Head_baseILm0EZN7CppUtil5Async5asyncIiZZL22CATCH2_INTERNAL_TEST_0vENKUlvE0_clEvEUlvE_JEEENS0_7PromiseIT_EEOT0_DpOT1_EUlvE_Lb0EE7_M_headERSE_
FNDA:1,_ZNSt10_Head_baseILm0EZN7CppUtil5Async5asyncIiZZL22CATCH2_INTERNAL_TEST_0vENKUlvE_clEvEUlvE_JEEENS0_7PromiseIT_EEOT0_DpOT1_EUlvE_Lb0EE7_M_headERSE_
FNDA:1,_ZNSt10_Head_baseILm0EZN7CppUtil5Async5asyncIvRFviEJRiEEENS0_7PromiseIT_EEOT0_DpOT1_EUlvE_Lb0EE7_M_headERSF_
FNDA:3,_ZNSt10_Head_baseILm0EiLb0EE7_M_headERS0_
FNDA:2,_ZNSt10_Head_baseILm1EiLb0EE7_M_headERS0_
FNDA:12,_ZNSt11_Tuple_implILm0EJPNSt6thread6_StateESt14default_deleteIS1_EEE7_M_headERS5_
FNDA:2,_ZNSt11_Tuple_implILm0EJiiEE7_M_headERS0_
FNDA:6,_ZNSt11_Tuple_implILm0EJPNSt6thread6_StateESt14default_deleteIS1_EEEC2Ev
FNDA:2,_ZNSt11_Tuple_implILm0EJiiEEC2IRiJS2_EvEEOT_DpOT0_
FNDA:6,_ZNSt11_Tuple_implILm0EJiiEEC2EOS0_
FNDA:2,_ZNSt11_Tuple_implILm0EJZN7CppUtil5Async5asyncIiRFiiiEJRiS5_EEENS0_7PromiseIT_EEOT0_DpOT1_EUlvE_EE7_M_headERSF_
FNDA:1,_ZNSt11_Tuple_implILm0EJZN7CppUtil5Async5asyncIiZL22CATCH2_INTERNAL_TEST_0vEUlvE1_JEEENS0_7PromiseIT_EEOT0_DpOT1_EUlvE_EE7_M_headERSD_
FNDA:1,_ZNSt11_Tuple_implILm0EJZN7CppUtil5Async5asyncIiZZL22CATCH2_INTERNAL_TEST_0vENKUlvE0_clEvEUlvE_JEEENS0_7PromiseIT_EEOT0_DpOT1_EUlvE_EE7_M_headERSE_
FNDA:1,_ZNSt11_Tuple_implILm0EJZN7CppUtil5Async5asyncIiZZL22CATCH2_INTERNAL_TEST_0vENKUlvE_clEvEUlvE_JEEENS0_7PromiseIT_EEOT0_DpOT1_EUlvE_EE7_M_headERSE_
FNDA:1,_ZNSt11_Tuple_implILm0EJZN7CppUtil5Async5asyncIvRFviEJRiEEENS0_7PromiseIT_EEOT0_DpOT1_EUlvE_EE7_M_headERSF_
FNDA:1,_ZNSt11_Tuple_implILm0EJiEE7_M_headERS0_
FNDA:0,_ZNSt11_Tuple_implILm1EJSt14default_deleteINSt6thread6_StateEEEE7_M_headERS4_
FNDA:2,_ZNSt11_Tuple_implILm1EJiEE7_M_headERS0_
FNDA:6,_ZNSt11_Tuple_implILm1EJSt14default_deleteINSt6thread6_StateEEEEC2Ev
FNDA:2,_ZNSt11_Tuple_implILm0EJZN7CppUtil5Async5asyncIiRFiiiEJRiS5_EEENS0_7PromiseIT_EEOT0_DpOT1_EUlvE_EEC2ISE_EEOS7_
FNDA:1,_ZNSt11_Tuple_implILm0EJZN7CppUtil5Async5asyncIiZL22CATCH2_INTERNAL_TEST_0vEUlvE1_JEEENS0_7PromiseIT_EEOT0_DpOT1_EUlvE_EEC2ISC_EEOS5_
FNDA:1,_ZNSt11_Tuple_implILm0EJZN7CppUtil5Async5asyncIiZZL22CATCH2_INTERNAL_TEST_0vENKUlvE0_clEvEUlvE_JEEENS0_7PromiseIT_EEOT0_DpOT1_EUlvE_EEC2ISD_EEOS6_
FNDA:1,_ZNSt11_Tuple_implILm0EJZN7CppUtil5Async5asyncIiZZL22CATCH2_INTERNAL_TEST_0vENKUlvE_clEvEUlvE_JEEENS0_7PromiseIT_EEOT0_DpOT1_EUlvE_EEC2ISD_EEOS6_
FNDA:1,_ZNSt11_Tuple_implILm0EJZN7CppUtil5Async5asyncIvRFviEJRiEEENS0_7PromiseIT_EEOT0_DpOT1_EUlvE_EEC2ISE_EEOS7_
FNDA:1,_ZNSt11_Tuple_implILm0EJiEEC2IRiEEOT_
FNDA:2,_ZNSt11_Tuple_implILm1EJiEEC2IRiEEOT_
FNDA:3,_ZNSt11_Tuple_implILm0EJiEEC2EOS0_
FNDA:6,_ZNSt11_Tuple_implILm1EJiEEC2EOS0_
FNDA:6,_ZNSt10_Head_baseILm1ESt14default_deleteINSt6thread6_StateEELb1EEC2Ev
FNDA:2,_ZNSt5tupleIJZN7CppUtil5Async5asyncIiRFiiiEJRiS5_EEENS0_7PromiseIT_EEOT0_DpOT1_EUlvE_EEC2IJSE_ELb1ELb1EEEDpOT_
FNDA:1,_ZNSt5tupleIJZN7CppUtil5Async5asyncIiZL22CATCH2_INTERNAL_TEST_0vEUlvE1_JEEENS0_7PromiseIT_EEOT0_DpOT1_EUlvE_EEC2IJSC_ELb1ELb1EEEDpOT_
FNDA:1,_ZNSt5tupleIJZN7CppUtil5Async5asyncIiZZL22CATCH2_INTERNAL_TEST_0vENKUlvE0_clEvEUlvE_JEEENS0_7PromiseIT_EEOT0_DpOT1_EUlvE_EEC2IJSD_ELb1ELb1EEEDpOT_
FNDA:1,_ZNSt5tupleIJZN7CppUtil5Async5asyncIiZZL22CATCH2_INTERNAL_TEST_0vENKUlvE_clEvEUlvE_JEEENS0_7PromiseIT_EEOT0_DpOT1_EUlvE_EEC2IJSD_ELb1ELb1EEEDpOT_
FNDA:1,_ZNSt5tupleIJZN7CppUtil5Async5asyncIvRFviEJRiEEENS0_7PromiseIT_EEOT0_DpOT1_EUlvE_EEC2IJSE_ELb1ELb1EEEDpOT_
FNDA:1,_ZNSt5tupleIJiEEC2IJRiELb1ELb1EEEDpOT_
FNDA:3,_ZNSt5tupleIJiEEC2EOS0_
FNF:81
FNH:77
DA:81,6
DA:82,6
DA:125,0
DA:190,6
DA:191,6
DA:200,11
DA:201,11
DA:234,23
DA:269,14
DA:280,6
DA:281,6
DA:291,2
DA:293,2
DA:294,2
DA:302,6
DA:497,9
DA:503,6
DA:504,6
DA:513,9
DA:514,9
DA:515,9
DA:527,9
DA:529,9
DA:530,9
DA:889,7
DA:891,7
DA:903,3
DA:1317,6
DA:1319,6
DA:1345,2
DA:1347,2
DA:1358,6
DA:1787,23
DA:1788,23
DA:1803,17
DA:1804,17
DA:1815,6
DA:1818,6
DA:2300,6
DA:2302,6
DA:2303,8
DA:2308,6
DA:2313,6
DA:2315,5
LF:44
LH:43
end_of_record
TN:
SF:/usr/include/c++/13/typeinfo
FN:103,104,_ZNKSt9type_info4nameEv
FN:193,210,_ZNKSt9type_infoeqERKS_
FNDA:0,_ZNKSt9type_info4nameEv
FNDA:0,_ZNKSt9type_infoeqERKS_
FNF:2
FNH:0
DA:103,0
DA:104,0
DA:193,0
DA:195,0
DA:196,0
DA:198,0
DA:199,0
DA:206,0
LF:8
LH:0
end_of_record
TN:
SF:/usr/include/x86_64-linux-gnu/c++/13/bits/c++config.h
FN:540,551,_ZSt23__is_constant_evaluatedv
FNDA:398,_ZSt23__is_constant_evaluatedv
FNF:1
FNH:1
DA:322,0
DA:540,398
DA:547,398
LF:3
LH:2
end_of_record
TN:
SF:/usr/include/x86_64-linux-gnu/c++/13/bits/gthr-default.h
FN:300,303,_ZL18__gthread_active_pv
FN:746,752,_ZL20__gthread_mutex_lockP15pthread_mutex_t
FN:776,782,_ZL22__gthread_mutex_unlockP15pthread_mutex_t
FNDA:12,_ZL18__gthread_active_pv
FNDA:6,_ZL20__gthread_mutex_lockP15pthread_mutex_t
FNDA:6,_ZL22__gthread_mutex_unlockP15pthread_mutex_t
FNF:3
FNH:3
DA:300,12
DA:302,12
DA:746,6
DA:748,6
DA:749,6
DA:751,0
DA:776,6
DA:778,6
DA:779,6
DA:781,0
LF:10
LH:8
end_of_record
