TN:
SF:/home/runner/work/CppUtil/CppUtil/Array/src/Array.hpp
FN:100,117,_ZN5ArrayIcEaSERKS0_
FN:100,117,_ZN5ArrayIiEaSERKS0_
FN:119,122,_ZNK5ArrayIcEcvPcEv
FN:119,122,_ZNK5ArrayIiEcvPiEv
FN:124,127,_ZN5ArrayINSt7__cxx1112basic_stringIcSt11char_traitsIcESaIcEEEED2Ev
FN:124,127,_ZN5ArrayIcED2Ev
FN:124,127,_ZN5ArrayIdED2Ev
FN:124,127,_ZN5ArrayIiED2Ev
FN:124,127,_ZN5ArrayImED2Ev
FN:129,144,_ZN5ArrayINSt7__cxx1112basic_stringIcSt11char_traitsIcESaIcEEEEixEm
FN:129,144,_ZN5ArrayIcEixEm
FN:129,144,_ZN5ArrayIdEixEm
FN:129,144,_ZN5ArrayIiEixEm
FN:129,144,_ZN5ArrayImEixEm
FN:146,161,_ZNK5ArrayINSt7__cxx1112basic_stringIcSt11char_traitsIcESaIcEEEEixEm
FN:146,161,_ZNK5ArrayIcEixEm
FN:146,161,_ZNK5ArrayIdEixEm
FN:146,161,_ZNK5ArrayIiEixEm
FN:146,161,_ZNK5ArrayImEixEm
FN:163,166,_ZNK5ArrayINSt7__cxx1112basic_stringIcSt11char_traitsIcESaIcEEEE7getSizeEv
FN:163,166,_ZNK5ArrayIcE7getSizeEv
FN:163,166,_ZNK5ArrayIdE7getSizeEv
FN:163,166,_ZNK5ArrayIiE7getSizeEv
FN:163,166,_ZNK5ArrayImE7getSizeEv
FN:168,171,_ZNK5ArrayINSt7__cxx1112basic_stringIcSt11char_traitsIcESaIcEEEE7isEmptyEv
FN:168,171,_ZNK5ArrayIcE7isEmptyEv
FN:168,171,_ZNK5ArrayIdE7isEmptyEv
FN:168,171,_ZNK5ArrayIiE7isEmptyEv
FN:168,171,_ZNK5ArrayImE7isEmptyEv
FN:20,23,_ZN5ArrayIiEC2Ev
FN:217,227,_ZNK5ArrayINSt7__cxx1112basic_stringIcSt11char_traitsIcESaIcEEEEeqERKS6_
FN:217,227,_ZNK5ArrayIcEeqERKS0_
FN:217,227,_ZNK5ArrayIdEeqERKS0_
FN:217,227,_ZNK5ArrayIiEeqERKS0_
FN:217,227,_ZNK5ArrayImEeqERKS0_
FN:229,232,_ZNK5ArrayINSt7__cxx1112basic_stringIcSt11char_traitsIcESaIcEEEEneERKS6_
FN:229,232,_ZNK5ArrayIcEneERKS0_
FN:229,232,_ZNK5ArrayIdEneERKS0_
FN:229,232,_ZNK5ArrayIiEneERKS0_
FN:229,232,_ZNK5ArrayImEneERKS0_
FN:234,252,_ZN5ArrayIiE7foreachIZL23CATCH2_INTERNAL_TEST_29vEUlRiE_EEvOKT_
FN:25,34,_ZN5ArrayINSt7__cxx1112basic_stringIcSt11char_traitsIcESaIcEEEEC2Em
FN:25,34,_ZN5ArrayIcEC2Em
FN:25,34,_ZN5ArrayIdEC2Em
FN:25,34,_ZN5ArrayIiEC2Em
FN:25,34,_ZN5ArrayImEC2Em
FN:274,295,_ZN5ArrayIiE3allIZL23CATCH2_INTERNAL_TEST_29vEUlRiE10_EEbOKT_
FN:274,295,_ZN5ArrayIiE3allIZL23CATCH2_INTERNAL_TEST_29vEUlRiE7_EEbOKT_
FN:321,342,_ZN5ArrayIiE3anyIZL23CATCH2_INTERNAL_TEST_29vEUlRiE1_EEbOKT_
FN:321,342,_ZN5ArrayIiE3anyIZL23CATCH2_INTERNAL_TEST_29vEUlRiE4_EEbOKT_
FN:36,54,_ZN5ArrayIcEC2EPKcm
FN:36,54,_ZN5ArrayIiEC2EPKim
FN:372,372,_ZN14ResizableArrayINSt7__cxx1112basic_stringIcSt11char_traitsIcESaIcEEEEC2Em
FN:372,372,_ZN14ResizableArrayIcEC2Em
FN:372,372,_ZN14ResizableArrayIdEC2Em
FN:372,372,_ZN14ResizableArrayIiEC2Em
FN:372,372,_ZN14ResizableArrayImEC2Em
FN:374,374,_ZN14ResizableArrayIcEC2EPKcm
FN:384,411,_ZN14ResizableArrayINSt7__cxx1112basic_stringIcSt11char_traitsIcESaIcEEEE6resizeEm
FN:384,411,_ZN14ResizableArrayIdE6resizeEm
FN:384,411,_ZN14ResizableArrayIiE6resizeEm
FN:384,411,_ZN14ResizableArrayImE6resizeEm
FN:422,445,_ZN14ResizableArrayINSt7__cxx1112basic_stringIcSt11char_traitsIcESaIcEEEE11resizeForceEm
FN:422,445,_ZN14ResizableArrayIdE11resizeForceEm
FN:422,445,_ZN14ResizableArrayIiE11resizeForceEm
FN:422,445,_ZN14ResizableArrayImE11resizeForceEm
FN:457,461,_ZN12DynamicArrayINSt7__cxx1112basic_stringIcSt11char_traitsIcESaIcEEEEC2Ev
FN:457,461,_ZN12DynamicArrayIdEC2Ev
FN:457,461,_ZN12DynamicArrayIiEC2Ev
FN:457,461,_ZN12DynamicArrayImEC2Ev
FN:463,472,_ZN12DynamicArrayIiEC2Em
FN:474,488,_ZN12DynamicArrayIiEC2Emm
FN:490,504,_ZN12DynamicArrayINSt7__cxx1112basic_stringIcSt11char_traitsIcESaIcEEEEixEm
FN:490,504,_ZN12DynamicArrayIdEixEm
FN:490,504,_ZN12DynamicArrayIiEixEm
FN:490,504,_ZN12DynamicArrayImEixEm
FN:522,525,_ZNK12DynamicArrayINSt7__cxx1112basic_stringIcSt11char_traitsIcESaIcEEEE8getCountEv
FN:522,525,_ZNK12DynamicArrayIdE8getCountEv
FN:522,525,_ZNK12DynamicArrayIiE8getCountEv
FN:522,525,_ZNK12DynamicArrayImE8getCountEv
FN:527,530,_ZNK12DynamicArrayINSt7__cxx1112basic_stringIcSt11char_traitsIcESaIcEEEE6getCapEv
FN:527,530,_ZNK12DynamicArrayIdE6getCapEv
FN:527,530,_ZNK12DynamicArrayIiE6getCapEv
FN:527,530,_ZNK12DynamicArrayImE6getCapEv
FN:532,535,_ZNK12DynamicArrayIiE15getResizeFactorEv
FN:537,545,_ZN12DynamicArrayINSt7__cxx1112basic_stringIcSt11char_traitsIcESaIcEEEE3addES5_
FN:537,545,_ZN12DynamicArrayIdE3addEd
FN:537,545,_ZN12DynamicArrayIiE3addEi
FN:537,545,_ZN12DynamicArrayImE3addEm
FN:547,572,_ZN12DynamicArrayINSt7__cxx1112basic_stringIcSt11char_traitsIcESaIcEEEE3addES5_m
FN:547,572,_ZN12DynamicArrayIdE3addEdm
FN:547,572,_ZN12DynamicArrayIiE3addEim
FN:547,572,_ZN12DynamicArrayImE3addEmm
FN:56,66,_ZN5ArrayIiEC2ERKS0_
FN:578,592,_ZN12DynamicArrayINSt7__cxx1112basic_stringIcSt11char_traitsIcESaIcEEEE6removeEv
FN:578,592,_ZN12DynamicArrayIdE6removeEv
FN:578,592,_ZN12DynamicArrayIiE6removeEv
FN:578,592,_ZN12DynamicArrayImE6removeEv
FN:601,630,_ZN12DynamicArrayINSt7__cxx1112basic_stringIcSt11char_traitsIcESaIcEEEE6removeEm
FN:601,630,_ZN12DynamicArrayIdE6removeEm
FN:601,630,_ZN12DynamicArrayIiE6removeEm
FN:601,630,_ZN12DynamicArrayImE6removeEm
FN:634,652,_ZN12DynamicArrayIiE7foreachIRZL23CATCH2_INTERNAL_TEST_19vEUlRiE_EEvmOT_
FN:634,652,_ZN12DynamicArrayIiE7foreachIZL23CATCH2_INTERNAL_TEST_19vEUlRiE0_EEvmOT_
FN:634,652,_ZN12DynamicArrayImE7foreachIRZNS0_7toArrayEvEUlRmmE_EEvmOT_
FN:654,657,_ZN12DynamicArrayIiE7foreachIZL23CATCH2_INTERNAL_TEST_19vEUlRiE_EEvOT_
FN:654,657,_ZN12DynamicArrayImE7foreachIZNS0_7toArrayEvEUlRmmE_EEvOT_
FN:659,680,_ZN12DynamicArrayIiE3anyIZL23CATCH2_INTERNAL_TEST_19vEUlRiE5_EEbOT_
FN:659,680,_ZN12DynamicArrayIiE3anyIZL23CATCH2_INTERNAL_TEST_19vEUlRiE8_EEbOT_
FN:682,703,_ZN12DynamicArrayIiE3allIZL23CATCH2_INTERNAL_TEST_19vEUlRiE2_EEbOT_
FN:682,703,_ZN12DynamicArrayIiE3allIZL23CATCH2_INTERNAL_TEST_19vEUlRimE0_EEbOT_
FN:705,710,_ZN12DynamicArrayImE7toArrayEv
FN:708,708,_ZZN12DynamicArrayImE7toArrayEvENKUlRmmE_clES1_m
FN:718,730,_ZNK5ArrayIiE4findERKi
FNDA:3,_ZN5ArrayIcEaSERKS0_
FNDA:4,_ZN5ArrayIiEaSERKS0_
FNDA:0,_ZNK5ArrayIcEcvPcEv
FNDA:1,_ZNK5ArrayIiEcvPiEv
FNDA:4,_ZN5ArrayINSt7__cxx1112basic_stringIcSt11char_traitsIcESaIcEEEED2Ev
FNDA:63,_ZN5ArrayIcED2Ev
FNDA:1,_ZN5ArrayIdED2Ev
FNDA:56,_ZN5ArrayIiED2Ev
FNDA:31,_ZN5ArrayImED2Ev
FNDA:107,_ZN5ArrayINSt7__cxx1112basic_stringIcSt11char_traitsIcESaIcEEEEixEm
FNDA:125,_ZN5ArrayIcEixEm
FNDA:6,_ZN5ArrayIdEixEm
FNDA:138221,_ZN5ArrayIiEixEm
FNDA:51837,_ZN5ArrayImEixEm
FNDA:0,_ZNK5ArrayINSt7__cxx1112basic_stringIcSt11char_traitsIcESaIcEEEEixEm
FNDA:399,_ZNK5ArrayIcEixEm
FNDA:0,_ZNK5ArrayIdEixEm
FNDA:124,_ZNK5ArrayIiEixEm
FNDA:0,_ZNK5ArrayImEixEm
FNDA:17,_ZNK5ArrayINSt7__cxx1112basic_stringIcSt11char_traitsIcESaIcEEEE7getSizeEv
FNDA:16,_ZNK5ArrayIcE7getSizeEv
FNDA:3,_ZNK5ArrayIdE7getSizeEv
FNDA:60078,_ZNK5ArrayIiE7getSizeEv
FNDA:10037,_ZNK5ArrayImE7getSizeEv
FNDA:0,_ZNK5ArrayINSt7__cxx1112basic_stringIcSt11char_traitsIcESaIcEEEE7isEmptyEv
FNDA:0,_ZNK5ArrayIcE7isEmptyEv
FNDA:0,_ZNK5ArrayIdE7isEmptyEv
FNDA:2,_ZNK5ArrayIiE7isEmptyEv
FNDA:1,_ZNK5ArrayImE7isEmptyEv
FNDA:2,_ZN5ArrayIiEC2Ev
FNDA:0,_ZNK5ArrayINSt7__cxx1112basic_stringIcSt11char_traitsIcESaIcEEEEeqERKS6_
FNDA:0,_ZNK5ArrayIcEeqERKS0_
FNDA:0,_ZNK5ArrayIdEeqERKS0_
FNDA:7,_ZNK5ArrayIiEeqERKS0_
FNDA:0,_ZNK5ArrayImEeqERKS0_
FNDA:0,_ZNK5ArrayINSt7__cxx1112basic_stringIcSt11char_traitsIcESaIcEEEEneERKS6_
FNDA:0,_ZNK5ArrayIcEneERKS0_
FNDA:0,_ZNK5ArrayIdEneERKS0_
FNDA:3,_ZNK5ArrayIiEneERKS0_
FNDA:0,_ZNK5ArrayImEneERKS0_
FNDA:1,_ZN5ArrayIiE7foreachIZL23CATCH2_INTERNAL_TEST_29vEUlRiE_EEvOKT_
FNDA:4,_ZN5ArrayINSt7__cxx1112basic_stringIcSt11char_traitsIcESaIcEEEEC2Em
FNDA:13,_ZN5ArrayIcEC2Em
FNDA:1,_ZN5ArrayIdEC2Em
FNDA:48,_ZN5ArrayIiEC2Em
FNDA:31,_ZN5ArrayImEC2Em
FNDA:1,_ZN5ArrayIiE3allIZL23CATCH2_INTERNAL_TEST_29vEUlRiE10_EEbOKT_
FNDA:1,_ZN5ArrayIiE3allIZL23CATCH2_INTERNAL_TEST_29vEUlRiE7_EEbOKT_
FNDA:1,_ZN5ArrayIiE3anyIZL23CATCH2_INTERNAL_TEST_29vEUlRiE1_EEbOKT_
FNDA:1,_ZN5ArrayIiE3anyIZL23CATCH2_INTERNAL_TEST_29vEUlRiE4_EEbOKT_
FNDA:50,_ZN5ArrayIcEC2EPKcm
FNDA:3,_ZN5ArrayIiEC2EPKim
FNDA:4,_ZN14ResizableArrayINSt7__cxx1112basic_stringIcSt11char_traitsIcESaIcEEEEC2Em
FNDA:13,_ZN14ResizableArrayIcEC2Em
FNDA:1,_ZN14ResizableArrayIdEC2Em
FNDA:24,_ZN14ResizableArrayIiEC2Em
FNDA:17,_ZN14ResizableArrayImEC2Em
FNDA:50,_ZN14ResizableArrayIcEC2EPKcm
FNDA:4,_ZN14ResizableArrayINSt7__cxx1112basic_stringIcSt11char_traitsIcESaIcEEEE6resizeEm
FNDA:1,_ZN14ResizableArrayIdE6resizeEm
FNDA:83,_ZN14ResizableArrayIiE6resizeEm
FNDA:16,_ZN14ResizableArrayImE6resizeEm
FNDA:0,_ZN14ResizableArrayINSt7__cxx1112basic_stringIcSt11char_traitsIcESaIcEEEE11resizeForceEm
FNDA:0,_ZN14ResizableArrayIdE11resizeForceEm
FNDA:4,_ZN14ResizableArrayIiE11resizeForceEm
FNDA:0,_ZN14ResizableArrayImE11resizeForceEm
FNDA:4,_ZN12DynamicArrayINSt7__cxx1112basic_stringIcSt11char_traitsIcESaIcEEEEC2Ev
FNDA:1,_ZN12DynamicArrayIdEC2Ev
FNDA:11,_ZN12DynamicArrayIiEC2Ev
FNDA:17,_ZN12DynamicArrayImEC2Ev
FNDA:6,_ZN12DynamicArrayIiEC2Em
FNDA:1,_ZN12DynamicArrayIiEC2Emm
FNDA:84,_ZN12DynamicArrayINSt7__cxx1112basic_stringIcSt11char_traitsIcESaIcEEEEixEm
FNDA:3,_ZN12DynamicArrayIdEixEm
FNDA:78018,_ZN12DynamicArrayIiEixEm
FNDA:10019,_ZN12DynamicArrayImEixEm
FNDA:89,_ZNK12DynamicArrayINSt7__cxx1112basic_stringIcSt11char_traitsIcESaIcEEEE8getCountEv
FNDA:0,_ZNK12DynamicArrayIdE8getCountEv
FNDA:58012,_ZNK12DynamicArrayIiE8getCountEv
FNDA:70,_ZNK12DynamicArrayImE8getCountEv
FNDA:17,_ZNK12DynamicArrayINSt7__cxx1112basic_stringIcSt11char_traitsIcESaIcEEEE6getCapEv
FNDA:3,_ZNK12DynamicArrayIdE6getCapEv
FNDA:60043,_ZNK12DynamicArrayIiE6getCapEv
FNDA:10031,_ZNK12DynamicArrayImE6getCapEv
FNDA:1,_ZNK12DynamicArrayIiE15getResizeFactorEv
FNDA:15,_ZN12DynamicArrayINSt7__cxx1112basic_stringIcSt11char_traitsIcESaIcEEEE3addES5_
FNDA:3,_ZN12DynamicArrayIdE3addEd
FNDA:60029,_ZN12DynamicArrayIiE3addEi
FNDA:10028,_ZN12DynamicArrayImE3addEm
FNDA:0,_ZN12DynamicArrayINSt7__cxx1112basic_stringIcSt11char_traitsIcESaIcEEEE3addES5_m
FNDA:0,_ZN12DynamicArrayIdE3addEdm
FNDA:0,_ZN12DynamicArrayIiE3addEim
FNDA:1,_ZN12DynamicArrayImE3addEmm
FNDA:4,_ZN5ArrayIiEC2ERKS0_
FNDA:0,_ZN12DynamicArrayINSt7__cxx1112basic_stringIcSt11char_traitsIcESaIcEEEE6removeEv
FNDA:0,_ZN12DynamicArrayIdE6removeEv
FNDA:7,_ZN12DynamicArrayIiE6removeEv
FNDA:0,_ZN12DynamicArrayImE6removeEv
FNDA:2,_ZN12DynamicArrayINSt7__cxx1112basic_stringIcSt11char_traitsIcESaIcEEEE6removeEm
FNDA:0,_ZN12DynamicArrayIdE6removeEm
FNDA:2,_ZN12DynamicArrayIiE6removeEm
FNDA:0,_ZN12DynamicArrayImE6removeEm
FNDA:1,_ZN12DynamicArrayIiE7foreachIRZL23CATCH2_INTERNAL_TEST_19vEUlRiE_EEvmOT_
FNDA:1,_ZN12DynamicArrayIiE7foreachIZL23CATCH2_INTERNAL_TEST_19vEUlRiE0_EEvmOT_
FNDA:14,_ZN12DynamicArrayImE7foreachIRZNS0_7toArrayEvEUlRmmE_EEvmOT_
FNDA:1,_ZN12DynamicArrayIiE7foreachIZL23CATCH2_INTERNAL_TEST_19vEUlRiE_EEvOT_
FNDA:14,_ZN12DynamicArrayImE7foreachIZNS0_7toArrayEvEUlRmmE_EEvOT_
FNDA:1,_ZN12DynamicArrayIiE3anyIZL23CATCH2_INTERNAL_TEST_19vEUlRiE5_EEbOT_
FNDA:1,_ZN12DynamicArrayIiE3anyIZL23CATCH2_INTERNAL_TEST_19vEUlRiE8_EEbOT_
FNDA:1,_ZN12DynamicArrayIiE3allIZL23CATCH2_INTERNAL_TEST_19vEUlRiE2_EEbOT_
FNDA:1,_ZN12DynamicArrayIiE3allIZL23CATCH2_INTERNAL_TEST_19vEUlRimE0_EEbOT_
FNDA:14,_ZN12DynamicArrayImE7toArrayEv
FNDA:16,_ZZN12DynamicArrayImE7toArrayEvENKUlRmmE_clES1_m
FNDA:14,_ZNK5ArrayIiE4findERKi
FNF:114
FNH:87
DA:20,2
DA:21,2
DA:22,2
DA:23,2
DA:25,97
DA:26,97
DA:27,97
DA:29,1
DA:32,649
DA:33,96
DA:34,96
DA:36,53
DA:37,53
DA:38,53
DA:40,0
DA:43,53
DA:45,0
DA:48,663
DA:49,663
DA:51,610
DA:53,53
DA:54,53
DA:56,4
DA:57,4
DA:58,24
DA:60,24
DA:62,20
DA:65,4
DA:66,4
DA:100,7
DA:102,7
DA:104,7
DA:106,36
DA:107,36
DA:109,29
DA:112,7
DA:113,7
DA:116,7
DA:119,1
DA:121,1
DA:124,155
DA:126,171
DA:127,155
DA:129,190296
DA:136,190296
DA:138,190293
DA:142,3
DA:146,523
DA:153,523
DA:155,523
DA:159,0
DA:163,70151
DA:165,70151
DA:168,3
DA:170,3
DA:217,7
DA:219,7
DA:220,0
DA:222,31
DA:223,27
DA:224,3
DA:226,4
DA:229,3
DA:231,3
DA:234,1
DA:236,6
DA:240,5
DA:252,1
DA:274,2
DA:276,11
DA:280,10
DA:281,1
DA:294,1
DA:321,2
DA:323,11
DA:327,10
DA:328,1
DA:341,1
DA:372,59
DA:374,50
DA:384,104
DA:386,104
DA:388,1
DA:391,103
DA:393,229511
DA:394,114806
DA:396,114705
DA:398,109
DA:399,101
DA:401,101
DA:403,2
DA:405,1
DA:409,1
DA:422,4
DA:424,4
DA:426,0
DA:429,4
DA:431,0
DA:435,11
DA:436,11
DA:438,7
DA:440,4
DA:442,4
DA:443,4
DA:457,33
DA:459,33
DA:460,33
DA:461,33
DA:463,6
DA:465,6
DA:467,0
DA:470,6
DA:471,6
DA:472,6
DA:474,1
DA:476,1
DA:478,0
DA:481,1
DA:483,0
DA:486,1
DA:487,1
DA:488,1
DA:490,88124
DA:492,88124
DA:494,0
DA:497,88124
DA:499,3
DA:503,88121
DA:522,58171
DA:524,58171
DA:527,70094
DA:529,70094
DA:532,1
DA:534,1
DA:537,70075
DA:539,70075
DA:541,100
DA:544,70075
DA:545,70075
DA:547,1
DA:549,1
DA:551,0
DA:554,1
DA:556,0
DA:560,1
DA:562,0
DA:565,15884
DA:567,15883
DA:570,1
DA:571,1
DA:572,1
DA:578,7
DA:580,7
DA:582,6
DA:583,6
DA:585,2
DA:590,1
DA:592,6
DA:601,4
DA:603,4
DA:605,0
DA:608,4
DA:610,1
DA:613,3
DA:615,0
DA:619,3
DA:621,9
DA:623,6
DA:626,3
DA:628,0
DA:630,3
DA:634,16
DA:636,16
DA:637,1
DA:639,15
DA:640,0
DA:642,18031
DA:645,18000
DA:647,16
DA:654,15
DA:656,15
DA:657,15
DA:659,2
DA:661,20001
DA:665,20000
DA:666,1
DA:679,1
DA:682,2
DA:684,20001
DA:688,10000
DA:689,1
DA:693,10000
DA:694,0
DA:702,1
DA:705,14
DA:707,14
DA:708,30
DA:709,14
DA:710,0
DA:718,14
DA:720,14
DA:721,84
DA:723,70
DA:725,16
DA:729,28
DA:730,14
LF:206
LH:187
end_of_record
TN:
SF:/home/runner/work/CppUtil/CppUtil/Async/src/Async.hpp
FN:102,106,_ZN7CppUtil6FutureIiE8setThrowENSt15__exception_ptr13exception_ptrE
FN:115,115,_ZN7CppUtil6FutureIvEC2Ev
FN:117,120,_ZN7CppUtil6FutureIvE9asPromiseEv
FN:122,126,_ZN7CppUtil6FutureIvE6finishEv
FN:128,132,_ZN7CppUtil6FutureIvE8setThrowENSt15__exception_ptr13exception_ptrE
FN:138,158,_ZN7CppUtil5Async6_asyncIiPFiiiEJSt5tupleIJiiEEEEEvNS_6FutureIT_EET0_DpT1_
FN:138,158,_ZN7CppUtil5Async6_asyncIiZL22CATCH2_INTERNAL_TEST_0vEUlvE1_JSt5tupleIJEEEEEvNS_6FutureIT_EET0_DpT1_
FN:138,158,_ZN7CppUtil5Async6_asyncIiZZL22CATCH2_INTERNAL_TEST_0vENKUlvE0_clEvEUlvE_JSt5tupleIJEEEEEvNS_6FutureIT_EET0_DpT1_
FN:138,158,_ZN7CppUtil5Async6_asyncIiZZL22CATCH2_INTERNAL_TEST_0vENKUlvE_clEvEUlvE_JSt5tupleIJEEEEEvNS_6FutureIT_EET0_DpT1_
FN:138,158,_ZN7CppUtil5Async6_asyncIvPFviEJSt5tupleIJiEEEEEvNS_6FutureIT_EET0_DpT1_
FN:161,178,_ZN7CppUtil5Async5asyncIiRFiiiEJRiS4_EEENS_7PromiseIT_EEOT0_DpOT1_
FN:161,178,_ZN7CppUtil5Async5asyncIiZL22CATCH2_INTERNAL_TEST_0vEUlvE1_JEEENS_7PromiseIT_EEOT0_DpOT1_
FN:161,178,_ZN7CppUtil5Async5asyncIiZZL22CATCH2_INTERNAL_TEST_0vENKUlvE0_clEvEUlvE_JEEENS_7PromiseIT_EEOT0_DpOT1_
FN:161,178,_ZN7CppUtil5Async5asyncIiZZL22CATCH2_INTERNAL_TEST_0vENKUlvE_clEvEUlvE_JEEENS_7PromiseIT_EEOT0_DpOT1_
FN:161,178,_ZN7CppUtil5Async5asyncIvRFviEJRiEEENS_7PromiseIT_EEOT0_DpOT1_
FN:174,174,_ZZN7CppUtil5Async5asyncIiRFiiiEJRiS4_EEENS_7PromiseIT_EEOT0_DpOT1_ENUlvE_clEv
FN:174,174,_ZZN7CppUtil5Async5asyncIiZL22CATCH2_INTERNAL_TEST_0vEUlvE1_JEEENS_7PromiseIT_EEOT0_DpOT1_ENUlvE_clEv
FN:174,174,_ZZN7CppUtil5Async5asyncIiZZL22CATCH2_INTERNAL_TEST_0vENKUlvE0_clEvEUlvE_JEEENS_7PromiseIT_EEOT0_DpOT1_ENUlvE_clEv
FN:174,174,_ZZN7CppUtil5Async5asyncIiZZL22CATCH2_INTERNAL_TEST_0vENKUlvE_clEvEUlvE_JEEENS_7PromiseIT_EEOT0_DpOT1_ENUlvE_clEv
FN:174,174,_ZZN7CppUtil5Async5asyncIvRFviEJRiEEENS_7PromiseIT_EEOT0_DpOT1_ENUlvE_clEv
FN:31,31,_ZN7CppUtil7PromiseIiEC2ESt10shared_ptrINS_10AsyncStateEES2_IiE
FN:33,36,_ZN7CppUtil7PromiseIiE10isFinishedEv
FN:38,45,_ZN7CppUtil7PromiseIiE3getEv
FN:41,41,_ZZN7CppUtil7PromiseIiE3getEvENKUlvE_clEv
FN:59,59,_ZN7CppUtil7PromiseIvEC2ESt10shared_ptrINS_10AsyncStateEE
FN:66,73,_ZN7CppUtil7PromiseIvE3getEv
FN:69,69,_ZZN7CppUtil7PromiseIvE3getEvENKUlvE_clEv
FN:84,84,_ZN7CppUtil6FutureIiEC2Ev
FN:86,89,_ZN7CppUtil6FutureIiE9asPromiseEv
FN:91,94,_ZN7CppUtil6FutureIiE8setValueEi
FN:96,100,_ZN7CppUtil6FutureIiE6finishEv
FNDA:1,_ZN7CppUtil6FutureIiE8setThrowENSt15__exception_ptr13exception_ptrE
FNDA:1,_ZN7CppUtil6FutureIvEC2Ev
FNDA:1,_ZN7CppUtil6FutureIvE9asPromiseEv
FNDA:1,_ZN7CppUtil6FutureIvE6finishEv
FNDA:0,_ZN7CppUtil6FutureIvE8setThrowENSt15__exception_ptr13exception_ptrE
FNDA:2,_ZN7CppUtil5Async6_asyncIiPFiiiEJSt5tupleIJiiEEEEEvNS_6FutureIT_EET0_DpT1_
FNDA:1,_ZN7CppUtil5Async6_asyncIiZL22CATCH2_INTERNAL_TEST_0vEUlvE1_JSt5tupleIJEEEEEvNS_6FutureIT_EET0_DpT1_
FNDA:1,_ZN7CppUtil5Async6_asyncIiZZL22CATCH2_INTERNAL_TEST_0vENKUlvE0_clEvEUlvE_JSt5tupleIJEEEEEvNS_6FutureIT_EET0_DpT1_
FNDA:1,_ZN7CppUtil5Async6_asyncIiZZL22CATCH2_INTERNAL_TEST_0vENKUlvE_clEvEUlvE_JSt5tupleIJEEEEEvNS_6FutureIT_EET0_DpT1_
FNDA:1,_ZN7CppUtil5Async6_asyncIvPFviEJSt5tupleIJiEEEEEvNS_6FutureIT_EET0_DpT1_
FNDA:2,_ZN7CppUtil5Async5asyncIiRFiiiEJRiS4_EEENS_7PromiseIT_EEOT0_DpOT1_
FNDA:1,_ZN7CppUtil5Async5asyncIiZL22CATCH2_INTERNAL_TEST_0vEUlvE1_JEEENS_7PromiseIT_EEOT0_DpOT1_
FNDA:1,_ZN7CppUtil5Async5asyncIiZZL22CATCH2_INTERNAL_TEST_0vENKUlvE0_clEvEUlvE_JEEENS_7PromiseIT_EEOT0_DpOT1_
FNDA:1,_ZN7CppUtil5Async5asyncIiZZL22CATCH2_INTERNAL_TEST_0vENKUlvE_clEvEUlvE_JEEENS_7PromiseIT_EEOT0_DpOT1_
FNDA:1,_ZN7CppUtil5Async5asyncIvRFviEJRiEEENS_7PromiseIT_EEOT0_DpOT1_
FNDA:2,_ZZN7CppUtil5Async5asyncIiRFiiiEJRiS4_EEENS_7PromiseIT_EEOT0_DpOT1_ENUlvE_clEv
FNDA:1,_ZZN7CppUtil5Async5asyncIiZL22CATCH2_INTERNAL_TEST_0vEUlvE1_JEEENS_7PromiseIT_EEOT0_DpOT1_ENUlvE_clEv
FNDA:1,_ZZN7CppUtil5Async5asyncIiZZL22CATCH2_INTERNAL_TEST_0vENKUlvE0_clEvEUlvE_JEEENS_7PromiseIT_EEOT0_DpOT1_ENUlvE_clEv
FNDA:1,_ZZN7CppUtil5Async5asyncIiZZL22CATCH2_INTERNAL_TEST_0vENKUlvE_clEvEUlvE_JEEENS_7PromiseIT_EEOT0_DpOT1_ENUlvE_clEv
FNDA:1,_ZZN7CppUtil5Async5asyncIvRFviEJRiEEENS_7PromiseIT_EEOT0_DpOT1_ENUlvE_clEv
FNDA:5,_ZN7CppUtil7PromiseIiEC2ESt10shared_ptrINS_10AsyncStateEES2_IiE
FNDA:6,_ZN7CppUtil7PromiseIiE10isFinishedEv
FNDA:5,_ZN7CppUtil7PromiseIiE3getEv
FNDA:8,_ZZN7CppUtil7PromiseIiE3getEvENKUlvE_clEv
FNDA:1,_ZN7CppUtil7PromiseIvEC2ESt10shared_ptrINS_10AsyncStateEE
FNDA:1,_ZN7CppUtil7PromiseIvE3getEv
FNDA:2,_ZZN7CppUtil7PromiseIvE3getEvENKUlvE_clEv
FNDA:5,_ZN7CppUtil6FutureIiEC2Ev
FNDA:5,_ZN7CppUtil6FutureIiE9asPromiseEv
FNDA:4,_ZN7CppUtil6FutureIiE8setValueEi
FNDA:5,_ZN7CppUtil6FutureIiE6finishEv
FNF:31
FNH:30
DA:31,5
DA:33,6
DA:35,6
DA:38,5
DA:40,5
DA:41,13
DA:42,5
DA:43,2
DA:44,8
DA:45,5
DA:59,1
DA:66,1
DA:68,1
DA:69,3
DA:70,1
DA:71,0
DA:72,2
DA:73,1
DA:84,5
DA:86,5
DA:88,5
DA:91,4
DA:93,4
DA:94,4
DA:96,5
DA:98,5
DA:99,5
DA:100,5
DA:102,1
DA:104,1
DA:105,1
DA:106,1
DA:115,1
DA:117,1
DA:119,1
DA:122,1
DA:124,1
DA:125,1
DA:126,1
DA:128,0
DA:130,0
DA:131,0
DA:132,0
DA:138,6
DA:145,1
DA:149,5
DA:150,4
DA:153,1
DA:155,1
DA:157,6
DA:158,6
DA:161,6
DA:166,6
DA:171,6
DA:172,3
DA:174,24
DA:175,6
DA:176,6
DA:177,12
DA:178,6
LF:60
LH:55
end_of_record
TN:
SF:/home/runner/work/CppUtil/CppUtil/Exception/src/Exception.hpp
FN:8,8,_ZN9not_foundC2ENSt7__cxx1112basic_stringIcSt11char_traitsIcESaIcEEE
FNDA:6,_ZN9not_foundC2ENSt7__cxx1112basic_stringIcSt11char_traitsIcESaIcEEE
FNF:1
FNH:1
DA:8,6
LF:1
LH:1
end_of_record
TN:
SF:/home/runner/work/CppUtil/CppUtil/Map/src/Map.hpp
FN:19,19,_ZN3MapINSt7__cxx1112basic_stringIcSt11char_traitsIcESaIcEEES5_EC2Ev
FN:19,19,_ZN3MapINSt7__cxx1112basic_stringIcSt11char_traitsIcESaIcEEEiEC2Ev
FN:21,28,_ZN3MapINSt7__cxx1112basic_stringIcSt11char_traitsIcESaIcEEEdEC2ESt16initializer_listISt4pairIKS5_dEE
FN:35,48,_ZN3MapINSt7__cxx1112basic_stringIcSt11char_traitsIcESaIcEEES5_EixERKS5_
FN:35,48,_ZN3MapINSt7__cxx1112basic_stringIcSt11char_traitsIcESaIcEEEdEixERKS5_
FN:35,48,_ZN3MapINSt7__cxx1112basic_stringIcSt11char_traitsIcESaIcEEEiEixERKS5_
FN:55,65,_ZN3MapINSt7__cxx1112basic_stringIcSt11char_traitsIcESaIcEEES5_E10tryGetItemERKS5_
FN:72,83,_ZN3MapINSt7__cxx1112basic_stringIcSt11char_traitsIcESaIcEEES5_E10trySetItemERKS5_S8_
FN:90,102,_ZN3MapINSt7__cxx1112basic_stringIcSt11char_traitsIcESaIcEEES5_E13tryRemoveItemERKS5_
FNDA:1,_ZN3MapINSt7__cxx1112basic_stringIcSt11char_traitsIcESaIcEEES5_EC2Ev
FNDA:1,_ZN3MapINSt7__cxx1112basic_stringIcSt11char_traitsIcESaIcEEEiEC2Ev
FNDA:1,_ZN3MapINSt7__cxx1112basic_stringIcSt11char_traitsIcESaIcEEEdEC2ESt16initializer_listISt4pairIKS5_dEE
FNDA:4,_ZN3MapINSt7__cxx1112basic_stringIcSt11char_traitsIcESaIcEEES5_EixERKS5_
FNDA:3,_ZN3MapINSt7__cxx1112basic_stringIcSt11char_traitsIcESaIcEEEdEixERKS5_
FNDA:9,_ZN3MapINSt7__cxx1112basic_stringIcSt11char_traitsIcESaIcEEEiEixERKS5_
FNDA:11,_ZN3MapINSt7__cxx1112basic_stringIcSt11char_traitsIcESaIcEEES5_E10tryGetItemERKS5_
FNDA:3,_ZN3MapINSt7__cxx1112basic_stringIcSt11char_traitsIcESaIcEEES5_E10trySetItemERKS5_S8_
FNDA:2,_ZN3MapINSt7__cxx1112basic_stringIcSt11char_traitsIcESaIcEEES5_E13tryRemoveItemERKS5_
FNF:9
FNH:9
DA:19,2
DA:21,1
DA:22,1
DA:23,4
DA:25,3
DA:26,3
DA:28,1
DA:35,16
DA:37,38
DA:39,30
DA:41,8
DA:45,8
DA:46,8
DA:47,8
DA:55,11
DA:57,31
DA:59,28
DA:61,8
DA:64,3
DA:72,3
DA:74,10
DA:76,8
DA:78,1
DA:79,1
DA:82,2
DA:90,2
DA:92,6
DA:94,5
DA:96,1
DA:97,1
DA:98,1
DA:101,1
LF:32
LH:32
end_of_record
TN:
SF:/home/runner/work/CppUtil/CppUtil/String/src/String.hpp
FN:118,138,_ZN6String6insertES_m
FN:17,17,_ZN6StringC2Em
FN:20,20,_ZN6StringC2Ev
FN:22,22,_ZN6StringC2EPKc
FN:24,24,_ZN6StringC2ENSt7__cxx1112basic_stringIcSt11char_traitsIcESaIcEEE
FN:26,39,_ZNK6StringplERKS_
FN:46,56,_ZNK6StringeqERKS_
FN:58,61,_ZNK6StringneERKS_
FN:63,74,_ZNK6StringeqEPKc
FN:81,84,_ZNK6String6lengthEv
FN:87,116,_ZN6String6removeEmm
FNDA:2,_ZN6String6insertES_m
FNDA:9,_ZN6StringC2Em
FNDA:4,_ZN6StringC2Ev
FNDA:49,_ZN6StringC2EPKc
FNDA:1,_ZN6StringC2ENSt7__cxx1112basic_stringIcSt11char_traitsIcESaIcEEE
FNDA:9,_ZNK6StringplERKS_
FNDA:16,_ZNK6StringeqERKS_
FNDA:9,_ZNK6StringneERKS_
FNDA:15,_ZNK6StringeqEPKc
FNDA:7,_ZNK6String6lengthEv
FNDA:2,_ZN6String6removeEmm
FNF:11
FNH:11
DA:17,9
DA:20,4
DA:22,49
DA:24,1
DA:26,9
DA:28,9
DA:29,61
DA:31,52
DA:33,45
DA:35,36
DA:37,9
DA:38,9
DA:39,0
DA:46,16
DA:48,16
DA:49,2
DA:50,103
DA:52,90
DA:53,1
DA:55,13
DA:58,9
DA:60,9
DA:63,15
DA:65,15
DA:66,0
DA:68,146
DA:70,131
DA:71,0
DA:73,15
DA:81,7
DA:83,7
DA:87,2
DA:89,2
DA:90,0
DA:92,2
DA:93,0
DA:95,2
DA:96,0
DA:101,2
DA:102,2
DA:103,20
DA:105,18
DA:107,8
DA:108,8
DA:111,10
DA:113,2
DA:114,2
DA:115,2
DA:118,2
DA:120,2
DA:121,2
DA:122,2
DA:124,16
DA:126,18
DA:128,4
DA:129,4
DA:132,14
DA:135,2
DA:136,2
DA:137,2
DA:138,2
LF:61
LH:55
end_of_record
